{"C:\\Users\\Favour Afolayan\\repositories\\github\\questioner\\tests\\meetups.spec.js":{"path":"C:\\Users\\Favour Afolayan\\repositories\\github\\questioner\\tests\\meetups.spec.js","statementMap":{"0":{"start":{"line":3,"column":14},"end":{"line":3,"column":31}},"1":{"start":{"line":5,"column":15},"end":{"line":5,"column":46}},"2":{"start":{"line":7,"column":17},"end":{"line":7,"column":37}},"3":{"start":{"line":9,"column":18},"end":{"line":9,"column":52}},"4":{"start":{"line":11,"column":14},"end":{"line":11,"column":31}},"5":{"start":{"line":13,"column":15},"end":{"line":13,"column":46}},"6":{"start":{"line":15,"column":11},"end":{"line":15,"column":28}},"7":{"start":{"line":17,"column":12},"end":{"line":17,"column":40}},"8":{"start":{"line":19,"column":39},"end":{"line":19,"column":93}},"9":{"start":{"line":21,"column":17},"end":{"line":21,"column":34}},"10":{"start":{"line":24,"column":0},"end":{"line":155,"column":3}},"11":{"start":{"line":26,"column":2},"end":{"line":35,"column":5}},"12":{"start":{"line":27,"column":4},"end":{"line":34,"column":7}},"13":{"start":{"line":28,"column":6},"end":{"line":31,"column":9}},"14":{"start":{"line":29,"column":8},"end":{"line":29,"column":57}},"15":{"start":{"line":30,"column":8},"end":{"line":30,"column":68}},"16":{"start":{"line":33,"column":6},"end":{"line":33,"column":58}},"17":{"start":{"line":38,"column":2},"end":{"line":45,"column":5}},"18":{"start":{"line":39,"column":4},"end":{"line":44,"column":7}},"19":{"start":{"line":40,"column":6},"end":{"line":40,"column":55}},"20":{"start":{"line":41,"column":6},"end":{"line":41,"column":79}},"21":{"start":{"line":43,"column":6},"end":{"line":43,"column":58}},"22":{"start":{"line":48,"column":2},"end":{"line":55,"column":5}},"23":{"start":{"line":49,"column":4},"end":{"line":54,"column":7}},"24":{"start":{"line":50,"column":6},"end":{"line":50,"column":55}},"25":{"start":{"line":51,"column":6},"end":{"line":51,"column":59}},"26":{"start":{"line":53,"column":6},"end":{"line":53,"column":58}},"27":{"start":{"line":58,"column":2},"end":{"line":70,"column":5}},"28":{"start":{"line":59,"column":18},"end":{"line":65,"column":5}},"29":{"start":{"line":66,"column":4},"end":{"line":69,"column":7}},"30":{"start":{"line":67,"column":6},"end":{"line":67,"column":55}},"31":{"start":{"line":68,"column":6},"end":{"line":68,"column":78}},"32":{"start":{"line":72,"column":2},"end":{"line":76,"column":5}},"33":{"start":{"line":73,"column":4},"end":{"line":75,"column":7}},"34":{"start":{"line":74,"column":6},"end":{"line":74,"column":55}},"35":{"start":{"line":79,"column":2},"end":{"line":90,"column":5}},"36":{"start":{"line":80,"column":4},"end":{"line":89,"column":7}},"37":{"start":{"line":81,"column":6},"end":{"line":86,"column":9}},"38":{"start":{"line":82,"column":8},"end":{"line":82,"column":80}},"39":{"start":{"line":83,"column":8},"end":{"line":83,"column":57}},"40":{"start":{"line":85,"column":8},"end":{"line":85,"column":60}},"41":{"start":{"line":88,"column":6},"end":{"line":88,"column":58}},"42":{"start":{"line":92,"column":2},"end":{"line":108,"column":5}},"43":{"start":{"line":93,"column":4},"end":{"line":107,"column":7}},"44":{"start":{"line":94,"column":20},"end":{"line":100,"column":7}},"45":{"start":{"line":101,"column":6},"end":{"line":101,"column":83}},"46":{"start":{"line":102,"column":6},"end":{"line":106,"column":9}},"47":{"start":{"line":103,"column":8},"end":{"line":103,"column":57}},"48":{"start":{"line":104,"column":8},"end":{"line":104,"column":77}},"49":{"start":{"line":105,"column":8},"end":{"line":105,"column":76}},"50":{"start":{"line":110,"column":2},"end":{"line":123,"column":5}},"51":{"start":{"line":111,"column":4},"end":{"line":122,"column":7}},"52":{"start":{"line":112,"column":20},"end":{"line":118,"column":7}},"53":{"start":{"line":119,"column":6},"end":{"line":121,"column":9}},"54":{"start":{"line":120,"column":8},"end":{"line":120,"column":57}},"55":{"start":{"line":125,"column":2},"end":{"line":139,"column":5}},"56":{"start":{"line":126,"column":4},"end":{"line":138,"column":7}},"57":{"start":{"line":127,"column":20},"end":{"line":133,"column":7}},"58":{"start":{"line":134,"column":6},"end":{"line":134,"column":83}},"59":{"start":{"line":135,"column":6},"end":{"line":137,"column":9}},"60":{"start":{"line":136,"column":8},"end":{"line":136,"column":57}},"61":{"start":{"line":141,"column":2},"end":{"line":147,"column":5}},"62":{"start":{"line":142,"column":4},"end":{"line":146,"column":7}},"63":{"start":{"line":143,"column":6},"end":{"line":145,"column":9}},"64":{"start":{"line":144,"column":8},"end":{"line":144,"column":57}},"65":{"start":{"line":149,"column":2},"end":{"line":154,"column":5}},"66":{"start":{"line":150,"column":4},"end":{"line":153,"column":7}},"67":{"start":{"line":151,"column":6},"end":{"line":151,"column":55}},"68":{"start":{"line":152,"column":6},"end":{"line":152,"column":117}}},"fnMap":{"0":{"name":"_interopRequireDefault","decl":{"start":{"line":19,"column":9},"end":{"line":19,"column":31}},"loc":{"start":{"line":19,"column":37},"end":{"line":19,"column":95}},"line":19},"1":{"name":"(anonymous_1)","decl":{"start":{"line":24,"column":20},"end":{"line":24,"column":21}},"loc":{"start":{"line":24,"column":32},"end":{"line":155,"column":1}},"line":24},"2":{"name":"(anonymous_2)","decl":{"start":{"line":26,"column":36},"end":{"line":26,"column":37}},"loc":{"start":{"line":26,"column":48},"end":{"line":35,"column":3}},"line":26},"3":{"name":"(anonymous_3)","decl":{"start":{"line":27,"column":80},"end":{"line":27,"column":81}},"loc":{"start":{"line":27,"column":92},"end":{"line":32,"column":5}},"line":27},"4":{"name":"(anonymous_4)","decl":{"start":{"line":28,"column":67},"end":{"line":28,"column":68}},"loc":{"start":{"line":28,"column":87},"end":{"line":31,"column":7}},"line":28},"5":{"name":"(anonymous_5)","decl":{"start":{"line":32,"column":13},"end":{"line":32,"column":14}},"loc":{"start":{"line":32,"column":30},"end":{"line":34,"column":5}},"line":32},"6":{"name":"(anonymous_6)","decl":{"start":{"line":38,"column":55},"end":{"line":38,"column":56}},"loc":{"start":{"line":38,"column":67},"end":{"line":45,"column":3}},"line":38},"7":{"name":"(anonymous_7)","decl":{"start":{"line":39,"column":74},"end":{"line":39,"column":75}},"loc":{"start":{"line":39,"column":94},"end":{"line":42,"column":5}},"line":39},"8":{"name":"(anonymous_8)","decl":{"start":{"line":42,"column":13},"end":{"line":42,"column":14}},"loc":{"start":{"line":42,"column":30},"end":{"line":44,"column":5}},"line":42},"9":{"name":"(anonymous_9)","decl":{"start":{"line":48,"column":37},"end":{"line":48,"column":38}},"loc":{"start":{"line":48,"column":49},"end":{"line":55,"column":3}},"line":48},"10":{"name":"(anonymous_10)","decl":{"start":{"line":49,"column":72},"end":{"line":49,"column":73}},"loc":{"start":{"line":49,"column":92},"end":{"line":52,"column":5}},"line":49},"11":{"name":"(anonymous_11)","decl":{"start":{"line":52,"column":13},"end":{"line":52,"column":14}},"loc":{"start":{"line":52,"column":30},"end":{"line":54,"column":5}},"line":52},"12":{"name":"(anonymous_12)","decl":{"start":{"line":58,"column":39},"end":{"line":58,"column":40}},"loc":{"start":{"line":58,"column":51},"end":{"line":70,"column":3}},"line":58},"13":{"name":"(anonymous_13)","decl":{"start":{"line":66,"column":80},"end":{"line":66,"column":81}},"loc":{"start":{"line":66,"column":100},"end":{"line":69,"column":5}},"line":66},"14":{"name":"(anonymous_14)","decl":{"start":{"line":72,"column":91},"end":{"line":72,"column":92}},"loc":{"start":{"line":72,"column":103},"end":{"line":76,"column":3}},"line":72},"15":{"name":"(anonymous_15)","decl":{"start":{"line":73,"column":66},"end":{"line":73,"column":67}},"loc":{"start":{"line":73,"column":86},"end":{"line":75,"column":5}},"line":73},"16":{"name":"(anonymous_16)","decl":{"start":{"line":79,"column":65},"end":{"line":79,"column":66}},"loc":{"start":{"line":79,"column":77},"end":{"line":90,"column":3}},"line":79},"17":{"name":"(anonymous_17)","decl":{"start":{"line":80,"column":80},"end":{"line":80,"column":81}},"loc":{"start":{"line":80,"column":92},"end":{"line":87,"column":5}},"line":80},"18":{"name":"(anonymous_18)","decl":{"start":{"line":81,"column":67},"end":{"line":81,"column":68}},"loc":{"start":{"line":81,"column":87},"end":{"line":84,"column":7}},"line":81},"19":{"name":"(anonymous_19)","decl":{"start":{"line":84,"column":15},"end":{"line":84,"column":16}},"loc":{"start":{"line":84,"column":32},"end":{"line":86,"column":7}},"line":84},"20":{"name":"(anonymous_20)","decl":{"start":{"line":87,"column":13},"end":{"line":87,"column":14}},"loc":{"start":{"line":87,"column":30},"end":{"line":89,"column":5}},"line":87},"21":{"name":"(anonymous_21)","decl":{"start":{"line":92,"column":68},"end":{"line":92,"column":69}},"loc":{"start":{"line":92,"column":80},"end":{"line":108,"column":3}},"line":92},"22":{"name":"(anonymous_22)","decl":{"start":{"line":93,"column":72},"end":{"line":93,"column":73}},"loc":{"start":{"line":93,"column":92},"end":{"line":107,"column":5}},"line":93},"23":{"name":"(anonymous_23)","decl":{"start":{"line":102,"column":90},"end":{"line":102,"column":91}},"loc":{"start":{"line":102,"column":110},"end":{"line":106,"column":7}},"line":102},"24":{"name":"(anonymous_24)","decl":{"start":{"line":110,"column":78},"end":{"line":110,"column":79}},"loc":{"start":{"line":110,"column":90},"end":{"line":123,"column":3}},"line":110},"25":{"name":"(anonymous_25)","decl":{"start":{"line":111,"column":74},"end":{"line":111,"column":75}},"loc":{"start":{"line":111,"column":94},"end":{"line":122,"column":5}},"line":111},"26":{"name":"(anonymous_26)","decl":{"start":{"line":119,"column":92},"end":{"line":119,"column":93}},"loc":{"start":{"line":119,"column":112},"end":{"line":121,"column":7}},"line":119},"27":{"name":"(anonymous_27)","decl":{"start":{"line":125,"column":90},"end":{"line":125,"column":91}},"loc":{"start":{"line":125,"column":102},"end":{"line":139,"column":3}},"line":125},"28":{"name":"(anonymous_28)","decl":{"start":{"line":126,"column":72},"end":{"line":126,"column":73}},"loc":{"start":{"line":126,"column":92},"end":{"line":138,"column":5}},"line":126},"29":{"name":"(anonymous_29)","decl":{"start":{"line":135,"column":76},"end":{"line":135,"column":77}},"loc":{"start":{"line":135,"column":96},"end":{"line":137,"column":7}},"line":135},"30":{"name":"(anonymous_30)","decl":{"start":{"line":141,"column":38},"end":{"line":141,"column":39}},"loc":{"start":{"line":141,"column":50},"end":{"line":147,"column":3}},"line":141},"31":{"name":"(anonymous_31)","decl":{"start":{"line":142,"column":80},"end":{"line":142,"column":81}},"loc":{"start":{"line":142,"column":100},"end":{"line":146,"column":5}},"line":142},"32":{"name":"(anonymous_32)","decl":{"start":{"line":143,"column":77},"end":{"line":143,"column":78}},"loc":{"start":{"line":143,"column":97},"end":{"line":145,"column":7}},"line":143},"33":{"name":"(anonymous_33)","decl":{"start":{"line":149,"column":53},"end":{"line":149,"column":54}},"loc":{"start":{"line":149,"column":65},"end":{"line":154,"column":3}},"line":149},"34":{"name":"(anonymous_34)","decl":{"start":{"line":150,"column":79},"end":{"line":150,"column":80}},"loc":{"start":{"line":150,"column":99},"end":{"line":153,"column":5}},"line":150}},"branchMap":{"0":{"loc":{"start":{"line":19,"column":46},"end":{"line":19,"column":92}},"type":"cond-expr","locations":[{"start":{"line":19,"column":70},"end":{"line":19,"column":73}},{"start":{"line":19,"column":76},"end":{"line":19,"column":92}}],"line":19},"1":{"loc":{"start":{"line":19,"column":46},"end":{"line":19,"column":67}},"type":"binary-expr","locations":[{"start":{"line":19,"column":46},"end":{"line":19,"column":49}},{"start":{"line":19,"column":53},"end":{"line":19,"column":67}}],"line":19}},"s":{"0":1,"1":1,"2":1,"3":1,"4":1,"5":1,"6":1,"7":1,"8":4,"9":1,"10":1,"11":1,"12":1,"13":1,"14":1,"15":1,"16":0,"17":1,"18":1,"19":1,"20":1,"21":0,"22":1,"23":1,"24":1,"25":1,"26":0,"27":1,"28":1,"29":1,"30":1,"31":1,"32":1,"33":1,"34":1,"35":1,"36":1,"37":1,"38":1,"39":0,"40":1,"41":0,"42":1,"43":1,"44":1,"45":1,"46":1,"47":1,"48":1,"49":1,"50":1,"51":1,"52":1,"53":1,"54":1,"55":1,"56":1,"57":1,"58":1,"59":1,"60":1,"61":1,"62":1,"63":1,"64":1,"65":1,"66":1,"67":1,"68":1},"f":{"0":4,"1":1,"2":1,"3":1,"4":1,"5":0,"6":1,"7":1,"8":0,"9":1,"10":1,"11":0,"12":1,"13":1,"14":1,"15":1,"16":1,"17":1,"18":1,"19":1,"20":0,"21":1,"22":1,"23":1,"24":1,"25":1,"26":1,"27":1,"28":1,"29":1,"30":1,"31":1,"32":1,"33":1,"34":1},"b":{"0":[1,3],"1":[4,4]},"_coverageSchema":"43e27e138ebf9cfc5966b082cf9a028302ed4184","hash":"2becc0482b3536c6e9a6d46d501ffcbc8ebd89c0","contentHash":"fb544c402ac4d14a970b29a566ca169c"},"C:\\Users\\Favour Afolayan\\repositories\\github\\questioner\\app.js":{"path":"C:\\Users\\Favour Afolayan\\repositories\\github\\questioner\\app.js","statementMap":{"0":{"start":{"line":3,"column":0},"end":{"line":5,"column":3}},"1":{"start":{"line":7,"column":18},"end":{"line":7,"column":40}},"2":{"start":{"line":9,"column":19},"end":{"line":9,"column":54}},"3":{"start":{"line":11,"column":15},"end":{"line":11,"column":33}},"4":{"start":{"line":13,"column":16},"end":{"line":13,"column":48}},"5":{"start":{"line":15,"column":12},"end":{"line":15,"column":27}},"6":{"start":{"line":17,"column":13},"end":{"line":17,"column":42}},"7":{"start":{"line":19,"column":20},"end":{"line":19,"column":44}},"8":{"start":{"line":21,"column":21},"end":{"line":21,"column":58}},"9":{"start":{"line":23,"column":14},"end":{"line":23,"column":31}},"10":{"start":{"line":25,"column":15},"end":{"line":25,"column":46}},"11":{"start":{"line":27,"column":13},"end":{"line":27,"column":45}},"12":{"start":{"line":29,"column":14},"end":{"line":29,"column":44}},"13":{"start":{"line":31,"column":39},"end":{"line":31,"column":93}},"14":{"start":{"line":33,"column":10},"end":{"line":33,"column":34}},"15":{"start":{"line":37,"column":0},"end":{"line":37,"column":31}},"16":{"start":{"line":39,"column":0},"end":{"line":39,"column":38}},"17":{"start":{"line":40,"column":0},"end":{"line":40,"column":34}},"18":{"start":{"line":41,"column":0},"end":{"line":41,"column":59}},"19":{"start":{"line":42,"column":0},"end":{"line":42,"column":39}},"20":{"start":{"line":44,"column":11},"end":{"line":44,"column":35}},"21":{"start":{"line":45,"column":0},"end":{"line":45,"column":25}},"22":{"start":{"line":48,"column":0},"end":{"line":50,"column":3}},"23":{"start":{"line":49,"column":2},"end":{"line":49,"column":39}},"24":{"start":{"line":53,"column":0},"end":{"line":61,"column":3}},"25":{"start":{"line":55,"column":2},"end":{"line":55,"column":35}},"26":{"start":{"line":56,"column":2},"end":{"line":56,"column":69}},"27":{"start":{"line":59,"column":2},"end":{"line":59,"column":32}},"28":{"start":{"line":60,"column":2},"end":{"line":60,"column":16}},"29":{"start":{"line":63,"column":0},"end":{"line":67,"column":1}},"30":{"start":{"line":64,"column":2},"end":{"line":66,"column":5}},"31":{"start":{"line":65,"column":4},"end":{"line":65,"column":90}},"32":{"start":{"line":69,"column":0},"end":{"line":69,"column":22}}},"fnMap":{"0":{"name":"_interopRequireDefault","decl":{"start":{"line":31,"column":9},"end":{"line":31,"column":31}},"loc":{"start":{"line":31,"column":37},"end":{"line":31,"column":95}},"line":31},"1":{"name":"(anonymous_1)","decl":{"start":{"line":48,"column":8},"end":{"line":48,"column":9}},"loc":{"start":{"line":48,"column":34},"end":{"line":50,"column":1}},"line":48},"2":{"name":"(anonymous_2)","decl":{"start":{"line":53,"column":8},"end":{"line":53,"column":9}},"loc":{"start":{"line":53,"column":39},"end":{"line":61,"column":1}},"line":53},"3":{"name":"(anonymous_3)","decl":{"start":{"line":64,"column":19},"end":{"line":64,"column":20}},"loc":{"start":{"line":64,"column":31},"end":{"line":66,"column":3}},"line":64}},"branchMap":{"0":{"loc":{"start":{"line":31,"column":46},"end":{"line":31,"column":92}},"type":"cond-expr","locations":[{"start":{"line":31,"column":70},"end":{"line":31,"column":73}},{"start":{"line":31,"column":76},"end":{"line":31,"column":92}}],"line":31},"1":{"loc":{"start":{"line":31,"column":46},"end":{"line":31,"column":67}},"type":"binary-expr","locations":[{"start":{"line":31,"column":46},"end":{"line":31,"column":49}},{"start":{"line":31,"column":53},"end":{"line":31,"column":67}}],"line":31},"2":{"loc":{"start":{"line":44,"column":11},"end":{"line":44,"column":35}},"type":"binary-expr","locations":[{"start":{"line":44,"column":11},"end":{"line":44,"column":27}},{"start":{"line":44,"column":31},"end":{"line":44,"column":35}}],"line":44},"3":{"loc":{"start":{"line":56,"column":21},"end":{"line":56,"column":68}},"type":"cond-expr","locations":[{"start":{"line":56,"column":60},"end":{"line":56,"column":63}},{"start":{"line":56,"column":66},"end":{"line":56,"column":68}}],"line":56},"4":{"loc":{"start":{"line":59,"column":13},"end":{"line":59,"column":30}},"type":"binary-expr","locations":[{"start":{"line":59,"column":13},"end":{"line":59,"column":23}},{"start":{"line":59,"column":27},"end":{"line":59,"column":30}}],"line":59},"5":{"loc":{"start":{"line":63,"column":0},"end":{"line":67,"column":1}},"type":"if","locations":[{"start":{"line":63,"column":0},"end":{"line":67,"column":1}},{"start":{"line":63,"column":0},"end":{"line":67,"column":1}}],"line":63}},"s":{"0":1,"1":1,"2":1,"3":1,"4":1,"5":1,"6":1,"7":1,"8":1,"9":1,"10":1,"11":1,"12":1,"13":6,"14":1,"15":1,"16":1,"17":1,"18":1,"19":1,"20":1,"21":1,"22":1,"23":1,"24":1,"25":1,"26":1,"27":1,"28":1,"29":1,"30":0,"31":0,"32":1},"f":{"0":6,"1":1,"2":1,"3":0},"b":{"0":[1,5],"1":[6,6],"2":[1,1],"3":[1,0],"4":[1,0],"5":[0,1]},"_coverageSchema":"43e27e138ebf9cfc5966b082cf9a028302ed4184","hash":"45b7c14381c1a545704d13a63350f9190896242d","contentHash":"55d849ac6945a8fbb6e299f02b269156"},"C:\\Users\\Favour Afolayan\\repositories\\github\\questioner\\src\\routes\\index.js":{"path":"C:\\Users\\Favour Afolayan\\repositories\\github\\questioner\\src\\routes\\index.js","statementMap":{"0":{"start":{"line":3,"column":0},"end":{"line":5,"column":3}},"1":{"start":{"line":7,"column":15},"end":{"line":7,"column":33}},"2":{"start":{"line":9,"column":16},"end":{"line":9,"column":48}},"3":{"start":{"line":11,"column":24},"end":{"line":11,"column":66}},"4":{"start":{"line":13,"column":25},"end":{"line":13,"column":66}},"5":{"start":{"line":15,"column":27},"end":{"line":15,"column":72}},"6":{"start":{"line":17,"column":28},"end":{"line":17,"column":72}},"7":{"start":{"line":19,"column":22},"end":{"line":19,"column":62}},"8":{"start":{"line":21,"column":23},"end":{"line":21,"column":62}},"9":{"start":{"line":23,"column":39},"end":{"line":23,"column":93}},"10":{"start":{"line":25,"column":13},"end":{"line":25,"column":39}},"11":{"start":{"line":27,"column":0},"end":{"line":29,"column":3}},"12":{"start":{"line":28,"column":2},"end":{"line":28,"column":57}},"13":{"start":{"line":30,"column":0},"end":{"line":30,"column":64}},"14":{"start":{"line":31,"column":0},"end":{"line":31,"column":76}},"15":{"start":{"line":32,"column":0},"end":{"line":32,"column":66}},"16":{"start":{"line":33,"column":0},"end":{"line":33,"column":71}},"17":{"start":{"line":34,"column":0},"end":{"line":34,"column":73}},"18":{"start":{"line":35,"column":0},"end":{"line":35,"column":79}},"19":{"start":{"line":36,"column":0},"end":{"line":36,"column":80}},"20":{"start":{"line":37,"column":0},"end":{"line":37,"column":67}},"21":{"start":{"line":38,"column":0},"end":{"line":38,"column":72}},"22":{"start":{"line":40,"column":0},"end":{"line":40,"column":74}},"23":{"start":{"line":41,"column":0},"end":{"line":41,"column":71}},"24":{"start":{"line":42,"column":0},"end":{"line":42,"column":69}},"25":{"start":{"line":43,"column":0},"end":{"line":43,"column":72}},"26":{"start":{"line":44,"column":0},"end":{"line":44,"column":81}},"27":{"start":{"line":45,"column":0},"end":{"line":45,"column":83}},"28":{"start":{"line":47,"column":0},"end":{"line":47,"column":25}}},"fnMap":{"0":{"name":"_interopRequireDefault","decl":{"start":{"line":23,"column":9},"end":{"line":23,"column":31}},"loc":{"start":{"line":23,"column":37},"end":{"line":23,"column":95}},"line":23},"1":{"name":"(anonymous_1)","decl":{"start":{"line":27,"column":16},"end":{"line":27,"column":17}},"loc":{"start":{"line":27,"column":45},"end":{"line":29,"column":1}},"line":27}},"branchMap":{"0":{"loc":{"start":{"line":23,"column":46},"end":{"line":23,"column":92}},"type":"cond-expr","locations":[{"start":{"line":23,"column":70},"end":{"line":23,"column":73}},{"start":{"line":23,"column":76},"end":{"line":23,"column":92}}],"line":23},"1":{"loc":{"start":{"line":23,"column":46},"end":{"line":23,"column":67}},"type":"binary-expr","locations":[{"start":{"line":23,"column":46},"end":{"line":23,"column":49}},{"start":{"line":23,"column":53},"end":{"line":23,"column":67}}],"line":23}},"s":{"0":1,"1":1,"2":1,"3":1,"4":1,"5":1,"6":1,"7":1,"8":1,"9":4,"10":1,"11":1,"12":0,"13":1,"14":1,"15":1,"16":1,"17":1,"18":1,"19":1,"20":1,"21":1,"22":1,"23":1,"24":1,"25":1,"26":1,"27":1,"28":1},"f":{"0":4,"1":0},"b":{"0":[3,1],"1":[4,4]},"_coverageSchema":"43e27e138ebf9cfc5966b082cf9a028302ed4184","hash":"2d5ab3c85189d3c6c9aebaf95222c52d018429da","contentHash":"436fe70d6088da5ee0e159a8a7ec9a5f"},"C:\\Users\\Favour Afolayan\\repositories\\github\\questioner\\src\\controllers\\meetupController.js":{"path":"C:\\Users\\Favour Afolayan\\repositories\\github\\questioner\\src\\controllers\\meetupController.js","statementMap":{"0":{"start":{"line":3,"column":0},"end":{"line":5,"column":3}},"1":{"start":{"line":7,"column":19},"end":{"line":7,"column":563}},"2":{"start":{"line":7,"column":76},"end":{"line":7,"column":347}},"3":{"start":{"line":7,"column":134},"end":{"line":7,"column":142}},"4":{"start":{"line":7,"column":144},"end":{"line":7,"column":199}},"5":{"start":{"line":7,"column":200},"end":{"line":7,"column":231}},"6":{"start":{"line":7,"column":232},"end":{"line":7,"column":286}},"7":{"start":{"line":7,"column":259},"end":{"line":7,"column":286}},"8":{"start":{"line":7,"column":287},"end":{"line":7,"column":345}},"9":{"start":{"line":7,"column":350},"end":{"line":7,"column":559}},"10":{"start":{"line":7,"column":407},"end":{"line":7,"column":475}},"11":{"start":{"line":7,"column":423},"end":{"line":7,"column":475}},"12":{"start":{"line":7,"column":476},"end":{"line":7,"column":536}},"13":{"start":{"line":7,"column":493},"end":{"line":7,"column":536}},"14":{"start":{"line":7,"column":537},"end":{"line":7,"column":556}},"15":{"start":{"line":9,"column":14},"end":{"line":9,"column":41}},"16":{"start":{"line":11,"column":15},"end":{"line":11,"column":46}},"17":{"start":{"line":13,"column":39},"end":{"line":13,"column":93}},"18":{"start":{"line":15,"column":50},"end":{"line":15,"column":151}},"19":{"start":{"line":15,"column":92},"end":{"line":15,"column":149}},"20":{"start":{"line":17,"column":23},"end":{"line":157,"column":3}},"21":{"start":{"line":19,"column":4},"end":{"line":19,"column":44}},"22":{"start":{"line":22,"column":2},"end":{"line":154,"column":6}},"23":{"start":{"line":25,"column":23},"end":{"line":25,"column":45}},"24":{"start":{"line":26,"column":6},"end":{"line":31,"column":7}},"25":{"start":{"line":27,"column":8},"end":{"line":30,"column":11}},"26":{"start":{"line":32,"column":6},"end":{"line":35,"column":9}},"27":{"start":{"line":40,"column":27},"end":{"line":40,"column":67}},"28":{"start":{"line":41,"column":6},"end":{"line":47,"column":7}},"29":{"start":{"line":42,"column":19},"end":{"line":42,"column":52}},"30":{"start":{"line":43,"column":8},"end":{"line":46,"column":11}},"31":{"start":{"line":48,"column":6},"end":{"line":51,"column":9}},"32":{"start":{"line":56,"column":20},"end":{"line":56,"column":32}},"33":{"start":{"line":57,"column":6},"end":{"line":70,"column":7}},"34":{"start":{"line":58,"column":24},"end":{"line":58,"column":56}},"35":{"start":{"line":59,"column":8},"end":{"line":65,"column":9}},"36":{"start":{"line":60,"column":21},"end":{"line":60,"column":49}},"37":{"start":{"line":61,"column":10},"end":{"line":64,"column":13}},"38":{"start":{"line":66,"column":8},"end":{"line":69,"column":11}},"39":{"start":{"line":71,"column":6},"end":{"line":74,"column":9}},"40":{"start":{"line":79,"column":6},"end":{"line":84,"column":7}},"41":{"start":{"line":80,"column":8},"end":{"line":83,"column":11}},"42":{"start":{"line":89,"column":6},"end":{"line":94,"column":7}},"43":{"start":{"line":90,"column":8},"end":{"line":93,"column":11}},"44":{"start":{"line":95,"column":6},"end":{"line":98,"column":9}},"45":{"start":{"line":103,"column":19},"end":{"line":103,"column":46}},"46":{"start":{"line":104,"column":6},"end":{"line":109,"column":7}},"47":{"start":{"line":105,"column":8},"end":{"line":108,"column":11}},"48":{"start":{"line":110,"column":6},"end":{"line":113,"column":9}},"49":{"start":{"line":118,"column":6},"end":{"line":132,"column":7}},"50":{"start":{"line":119,"column":28},"end":{"line":119,"column":68}},"51":{"start":{"line":120,"column":26},"end":{"line":120,"column":38}},"52":{"start":{"line":121,"column":8},"end":{"line":127,"column":9}},"53":{"start":{"line":122,"column":30},"end":{"line":122,"column":81}},"54":{"start":{"line":123,"column":10},"end":{"line":126,"column":13}},"55":{"start":{"line":128,"column":8},"end":{"line":131,"column":11}},"56":{"start":{"line":133,"column":6},"end":{"line":136,"column":9}},"57":{"start":{"line":141,"column":23},"end":{"line":141,"column":63}},"58":{"start":{"line":142,"column":6},"end":{"line":148,"column":7}},"59":{"start":{"line":143,"column":8},"end":{"line":143,"column":47}},"60":{"start":{"line":144,"column":8},"end":{"line":147,"column":11}},"61":{"start":{"line":149,"column":6},"end":{"line":152,"column":9}},"62":{"start":{"line":156,"column":2},"end":{"line":156,"column":26}},"63":{"start":{"line":159,"column":0},"end":{"line":159,"column":35}}},"fnMap":{"0":{"name":"(anonymous_0)","decl":{"start":{"line":7,"column":19},"end":{"line":7,"column":20}},"loc":{"start":{"line":7,"column":31},"end":{"line":7,"column":561}},"line":7},"1":{"name":"defineProperties","decl":{"start":{"line":7,"column":42},"end":{"line":7,"column":58}},"loc":{"start":{"line":7,"column":74},"end":{"line":7,"column":349}},"line":7},"2":{"name":"(anonymous_2)","decl":{"start":{"line":7,"column":357},"end":{"line":7,"column":358}},"loc":{"start":{"line":7,"column":405},"end":{"line":7,"column":558}},"line":7},"3":{"name":"_interopRequireDefault","decl":{"start":{"line":13,"column":9},"end":{"line":13,"column":31}},"loc":{"start":{"line":13,"column":37},"end":{"line":13,"column":95}},"line":13},"4":{"name":"_classCallCheck","decl":{"start":{"line":15,"column":9},"end":{"line":15,"column":24}},"loc":{"start":{"line":15,"column":48},"end":{"line":15,"column":153}},"line":15},"5":{"name":"(anonymous_5)","decl":{"start":{"line":17,"column":23},"end":{"line":17,"column":24}},"loc":{"start":{"line":17,"column":35},"end":{"line":157,"column":1}},"line":17},"6":{"name":"meetupController","decl":{"start":{"line":18,"column":11},"end":{"line":18,"column":27}},"loc":{"start":{"line":18,"column":30},"end":{"line":20,"column":3}},"line":18},"7":{"name":"index","decl":{"start":{"line":24,"column":20},"end":{"line":24,"column":25}},"loc":{"start":{"line":24,"column":45},"end":{"line":36,"column":5}},"line":24},"8":{"name":"show","decl":{"start":{"line":39,"column":20},"end":{"line":39,"column":24}},"loc":{"start":{"line":39,"column":44},"end":{"line":52,"column":5}},"line":39},"9":{"name":"create","decl":{"start":{"line":55,"column":20},"end":{"line":55,"column":26}},"loc":{"start":{"line":55,"column":46},"end":{"line":75,"column":5}},"line":55},"10":{"name":"destroyAll","decl":{"start":{"line":78,"column":20},"end":{"line":78,"column":30}},"loc":{"start":{"line":78,"column":50},"end":{"line":85,"column":5}},"line":78},"11":{"name":"recreateAll","decl":{"start":{"line":88,"column":20},"end":{"line":88,"column":31}},"loc":{"start":{"line":88,"column":51},"end":{"line":99,"column":5}},"line":88},"12":{"name":"upcoming","decl":{"start":{"line":102,"column":20},"end":{"line":102,"column":28}},"loc":{"start":{"line":102,"column":48},"end":{"line":114,"column":5}},"line":102},"13":{"name":"update","decl":{"start":{"line":117,"column":20},"end":{"line":117,"column":26}},"loc":{"start":{"line":117,"column":46},"end":{"line":137,"column":5}},"line":117},"14":{"name":"destroy","decl":{"start":{"line":140,"column":20},"end":{"line":140,"column":27}},"loc":{"start":{"line":140,"column":47},"end":{"line":153,"column":5}},"line":140}},"branchMap":{"0":{"loc":{"start":{"line":7,"column":168},"end":{"line":7,"column":198}},"type":"binary-expr","locations":[{"start":{"line":7,"column":168},"end":{"line":7,"column":189}},{"start":{"line":7,"column":193},"end":{"line":7,"column":198}}],"line":7},"1":{"loc":{"start":{"line":7,"column":232},"end":{"line":7,"column":286}},"type":"if","locations":[{"start":{"line":7,"column":232},"end":{"line":7,"column":286}},{"start":{"line":7,"column":232},"end":{"line":7,"column":286}}],"line":7},"2":{"loc":{"start":{"line":7,"column":407},"end":{"line":7,"column":475}},"type":"if","locations":[{"start":{"line":7,"column":407},"end":{"line":7,"column":475}},{"start":{"line":7,"column":407},"end":{"line":7,"column":475}}],"line":7},"3":{"loc":{"start":{"line":7,"column":476},"end":{"line":7,"column":536}},"type":"if","locations":[{"start":{"line":7,"column":476},"end":{"line":7,"column":536}},{"start":{"line":7,"column":476},"end":{"line":7,"column":536}}],"line":7},"4":{"loc":{"start":{"line":13,"column":46},"end":{"line":13,"column":92}},"type":"cond-expr","locations":[{"start":{"line":13,"column":70},"end":{"line":13,"column":73}},{"start":{"line":13,"column":76},"end":{"line":13,"column":92}}],"line":13},"5":{"loc":{"start":{"line":13,"column":46},"end":{"line":13,"column":67}},"type":"binary-expr","locations":[{"start":{"line":13,"column":46},"end":{"line":13,"column":49}},{"start":{"line":13,"column":53},"end":{"line":13,"column":67}}],"line":13},"6":{"loc":{"start":{"line":15,"column":50},"end":{"line":15,"column":151}},"type":"if","locations":[{"start":{"line":15,"column":50},"end":{"line":15,"column":151}},{"start":{"line":15,"column":50},"end":{"line":15,"column":151}}],"line":15},"7":{"loc":{"start":{"line":26,"column":6},"end":{"line":31,"column":7}},"type":"if","locations":[{"start":{"line":26,"column":6},"end":{"line":31,"column":7}},{"start":{"line":26,"column":6},"end":{"line":31,"column":7}}],"line":26},"8":{"loc":{"start":{"line":41,"column":6},"end":{"line":47,"column":7}},"type":"if","locations":[{"start":{"line":41,"column":6},"end":{"line":47,"column":7}},{"start":{"line":41,"column":6},"end":{"line":47,"column":7}}],"line":41},"9":{"loc":{"start":{"line":57,"column":6},"end":{"line":70,"column":7}},"type":"if","locations":[{"start":{"line":57,"column":6},"end":{"line":70,"column":7}},{"start":{"line":57,"column":6},"end":{"line":70,"column":7}}],"line":57},"10":{"loc":{"start":{"line":57,"column":10},"end":{"line":57,"column":66}},"type":"binary-expr","locations":[{"start":{"line":57,"column":10},"end":{"line":57,"column":23}},{"start":{"line":57,"column":27},"end":{"line":57,"column":43}},{"start":{"line":57,"column":47},"end":{"line":57,"column":66}}],"line":57},"11":{"loc":{"start":{"line":59,"column":8},"end":{"line":65,"column":9}},"type":"if","locations":[{"start":{"line":59,"column":8},"end":{"line":65,"column":9}},{"start":{"line":59,"column":8},"end":{"line":65,"column":9}}],"line":59},"12":{"loc":{"start":{"line":79,"column":6},"end":{"line":84,"column":7}},"type":"if","locations":[{"start":{"line":79,"column":6},"end":{"line":84,"column":7}},{"start":{"line":79,"column":6},"end":{"line":84,"column":7}}],"line":79},"13":{"loc":{"start":{"line":89,"column":6},"end":{"line":94,"column":7}},"type":"if","locations":[{"start":{"line":89,"column":6},"end":{"line":94,"column":7}},{"start":{"line":89,"column":6},"end":{"line":94,"column":7}}],"line":89},"14":{"loc":{"start":{"line":104,"column":6},"end":{"line":109,"column":7}},"type":"if","locations":[{"start":{"line":104,"column":6},"end":{"line":109,"column":7}},{"start":{"line":104,"column":6},"end":{"line":109,"column":7}}],"line":104},"15":{"loc":{"start":{"line":118,"column":6},"end":{"line":132,"column":7}},"type":"if","locations":[{"start":{"line":118,"column":6},"end":{"line":132,"column":7}},{"start":{"line":118,"column":6},"end":{"line":132,"column":7}}],"line":118},"16":{"loc":{"start":{"line":118,"column":10},"end":{"line":118,"column":81}},"type":"binary-expr","locations":[{"start":{"line":118,"column":10},"end":{"line":118,"column":28}},{"start":{"line":118,"column":32},"end":{"line":118,"column":56}},{"start":{"line":118,"column":60},"end":{"line":118,"column":81}}],"line":118},"17":{"loc":{"start":{"line":121,"column":8},"end":{"line":127,"column":9}},"type":"if","locations":[{"start":{"line":121,"column":8},"end":{"line":127,"column":9}},{"start":{"line":121,"column":8},"end":{"line":127,"column":9}}],"line":121},"18":{"loc":{"start":{"line":142,"column":6},"end":{"line":148,"column":7}},"type":"if","locations":[{"start":{"line":142,"column":6},"end":{"line":148,"column":7}},{"start":{"line":142,"column":6},"end":{"line":148,"column":7}}],"line":142}},"s":{"0":1,"1":1,"2":1,"3":8,"4":8,"5":8,"6":8,"7":8,"8":8,"9":1,"10":1,"11":0,"12":1,"13":1,"14":1,"15":1,"16":1,"17":1,"18":0,"19":0,"20":1,"21":0,"22":1,"23":3,"24":3,"25":3,"26":0,"27":6,"28":6,"29":4,"30":4,"31":2,"32":2,"33":2,"34":1,"35":1,"36":1,"37":1,"38":0,"39":1,"40":0,"41":0,"42":2,"43":2,"44":0,"45":1,"46":1,"47":1,"48":0,"49":3,"50":2,"51":2,"52":2,"53":1,"54":1,"55":1,"56":1,"57":2,"58":2,"59":1,"60":1,"61":1,"62":1,"63":1},"f":{"0":1,"1":1,"2":1,"3":1,"4":0,"5":1,"6":0,"7":3,"8":6,"9":2,"10":0,"11":2,"12":1,"13":3,"14":2},"b":{"0":[8,8],"1":[8,0],"2":[0,1],"3":[1,0],"4":[1,0],"5":[1,1],"6":[0,0],"7":[3,0],"8":[4,2],"9":[1,1],"10":[2,1,1],"11":[1,0],"12":[0,0],"13":[2,0],"14":[1,0],"15":[2,1],"16":[3,2,2],"17":[1,1],"18":[1,1]},"_coverageSchema":"43e27e138ebf9cfc5966b082cf9a028302ed4184","hash":"63863629640082368c1a6fca13c6eca371cfe7fe","contentHash":"4e430dc2f58e3e5e7d63b0bcc6a98390"},"C:\\Users\\Favour Afolayan\\repositories\\github\\questioner\\src\\models\\Meetup.js":{"path":"C:\\Users\\Favour Afolayan\\repositories\\github\\questioner\\src\\models\\Meetup.js","statementMap":{"0":{"start":{"line":3,"column":0},"end":{"line":5,"column":3}},"1":{"start":{"line":7,"column":19},"end":{"line":7,"column":563}},"2":{"start":{"line":7,"column":76},"end":{"line":7,"column":347}},"3":{"start":{"line":7,"column":134},"end":{"line":7,"column":142}},"4":{"start":{"line":7,"column":144},"end":{"line":7,"column":199}},"5":{"start":{"line":7,"column":200},"end":{"line":7,"column":231}},"6":{"start":{"line":7,"column":232},"end":{"line":7,"column":286}},"7":{"start":{"line":7,"column":259},"end":{"line":7,"column":286}},"8":{"start":{"line":7,"column":287},"end":{"line":7,"column":345}},"9":{"start":{"line":7,"column":350},"end":{"line":7,"column":559}},"10":{"start":{"line":7,"column":407},"end":{"line":7,"column":475}},"11":{"start":{"line":7,"column":423},"end":{"line":7,"column":475}},"12":{"start":{"line":7,"column":476},"end":{"line":7,"column":536}},"13":{"start":{"line":7,"column":493},"end":{"line":7,"column":536}},"14":{"start":{"line":7,"column":537},"end":{"line":7,"column":556}},"15":{"start":{"line":9,"column":12},"end":{"line":9,"column":27}},"16":{"start":{"line":11,"column":13},"end":{"line":11,"column":42}},"17":{"start":{"line":13,"column":14},"end":{"line":13,"column":31}},"18":{"start":{"line":15,"column":15},"end":{"line":15,"column":46}},"19":{"start":{"line":17,"column":14},"end":{"line":17,"column":42}},"20":{"start":{"line":19,"column":15},"end":{"line":19,"column":46}},"21":{"start":{"line":21,"column":15},"end":{"line":21,"column":46}},"22":{"start":{"line":23,"column":16},"end":{"line":23,"column":48}},"23":{"start":{"line":25,"column":16},"end":{"line":25,"column":47}},"24":{"start":{"line":27,"column":17},"end":{"line":27,"column":50}},"25":{"start":{"line":29,"column":39},"end":{"line":29,"column":93}},"26":{"start":{"line":31,"column":50},"end":{"line":31,"column":151}},"27":{"start":{"line":31,"column":92},"end":{"line":31,"column":149}},"28":{"start":{"line":33,"column":15},"end":{"line":33,"column":72}},"29":{"start":{"line":35,"column":13},"end":{"line":147,"column":3}},"30":{"start":{"line":37,"column":4},"end":{"line":37,"column":34}},"31":{"start":{"line":40,"column":2},"end":{"line":144,"column":6}},"32":{"start":{"line":43,"column":6},"end":{"line":43,"column":31}},"33":{"start":{"line":48,"column":6},"end":{"line":50,"column":9}},"34":{"start":{"line":49,"column":8},"end":{"line":49,"column":97}},"35":{"start":{"line":55,"column":6},"end":{"line":55,"column":60}},"36":{"start":{"line":60,"column":6},"end":{"line":74,"column":7}},"37":{"start":{"line":61,"column":17},"end":{"line":61,"column":61}},"38":{"start":{"line":62,"column":21},"end":{"line":70,"column":9}},"39":{"start":{"line":71,"column":8},"end":{"line":71,"column":39}},"40":{"start":{"line":72,"column":8},"end":{"line":72,"column":66}},"41":{"start":{"line":73,"column":8},"end":{"line":73,"column":22}},"42":{"start":{"line":75,"column":6},"end":{"line":75,"column":19}},"43":{"start":{"line":80,"column":6},"end":{"line":80,"column":49}},"44":{"start":{"line":81,"column":6},"end":{"line":81,"column":18}},"45":{"start":{"line":86,"column":6},"end":{"line":86,"column":73}},"46":{"start":{"line":87,"column":6},"end":{"line":87,"column":18}},"47":{"start":{"line":92,"column":18},"end":{"line":92,"column":31}},"48":{"start":{"line":93,"column":21},"end":{"line":93,"column":37}},"49":{"start":{"line":94,"column":24},"end":{"line":94,"column":43}},"50":{"start":{"line":97,"column":6},"end":{"line":97,"column":27}},"51":{"start":{"line":98,"column":6},"end":{"line":98,"column":33}},"52":{"start":{"line":99,"column":6},"end":{"line":99,"column":39}},"53":{"start":{"line":101,"column":6},"end":{"line":113,"column":7}},"54":{"start":{"line":102,"column":8},"end":{"line":106,"column":11}},"55":{"start":{"line":103,"column":10},"end":{"line":105,"column":42}},"56":{"start":{"line":104,"column":12},"end":{"line":104,"column":31}},"57":{"start":{"line":107,"column":13},"end":{"line":113,"column":7}},"58":{"start":{"line":108,"column":8},"end":{"line":108,"column":34}},"59":{"start":{"line":110,"column":8},"end":{"line":112,"column":49}},"60":{"start":{"line":111,"column":10},"end":{"line":111,"column":38}},"61":{"start":{"line":115,"column":6},"end":{"line":127,"column":7}},"62":{"start":{"line":116,"column":8},"end":{"line":120,"column":11}},"63":{"start":{"line":117,"column":10},"end":{"line":119,"column":46}},"64":{"start":{"line":118,"column":12},"end":{"line":118,"column":33}},"65":{"start":{"line":121,"column":13},"end":{"line":127,"column":7}},"66":{"start":{"line":122,"column":8},"end":{"line":122,"column":38}},"67":{"start":{"line":124,"column":8},"end":{"line":126,"column":53}},"68":{"start":{"line":125,"column":10},"end":{"line":125,"column":40}},"69":{"start":{"line":129,"column":18},"end":{"line":129,"column":73}},"70":{"start":{"line":130,"column":6},"end":{"line":130,"column":40}},"71":{"start":{"line":132,"column":6},"end":{"line":132,"column":64}},"72":{"start":{"line":133,"column":6},"end":{"line":133,"column":38}},"73":{"start":{"line":138,"column":6},"end":{"line":140,"column":9}},"74":{"start":{"line":139,"column":8},"end":{"line":139,"column":42}},"75":{"start":{"line":141,"column":6},"end":{"line":141,"column":64}},"76":{"start":{"line":142,"column":6},"end":{"line":142,"column":18}},"77":{"start":{"line":146,"column":2},"end":{"line":146,"column":16}},"78":{"start":{"line":149,"column":0},"end":{"line":149,"column":25}}},"fnMap":{"0":{"name":"(anonymous_0)","decl":{"start":{"line":7,"column":19},"end":{"line":7,"column":20}},"loc":{"start":{"line":7,"column":31},"end":{"line":7,"column":561}},"line":7},"1":{"name":"defineProperties","decl":{"start":{"line":7,"column":42},"end":{"line":7,"column":58}},"loc":{"start":{"line":7,"column":74},"end":{"line":7,"column":349}},"line":7},"2":{"name":"(anonymous_2)","decl":{"start":{"line":7,"column":357},"end":{"line":7,"column":358}},"loc":{"start":{"line":7,"column":405},"end":{"line":7,"column":558}},"line":7},"3":{"name":"_interopRequireDefault","decl":{"start":{"line":29,"column":9},"end":{"line":29,"column":31}},"loc":{"start":{"line":29,"column":37},"end":{"line":29,"column":95}},"line":29},"4":{"name":"_classCallCheck","decl":{"start":{"line":31,"column":9},"end":{"line":31,"column":24}},"loc":{"start":{"line":31,"column":48},"end":{"line":31,"column":153}},"line":31},"5":{"name":"(anonymous_5)","decl":{"start":{"line":35,"column":13},"end":{"line":35,"column":14}},"loc":{"start":{"line":35,"column":25},"end":{"line":147,"column":1}},"line":35},"6":{"name":"Meetup","decl":{"start":{"line":36,"column":11},"end":{"line":36,"column":17}},"loc":{"start":{"line":36,"column":20},"end":{"line":38,"column":3}},"line":36},"7":{"name":"all","decl":{"start":{"line":42,"column":20},"end":{"line":42,"column":23}},"loc":{"start":{"line":42,"column":26},"end":{"line":44,"column":5}},"line":42},"8":{"name":"upcoming","decl":{"start":{"line":47,"column":20},"end":{"line":47,"column":28}},"loc":{"start":{"line":47,"column":31},"end":{"line":51,"column":5}},"line":47},"9":{"name":"(anonymous_9)","decl":{"start":{"line":48,"column":36},"end":{"line":48,"column":37}},"loc":{"start":{"line":48,"column":64},"end":{"line":50,"column":7}},"line":48},"10":{"name":"find","decl":{"start":{"line":54,"column":20},"end":{"line":54,"column":24}},"loc":{"start":{"line":54,"column":29},"end":{"line":56,"column":5}},"line":54},"11":{"name":"create","decl":{"start":{"line":59,"column":20},"end":{"line":59,"column":26}},"loc":{"start":{"line":59,"column":36},"end":{"line":76,"column":5}},"line":59},"12":{"name":"deleteAll","decl":{"start":{"line":79,"column":20},"end":{"line":79,"column":29}},"loc":{"start":{"line":79,"column":32},"end":{"line":82,"column":5}},"line":79},"13":{"name":"recreateAll","decl":{"start":{"line":85,"column":20},"end":{"line":85,"column":31}},"loc":{"start":{"line":85,"column":34},"end":{"line":88,"column":5}},"line":85},"14":{"name":"update","decl":{"start":{"line":91,"column":20},"end":{"line":91,"column":26}},"loc":{"start":{"line":91,"column":44},"end":{"line":134,"column":5}},"line":91},"15":{"name":"(anonymous_15)","decl":{"start":{"line":102,"column":29},"end":{"line":102,"column":30}},"loc":{"start":{"line":102,"column":44},"end":{"line":106,"column":9}},"line":102},"16":{"name":"(anonymous_16)","decl":{"start":{"line":103,"column":27},"end":{"line":103,"column":28}},"loc":{"start":{"line":103,"column":43},"end":{"line":105,"column":11}},"line":103},"17":{"name":"(anonymous_17)","decl":{"start":{"line":110,"column":25},"end":{"line":110,"column":26}},"loc":{"start":{"line":110,"column":41},"end":{"line":112,"column":9}},"line":110},"18":{"name":"(anonymous_18)","decl":{"start":{"line":116,"column":31},"end":{"line":116,"column":32}},"loc":{"start":{"line":116,"column":48},"end":{"line":120,"column":9}},"line":116},"19":{"name":"(anonymous_19)","decl":{"start":{"line":117,"column":29},"end":{"line":117,"column":30}},"loc":{"start":{"line":117,"column":45},"end":{"line":119,"column":11}},"line":117},"20":{"name":"(anonymous_20)","decl":{"start":{"line":124,"column":27},"end":{"line":124,"column":28}},"loc":{"start":{"line":124,"column":43},"end":{"line":126,"column":9}},"line":124},"21":{"name":"_delete","decl":{"start":{"line":137,"column":20},"end":{"line":137,"column":27}},"loc":{"start":{"line":137,"column":32},"end":{"line":143,"column":5}},"line":137},"22":{"name":"(anonymous_22)","decl":{"start":{"line":138,"column":31},"end":{"line":138,"column":32}},"loc":{"start":{"line":138,"column":49},"end":{"line":140,"column":7}},"line":138}},"branchMap":{"0":{"loc":{"start":{"line":7,"column":168},"end":{"line":7,"column":198}},"type":"binary-expr","locations":[{"start":{"line":7,"column":168},"end":{"line":7,"column":189}},{"start":{"line":7,"column":193},"end":{"line":7,"column":198}}],"line":7},"1":{"loc":{"start":{"line":7,"column":232},"end":{"line":7,"column":286}},"type":"if","locations":[{"start":{"line":7,"column":232},"end":{"line":7,"column":286}},{"start":{"line":7,"column":232},"end":{"line":7,"column":286}}],"line":7},"2":{"loc":{"start":{"line":7,"column":407},"end":{"line":7,"column":475}},"type":"if","locations":[{"start":{"line":7,"column":407},"end":{"line":7,"column":475}},{"start":{"line":7,"column":407},"end":{"line":7,"column":475}}],"line":7},"3":{"loc":{"start":{"line":7,"column":476},"end":{"line":7,"column":536}},"type":"if","locations":[{"start":{"line":7,"column":476},"end":{"line":7,"column":536}},{"start":{"line":7,"column":476},"end":{"line":7,"column":536}}],"line":7},"4":{"loc":{"start":{"line":29,"column":46},"end":{"line":29,"column":92}},"type":"cond-expr","locations":[{"start":{"line":29,"column":70},"end":{"line":29,"column":73}},{"start":{"line":29,"column":76},"end":{"line":29,"column":92}}],"line":29},"5":{"loc":{"start":{"line":29,"column":46},"end":{"line":29,"column":67}},"type":"binary-expr","locations":[{"start":{"line":29,"column":46},"end":{"line":29,"column":49}},{"start":{"line":29,"column":53},"end":{"line":29,"column":67}}],"line":29},"6":{"loc":{"start":{"line":31,"column":50},"end":{"line":31,"column":151}},"type":"if","locations":[{"start":{"line":31,"column":50},"end":{"line":31,"column":151}},{"start":{"line":31,"column":50},"end":{"line":31,"column":151}}],"line":31},"7":{"loc":{"start":{"line":60,"column":6},"end":{"line":74,"column":7}},"type":"if","locations":[{"start":{"line":60,"column":6},"end":{"line":74,"column":7}},{"start":{"line":60,"column":6},"end":{"line":74,"column":7}}],"line":60},"8":{"loc":{"start":{"line":66,"column":18},"end":{"line":66,"column":54}},"type":"cond-expr","locations":[{"start":{"line":66,"column":35},"end":{"line":66,"column":49}},{"start":{"line":66,"column":52},"end":{"line":66,"column":54}}],"line":66},"9":{"loc":{"start":{"line":69,"column":16},"end":{"line":69,"column":48}},"type":"cond-expr","locations":[{"start":{"line":69,"column":31},"end":{"line":69,"column":43}},{"start":{"line":69,"column":46},"end":{"line":69,"column":48}}],"line":69},"10":{"loc":{"start":{"line":101,"column":6},"end":{"line":113,"column":7}},"type":"if","locations":[{"start":{"line":101,"column":6},"end":{"line":113,"column":7}},{"start":{"line":101,"column":6},"end":{"line":113,"column":7}}],"line":101},"11":{"loc":{"start":{"line":103,"column":10},"end":{"line":105,"column":41}},"type":"cond-expr","locations":[{"start":{"line":105,"column":15},"end":{"line":105,"column":17}},{"start":{"line":105,"column":20},"end":{"line":105,"column":41}}],"line":103},"12":{"loc":{"start":{"line":107,"column":13},"end":{"line":113,"column":7}},"type":"if","locations":[{"start":{"line":107,"column":13},"end":{"line":113,"column":7}},{"start":{"line":107,"column":13},"end":{"line":113,"column":7}}],"line":107},"13":{"loc":{"start":{"line":110,"column":8},"end":{"line":112,"column":48}},"type":"cond-expr","locations":[{"start":{"line":112,"column":13},"end":{"line":112,"column":15}},{"start":{"line":112,"column":18},"end":{"line":112,"column":48}}],"line":110},"14":{"loc":{"start":{"line":115,"column":6},"end":{"line":127,"column":7}},"type":"if","locations":[{"start":{"line":115,"column":6},"end":{"line":127,"column":7}},{"start":{"line":115,"column":6},"end":{"line":127,"column":7}}],"line":115},"15":{"loc":{"start":{"line":117,"column":10},"end":{"line":119,"column":45}},"type":"cond-expr","locations":[{"start":{"line":119,"column":15},"end":{"line":119,"column":17}},{"start":{"line":119,"column":20},"end":{"line":119,"column":45}}],"line":117},"16":{"loc":{"start":{"line":121,"column":13},"end":{"line":127,"column":7}},"type":"if","locations":[{"start":{"line":121,"column":13},"end":{"line":127,"column":7}},{"start":{"line":121,"column":13},"end":{"line":127,"column":7}}],"line":121},"17":{"loc":{"start":{"line":124,"column":8},"end":{"line":126,"column":52}},"type":"cond-expr","locations":[{"start":{"line":126,"column":13},"end":{"line":126,"column":15}},{"start":{"line":126,"column":18},"end":{"line":126,"column":52}}],"line":124}},"s":{"0":1,"1":1,"2":1,"3":8,"4":8,"5":8,"6":8,"7":8,"8":8,"9":1,"10":1,"11":0,"12":1,"13":1,"14":1,"15":1,"16":1,"17":1,"18":1,"19":1,"20":1,"21":1,"22":1,"23":1,"24":1,"25":5,"26":0,"27":0,"28":1,"29":1,"30":0,"31":1,"32":6,"33":1,"34":20,"35":11,"36":1,"37":1,"38":1,"39":1,"40":1,"41":1,"42":0,"43":0,"44":0,"45":2,"46":2,"47":1,"48":1,"49":1,"50":1,"51":1,"52":1,"53":1,"54":0,"55":0,"56":0,"57":1,"58":0,"59":1,"60":1,"61":1,"62":0,"63":0,"64":0,"65":1,"66":0,"67":1,"68":1,"69":1,"70":1,"71":1,"72":1,"73":1,"74":7,"75":1,"76":1,"77":1,"78":1},"f":{"0":1,"1":1,"2":1,"3":5,"4":0,"5":1,"6":0,"7":6,"8":1,"9":20,"10":11,"11":1,"12":0,"13":2,"14":1,"15":0,"16":0,"17":1,"18":0,"19":0,"20":1,"21":1,"22":7},"b":{"0":[8,8],"1":[8,0],"2":[0,1],"3":[1,0],"4":[2,3],"5":[5,5],"6":[0,0],"7":[1,0],"8":[1,0],"9":[1,0],"10":[0,1],"11":[0,0],"12":[0,1],"13":[1,0],"14":[0,1],"15":[0,0],"16":[0,1],"17":[1,0]},"_coverageSchema":"43e27e138ebf9cfc5966b082cf9a028302ed4184","hash":"ec377acdd755da1bd374d337308e5cd80f057049","contentHash":"4d05858bdbe1e530c8a1ba4f21f00934"},"C:\\Users\\Favour Afolayan\\repositories\\github\\questioner\\src\\helpers\\helper.js":{"path":"C:\\Users\\Favour Afolayan\\repositories\\github\\questioner\\src\\helpers\\helper.js","statementMap":{"0":{"start":{"line":3,"column":0},"end":{"line":5,"column":3}},"1":{"start":{"line":7,"column":10},"end":{"line":7,"column":23}},"2":{"start":{"line":9,"column":11},"end":{"line":9,"column":38}},"3":{"start":{"line":11,"column":39},"end":{"line":11,"column":93}},"4":{"start":{"line":13,"column":15},"end":{"line":18,"column":1}},"5":{"start":{"line":14,"column":2},"end":{"line":16,"column":3}},"6":{"start":{"line":15,"column":4},"end":{"line":15,"column":42}},"7":{"start":{"line":17,"column":2},"end":{"line":17,"column":11}},"8":{"start":{"line":20,"column":15},"end":{"line":24,"column":1}},"9":{"start":{"line":21,"column":2},"end":{"line":23,"column":5}},"10":{"start":{"line":22,"column":4},"end":{"line":22,"column":25}},"11":{"start":{"line":26,"column":10},"end":{"line":28,"column":1}},"12":{"start":{"line":27,"column":2},"end":{"line":27,"column":37}},"13":{"start":{"line":30,"column":13},"end":{"line":38,"column":1}},"14":{"start":{"line":31,"column":12},"end":{"line":33,"column":4}},"15":{"start":{"line":32,"column":4},"end":{"line":32,"column":24}},"16":{"start":{"line":34,"column":2},"end":{"line":36,"column":3}},"17":{"start":{"line":35,"column":4},"end":{"line":35,"column":15}},"18":{"start":{"line":37,"column":2},"end":{"line":37,"column":15}},"19":{"start":{"line":40,"column":18},"end":{"line":42,"column":1}},"20":{"start":{"line":41,"column":2},"end":{"line":41,"column":72}},"21":{"start":{"line":44,"column":0},"end":{"line":50,"column":2}}},"fnMap":{"0":{"name":"_interopRequireDefault","decl":{"start":{"line":11,"column":9},"end":{"line":11,"column":31}},"loc":{"start":{"line":11,"column":37},"end":{"line":11,"column":95}},"line":11},"1":{"name":"getNewId","decl":{"start":{"line":13,"column":24},"end":{"line":13,"column":32}},"loc":{"start":{"line":13,"column":40},"end":{"line":18,"column":1}},"line":13},"2":{"name":"getIndex","decl":{"start":{"line":20,"column":24},"end":{"line":20,"column":32}},"loc":{"start":{"line":20,"column":44},"end":{"line":24,"column":1}},"line":20},"3":{"name":"(anonymous_3)","decl":{"start":{"line":21,"column":25},"end":{"line":21,"column":26}},"loc":{"start":{"line":21,"column":41},"end":{"line":23,"column":3}},"line":21},"4":{"name":"now","decl":{"start":{"line":26,"column":19},"end":{"line":26,"column":22}},"loc":{"start":{"line":26,"column":25},"end":{"line":28,"column":1}},"line":26},"5":{"name":"exists","decl":{"start":{"line":30,"column":22},"end":{"line":30,"column":28}},"loc":{"start":{"line":30,"column":40},"end":{"line":38,"column":1}},"line":30},"6":{"name":"(anonymous_6)","decl":{"start":{"line":31,"column":23},"end":{"line":31,"column":24}},"loc":{"start":{"line":31,"column":38},"end":{"line":33,"column":3}},"line":31},"7":{"name":"writeToFile","decl":{"start":{"line":40,"column":27},"end":{"line":40,"column":38}},"loc":{"start":{"line":40,"column":58},"end":{"line":42,"column":1}},"line":40}},"branchMap":{"0":{"loc":{"start":{"line":11,"column":46},"end":{"line":11,"column":92}},"type":"cond-expr","locations":[{"start":{"line":11,"column":70},"end":{"line":11,"column":73}},{"start":{"line":11,"column":76},"end":{"line":11,"column":92}}],"line":11},"1":{"loc":{"start":{"line":11,"column":46},"end":{"line":11,"column":67}},"type":"binary-expr","locations":[{"start":{"line":11,"column":46},"end":{"line":11,"column":49}},{"start":{"line":11,"column":53},"end":{"line":11,"column":67}}],"line":11},"2":{"loc":{"start":{"line":14,"column":2},"end":{"line":16,"column":3}},"type":"if","locations":[{"start":{"line":14,"column":2},"end":{"line":16,"column":3}},{"start":{"line":14,"column":2},"end":{"line":16,"column":3}}],"line":14},"3":{"loc":{"start":{"line":34,"column":2},"end":{"line":36,"column":3}},"type":"if","locations":[{"start":{"line":34,"column":2},"end":{"line":36,"column":3}},{"start":{"line":34,"column":2},"end":{"line":36,"column":3}}],"line":34}},"s":{"0":1,"1":1,"2":1,"3":1,"4":1,"5":3,"6":3,"7":0,"8":1,"9":3,"10":5,"11":1,"12":0,"13":1,"14":17,"15":119,"16":17,"17":12,"18":5,"19":1,"20":9,"21":1},"f":{"0":1,"1":3,"2":3,"3":5,"4":0,"5":17,"6":119,"7":9},"b":{"0":[0,1],"1":[1,1],"2":[3,0],"3":[12,5]},"_coverageSchema":"43e27e138ebf9cfc5966b082cf9a028302ed4184","hash":"8fd840ba14a657306f5d55a62fb0c0aa0c42a58c","contentHash":"faf8a5d482cc9ebc69a2108df18b0094"},"C:\\Users\\Favour Afolayan\\repositories\\github\\questioner\\tests\\testData.js":{"path":"C:\\Users\\Favour Afolayan\\repositories\\github\\questioner\\tests\\testData.js","statementMap":{"0":{"start":{"line":3,"column":0},"end":{"line":5,"column":3}},"1":{"start":{"line":6,"column":14},"end":{"line":6,"column":557}},"2":{"start":{"line":8,"column":16},"end":{"line":8,"column":458}},"3":{"start":{"line":10,"column":0},"end":{"line":13,"column":2}}},"fnMap":{},"branchMap":{},"s":{"0":1,"1":1,"2":1,"3":1},"f":{},"b":{},"_coverageSchema":"43e27e138ebf9cfc5966b082cf9a028302ed4184","hash":"4c95a6c42293ca1a7afb6f1c4d4c276f35dc8a7a","contentHash":"08e8a4ef9046140b8bd9e544547a274f"},"C:\\Users\\Favour Afolayan\\repositories\\github\\questioner\\src\\controllers\\questionsController.js":{"path":"C:\\Users\\Favour Afolayan\\repositories\\github\\questioner\\src\\controllers\\questionsController.js","statementMap":{"0":{"start":{"line":3,"column":0},"end":{"line":5,"column":3}},"1":{"start":{"line":7,"column":19},"end":{"line":7,"column":563}},"2":{"start":{"line":7,"column":76},"end":{"line":7,"column":347}},"3":{"start":{"line":7,"column":134},"end":{"line":7,"column":142}},"4":{"start":{"line":7,"column":144},"end":{"line":7,"column":199}},"5":{"start":{"line":7,"column":200},"end":{"line":7,"column":231}},"6":{"start":{"line":7,"column":232},"end":{"line":7,"column":286}},"7":{"start":{"line":7,"column":259},"end":{"line":7,"column":286}},"8":{"start":{"line":7,"column":287},"end":{"line":7,"column":345}},"9":{"start":{"line":7,"column":350},"end":{"line":7,"column":559}},"10":{"start":{"line":7,"column":407},"end":{"line":7,"column":475}},"11":{"start":{"line":7,"column":423},"end":{"line":7,"column":475}},"12":{"start":{"line":7,"column":476},"end":{"line":7,"column":536}},"13":{"start":{"line":7,"column":493},"end":{"line":7,"column":536}},"14":{"start":{"line":7,"column":537},"end":{"line":7,"column":556}},"15":{"start":{"line":9,"column":16},"end":{"line":9,"column":45}},"16":{"start":{"line":11,"column":17},"end":{"line":11,"column":50}},"17":{"start":{"line":13,"column":39},"end":{"line":13,"column":93}},"18":{"start":{"line":15,"column":50},"end":{"line":15,"column":151}},"19":{"start":{"line":15,"column":92},"end":{"line":15,"column":149}},"20":{"start":{"line":17,"column":26},"end":{"line":92,"column":3}},"21":{"start":{"line":19,"column":4},"end":{"line":19,"column":47}},"22":{"start":{"line":22,"column":2},"end":{"line":89,"column":6}},"23":{"start":{"line":25,"column":17},"end":{"line":25,"column":41}},"24":{"start":{"line":26,"column":6},"end":{"line":31,"column":7}},"25":{"start":{"line":27,"column":8},"end":{"line":30,"column":11}},"26":{"start":{"line":32,"column":6},"end":{"line":35,"column":9}},"27":{"start":{"line":40,"column":29},"end":{"line":40,"column":71}},"28":{"start":{"line":41,"column":6},"end":{"line":48,"column":7}},"29":{"start":{"line":43,"column":8},"end":{"line":43,"column":42}},"30":{"start":{"line":44,"column":8},"end":{"line":47,"column":11}},"31":{"start":{"line":49,"column":6},"end":{"line":52,"column":9}},"32":{"start":{"line":57,"column":6},"end":{"line":67,"column":7}},"33":{"start":{"line":58,"column":26},"end":{"line":58,"column":65}},"34":{"start":{"line":59,"column":8},"end":{"line":66,"column":9}},"35":{"start":{"line":60,"column":10},"end":{"line":60,"column":39}},"36":{"start":{"line":61,"column":10},"end":{"line":61,"column":35}},"37":{"start":{"line":62,"column":10},"end":{"line":65,"column":13}},"38":{"start":{"line":68,"column":6},"end":{"line":71,"column":9}},"39":{"start":{"line":76,"column":29},"end":{"line":76,"column":71}},"40":{"start":{"line":77,"column":6},"end":{"line":83,"column":7}},"41":{"start":{"line":78,"column":21},"end":{"line":78,"column":151}},"42":{"start":{"line":79,"column":8},"end":{"line":82,"column":11}},"43":{"start":{"line":84,"column":6},"end":{"line":87,"column":9}},"44":{"start":{"line":91,"column":2},"end":{"line":91,"column":29}},"45":{"start":{"line":94,"column":0},"end":{"line":94,"column":38}}},"fnMap":{"0":{"name":"(anonymous_0)","decl":{"start":{"line":7,"column":19},"end":{"line":7,"column":20}},"loc":{"start":{"line":7,"column":31},"end":{"line":7,"column":561}},"line":7},"1":{"name":"defineProperties","decl":{"start":{"line":7,"column":42},"end":{"line":7,"column":58}},"loc":{"start":{"line":7,"column":74},"end":{"line":7,"column":349}},"line":7},"2":{"name":"(anonymous_2)","decl":{"start":{"line":7,"column":357},"end":{"line":7,"column":358}},"loc":{"start":{"line":7,"column":405},"end":{"line":7,"column":558}},"line":7},"3":{"name":"_interopRequireDefault","decl":{"start":{"line":13,"column":9},"end":{"line":13,"column":31}},"loc":{"start":{"line":13,"column":37},"end":{"line":13,"column":95}},"line":13},"4":{"name":"_classCallCheck","decl":{"start":{"line":15,"column":9},"end":{"line":15,"column":24}},"loc":{"start":{"line":15,"column":48},"end":{"line":15,"column":153}},"line":15},"5":{"name":"(anonymous_5)","decl":{"start":{"line":17,"column":26},"end":{"line":17,"column":27}},"loc":{"start":{"line":17,"column":38},"end":{"line":92,"column":1}},"line":17},"6":{"name":"QuestionsController","decl":{"start":{"line":18,"column":11},"end":{"line":18,"column":30}},"loc":{"start":{"line":18,"column":33},"end":{"line":20,"column":3}},"line":18},"7":{"name":"index","decl":{"start":{"line":24,"column":20},"end":{"line":24,"column":25}},"loc":{"start":{"line":24,"column":45},"end":{"line":36,"column":5}},"line":24},"8":{"name":"show","decl":{"start":{"line":39,"column":20},"end":{"line":39,"column":24}},"loc":{"start":{"line":39,"column":44},"end":{"line":53,"column":5}},"line":39},"9":{"name":"create","decl":{"start":{"line":56,"column":20},"end":{"line":56,"column":26}},"loc":{"start":{"line":56,"column":46},"end":{"line":72,"column":5}},"line":56},"10":{"name":"vote","decl":{"start":{"line":75,"column":20},"end":{"line":75,"column":24}},"loc":{"start":{"line":75,"column":44},"end":{"line":88,"column":5}},"line":75}},"branchMap":{"0":{"loc":{"start":{"line":7,"column":168},"end":{"line":7,"column":198}},"type":"binary-expr","locations":[{"start":{"line":7,"column":168},"end":{"line":7,"column":189}},{"start":{"line":7,"column":193},"end":{"line":7,"column":198}}],"line":7},"1":{"loc":{"start":{"line":7,"column":232},"end":{"line":7,"column":286}},"type":"if","locations":[{"start":{"line":7,"column":232},"end":{"line":7,"column":286}},{"start":{"line":7,"column":232},"end":{"line":7,"column":286}}],"line":7},"2":{"loc":{"start":{"line":7,"column":407},"end":{"line":7,"column":475}},"type":"if","locations":[{"start":{"line":7,"column":407},"end":{"line":7,"column":475}},{"start":{"line":7,"column":407},"end":{"line":7,"column":475}}],"line":7},"3":{"loc":{"start":{"line":7,"column":476},"end":{"line":7,"column":536}},"type":"if","locations":[{"start":{"line":7,"column":476},"end":{"line":7,"column":536}},{"start":{"line":7,"column":476},"end":{"line":7,"column":536}}],"line":7},"4":{"loc":{"start":{"line":13,"column":46},"end":{"line":13,"column":92}},"type":"cond-expr","locations":[{"start":{"line":13,"column":70},"end":{"line":13,"column":73}},{"start":{"line":13,"column":76},"end":{"line":13,"column":92}}],"line":13},"5":{"loc":{"start":{"line":13,"column":46},"end":{"line":13,"column":67}},"type":"binary-expr","locations":[{"start":{"line":13,"column":46},"end":{"line":13,"column":49}},{"start":{"line":13,"column":53},"end":{"line":13,"column":67}}],"line":13},"6":{"loc":{"start":{"line":15,"column":50},"end":{"line":15,"column":151}},"type":"if","locations":[{"start":{"line":15,"column":50},"end":{"line":15,"column":151}},{"start":{"line":15,"column":50},"end":{"line":15,"column":151}}],"line":15},"7":{"loc":{"start":{"line":26,"column":6},"end":{"line":31,"column":7}},"type":"if","locations":[{"start":{"line":26,"column":6},"end":{"line":31,"column":7}},{"start":{"line":26,"column":6},"end":{"line":31,"column":7}}],"line":26},"8":{"loc":{"start":{"line":41,"column":6},"end":{"line":48,"column":7}},"type":"if","locations":[{"start":{"line":41,"column":6},"end":{"line":48,"column":7}},{"start":{"line":41,"column":6},"end":{"line":48,"column":7}}],"line":41},"9":{"loc":{"start":{"line":57,"column":6},"end":{"line":67,"column":7}},"type":"if","locations":[{"start":{"line":57,"column":6},"end":{"line":67,"column":7}},{"start":{"line":57,"column":6},"end":{"line":67,"column":7}}],"line":57},"10":{"loc":{"start":{"line":57,"column":10},"end":{"line":57,"column":98}},"type":"binary-expr","locations":[{"start":{"line":57,"column":10},"end":{"line":57,"column":28}},{"start":{"line":57,"column":32},"end":{"line":57,"column":49}},{"start":{"line":57,"column":53},"end":{"line":57,"column":72}},{"start":{"line":57,"column":76},"end":{"line":57,"column":98}}],"line":57},"11":{"loc":{"start":{"line":59,"column":8},"end":{"line":66,"column":9}},"type":"if","locations":[{"start":{"line":59,"column":8},"end":{"line":66,"column":9}},{"start":{"line":59,"column":8},"end":{"line":66,"column":9}}],"line":59},"12":{"loc":{"start":{"line":77,"column":6},"end":{"line":83,"column":7}},"type":"if","locations":[{"start":{"line":77,"column":6},"end":{"line":83,"column":7}},{"start":{"line":77,"column":6},"end":{"line":83,"column":7}}],"line":77},"13":{"loc":{"start":{"line":78,"column":21},"end":{"line":78,"column":151}},"type":"cond-expr","locations":[{"start":{"line":78,"column":54},"end":{"line":78,"column":100}},{"start":{"line":78,"column":103},"end":{"line":78,"column":151}}],"line":78}},"s":{"0":1,"1":1,"2":1,"3":4,"4":4,"5":4,"6":4,"7":4,"8":4,"9":1,"10":1,"11":0,"12":1,"13":1,"14":1,"15":1,"16":1,"17":1,"18":0,"19":0,"20":1,"21":0,"22":1,"23":1,"24":1,"25":1,"26":0,"27":2,"28":2,"29":1,"30":1,"31":1,"32":2,"33":1,"34":1,"35":1,"36":1,"37":1,"38":1,"39":2,"40":2,"41":2,"42":2,"43":0,"44":1,"45":1},"f":{"0":1,"1":1,"2":1,"3":1,"4":0,"5":1,"6":0,"7":1,"8":2,"9":2,"10":2},"b":{"0":[4,4],"1":[4,0],"2":[0,1],"3":[1,0],"4":[1,0],"5":[1,1],"6":[0,0],"7":[1,0],"8":[1,1],"9":[1,1],"10":[2,1,1,1],"11":[1,0],"12":[2,0],"13":[1,1]},"_coverageSchema":"43e27e138ebf9cfc5966b082cf9a028302ed4184","hash":"39f51f347e1eb5ca935b500a07f3e8c74f9c7ae3","contentHash":"84c9d72b2ee4a1bb89e998fa1675ec88"},"C:\\Users\\Favour Afolayan\\repositories\\github\\questioner\\src\\models\\Question.js":{"path":"C:\\Users\\Favour Afolayan\\repositories\\github\\questioner\\src\\models\\Question.js","statementMap":{"0":{"start":{"line":3,"column":0},"end":{"line":5,"column":3}},"1":{"start":{"line":7,"column":19},"end":{"line":7,"column":563}},"2":{"start":{"line":7,"column":76},"end":{"line":7,"column":347}},"3":{"start":{"line":7,"column":134},"end":{"line":7,"column":142}},"4":{"start":{"line":7,"column":144},"end":{"line":7,"column":199}},"5":{"start":{"line":7,"column":200},"end":{"line":7,"column":231}},"6":{"start":{"line":7,"column":232},"end":{"line":7,"column":286}},"7":{"start":{"line":7,"column":259},"end":{"line":7,"column":286}},"8":{"start":{"line":7,"column":287},"end":{"line":7,"column":345}},"9":{"start":{"line":7,"column":350},"end":{"line":7,"column":559}},"10":{"start":{"line":7,"column":407},"end":{"line":7,"column":475}},"11":{"start":{"line":7,"column":423},"end":{"line":7,"column":475}},"12":{"start":{"line":7,"column":476},"end":{"line":7,"column":536}},"13":{"start":{"line":7,"column":493},"end":{"line":7,"column":536}},"14":{"start":{"line":7,"column":537},"end":{"line":7,"column":556}},"15":{"start":{"line":9,"column":12},"end":{"line":9,"column":27}},"16":{"start":{"line":11,"column":13},"end":{"line":11,"column":42}},"17":{"start":{"line":13,"column":14},"end":{"line":13,"column":31}},"18":{"start":{"line":15,"column":15},"end":{"line":15,"column":46}},"19":{"start":{"line":17,"column":17},"end":{"line":17,"column":50}},"20":{"start":{"line":19,"column":18},"end":{"line":19,"column":52}},"21":{"start":{"line":21,"column":14},"end":{"line":21,"column":42}},"22":{"start":{"line":23,"column":15},"end":{"line":23,"column":46}},"23":{"start":{"line":25,"column":39},"end":{"line":25,"column":93}},"24":{"start":{"line":27,"column":50},"end":{"line":27,"column":151}},"25":{"start":{"line":27,"column":92},"end":{"line":27,"column":149}},"26":{"start":{"line":29,"column":15},"end":{"line":29,"column":74}},"27":{"start":{"line":31,"column":15},"end":{"line":95,"column":3}},"28":{"start":{"line":33,"column":4},"end":{"line":33,"column":36}},"29":{"start":{"line":36,"column":2},"end":{"line":92,"column":6}},"30":{"start":{"line":39,"column":6},"end":{"line":39,"column":33}},"31":{"start":{"line":44,"column":6},"end":{"line":44,"column":62}},"32":{"start":{"line":49,"column":6},"end":{"line":63,"column":7}},"33":{"start":{"line":50,"column":17},"end":{"line":50,"column":63}},"34":{"start":{"line":51,"column":26},"end":{"line":59,"column":9}},"35":{"start":{"line":60,"column":8},"end":{"line":60,"column":46}},"36":{"start":{"line":61,"column":8},"end":{"line":61,"column":68}},"37":{"start":{"line":62,"column":8},"end":{"line":62,"column":27}},"38":{"start":{"line":64,"column":6},"end":{"line":64,"column":19}},"39":{"start":{"line":69,"column":28},"end":{"line":69,"column":76}},"40":{"start":{"line":70,"column":6},"end":{"line":76,"column":7}},"41":{"start":{"line":71,"column":8},"end":{"line":71,"column":35}},"42":{"start":{"line":72,"column":20},"end":{"line":72,"column":86}},"43":{"start":{"line":73,"column":8},"end":{"line":73,"column":53}},"44":{"start":{"line":74,"column":8},"end":{"line":74,"column":68}},"45":{"start":{"line":75,"column":8},"end":{"line":75,"column":31}},"46":{"start":{"line":77,"column":6},"end":{"line":77,"column":29}},"47":{"start":{"line":82,"column":28},"end":{"line":82,"column":76}},"48":{"start":{"line":83,"column":6},"end":{"line":89,"column":7}},"49":{"start":{"line":84,"column":8},"end":{"line":84,"column":35}},"50":{"start":{"line":85,"column":20},"end":{"line":85,"column":86}},"51":{"start":{"line":86,"column":8},"end":{"line":86,"column":53}},"52":{"start":{"line":87,"column":8},"end":{"line":87,"column":68}},"53":{"start":{"line":88,"column":8},"end":{"line":88,"column":31}},"54":{"start":{"line":90,"column":6},"end":{"line":90,"column":29}},"55":{"start":{"line":94,"column":2},"end":{"line":94,"column":18}},"56":{"start":{"line":97,"column":0},"end":{"line":97,"column":27}}},"fnMap":{"0":{"name":"(anonymous_0)","decl":{"start":{"line":7,"column":19},"end":{"line":7,"column":20}},"loc":{"start":{"line":7,"column":31},"end":{"line":7,"column":561}},"line":7},"1":{"name":"defineProperties","decl":{"start":{"line":7,"column":42},"end":{"line":7,"column":58}},"loc":{"start":{"line":7,"column":74},"end":{"line":7,"column":349}},"line":7},"2":{"name":"(anonymous_2)","decl":{"start":{"line":7,"column":357},"end":{"line":7,"column":358}},"loc":{"start":{"line":7,"column":405},"end":{"line":7,"column":558}},"line":7},"3":{"name":"_interopRequireDefault","decl":{"start":{"line":25,"column":9},"end":{"line":25,"column":31}},"loc":{"start":{"line":25,"column":37},"end":{"line":25,"column":95}},"line":25},"4":{"name":"_classCallCheck","decl":{"start":{"line":27,"column":9},"end":{"line":27,"column":24}},"loc":{"start":{"line":27,"column":48},"end":{"line":27,"column":153}},"line":27},"5":{"name":"(anonymous_5)","decl":{"start":{"line":31,"column":15},"end":{"line":31,"column":16}},"loc":{"start":{"line":31,"column":27},"end":{"line":95,"column":1}},"line":31},"6":{"name":"Question","decl":{"start":{"line":32,"column":11},"end":{"line":32,"column":19}},"loc":{"start":{"line":32,"column":22},"end":{"line":34,"column":3}},"line":32},"7":{"name":"all","decl":{"start":{"line":38,"column":20},"end":{"line":38,"column":23}},"loc":{"start":{"line":38,"column":26},"end":{"line":40,"column":5}},"line":38},"8":{"name":"find","decl":{"start":{"line":43,"column":20},"end":{"line":43,"column":24}},"loc":{"start":{"line":43,"column":29},"end":{"line":45,"column":5}},"line":43},"9":{"name":"create","decl":{"start":{"line":48,"column":20},"end":{"line":48,"column":26}},"loc":{"start":{"line":48,"column":36},"end":{"line":65,"column":5}},"line":48},"10":{"name":"upvote","decl":{"start":{"line":68,"column":20},"end":{"line":68,"column":26}},"loc":{"start":{"line":68,"column":31},"end":{"line":78,"column":5}},"line":68},"11":{"name":"downvote","decl":{"start":{"line":81,"column":20},"end":{"line":81,"column":28}},"loc":{"start":{"line":81,"column":33},"end":{"line":91,"column":5}},"line":81}},"branchMap":{"0":{"loc":{"start":{"line":7,"column":168},"end":{"line":7,"column":198}},"type":"binary-expr","locations":[{"start":{"line":7,"column":168},"end":{"line":7,"column":189}},{"start":{"line":7,"column":193},"end":{"line":7,"column":198}}],"line":7},"1":{"loc":{"start":{"line":7,"column":232},"end":{"line":7,"column":286}},"type":"if","locations":[{"start":{"line":7,"column":232},"end":{"line":7,"column":286}},{"start":{"line":7,"column":232},"end":{"line":7,"column":286}}],"line":7},"2":{"loc":{"start":{"line":7,"column":407},"end":{"line":7,"column":475}},"type":"if","locations":[{"start":{"line":7,"column":407},"end":{"line":7,"column":475}},{"start":{"line":7,"column":407},"end":{"line":7,"column":475}}],"line":7},"3":{"loc":{"start":{"line":7,"column":476},"end":{"line":7,"column":536}},"type":"if","locations":[{"start":{"line":7,"column":476},"end":{"line":7,"column":536}},{"start":{"line":7,"column":476},"end":{"line":7,"column":536}}],"line":7},"4":{"loc":{"start":{"line":25,"column":46},"end":{"line":25,"column":92}},"type":"cond-expr","locations":[{"start":{"line":25,"column":70},"end":{"line":25,"column":73}},{"start":{"line":25,"column":76},"end":{"line":25,"column":92}}],"line":25},"5":{"loc":{"start":{"line":25,"column":46},"end":{"line":25,"column":67}},"type":"binary-expr","locations":[{"start":{"line":25,"column":46},"end":{"line":25,"column":49}},{"start":{"line":25,"column":53},"end":{"line":25,"column":67}}],"line":25},"6":{"loc":{"start":{"line":27,"column":50},"end":{"line":27,"column":151}},"type":"if","locations":[{"start":{"line":27,"column":50},"end":{"line":27,"column":151}},{"start":{"line":27,"column":50},"end":{"line":27,"column":151}}],"line":27},"7":{"loc":{"start":{"line":49,"column":6},"end":{"line":63,"column":7}},"type":"if","locations":[{"start":{"line":49,"column":6},"end":{"line":63,"column":7}},{"start":{"line":49,"column":6},"end":{"line":63,"column":7}}],"line":49},"8":{"loc":{"start":{"line":70,"column":6},"end":{"line":76,"column":7}},"type":"if","locations":[{"start":{"line":70,"column":6},"end":{"line":76,"column":7}},{"start":{"line":70,"column":6},"end":{"line":76,"column":7}}],"line":70},"9":{"loc":{"start":{"line":70,"column":10},"end":{"line":70,"column":55}},"type":"binary-expr","locations":[{"start":{"line":70,"column":10},"end":{"line":70,"column":36}},{"start":{"line":70,"column":40},"end":{"line":70,"column":55}}],"line":70},"10":{"loc":{"start":{"line":83,"column":6},"end":{"line":89,"column":7}},"type":"if","locations":[{"start":{"line":83,"column":6},"end":{"line":89,"column":7}},{"start":{"line":83,"column":6},"end":{"line":89,"column":7}}],"line":83},"11":{"loc":{"start":{"line":83,"column":10},"end":{"line":83,"column":54}},"type":"binary-expr","locations":[{"start":{"line":83,"column":10},"end":{"line":83,"column":35}},{"start":{"line":83,"column":39},"end":{"line":83,"column":54}}],"line":83}},"s":{"0":1,"1":1,"2":1,"3":5,"4":5,"5":5,"6":5,"7":5,"8":5,"9":1,"10":1,"11":0,"12":1,"13":1,"14":1,"15":1,"16":1,"17":1,"18":1,"19":1,"20":1,"21":1,"22":1,"23":4,"24":0,"25":0,"26":1,"27":1,"28":0,"29":1,"30":1,"31":4,"32":1,"33":1,"34":1,"35":1,"36":1,"37":1,"38":0,"39":1,"40":1,"41":1,"42":1,"43":1,"44":1,"45":1,"46":0,"47":1,"48":1,"49":1,"50":1,"51":1,"52":1,"53":1,"54":0,"55":1,"56":1},"f":{"0":1,"1":1,"2":1,"3":4,"4":0,"5":1,"6":0,"7":1,"8":4,"9":1,"10":1,"11":1},"b":{"0":[5,5],"1":[5,0],"2":[0,1],"3":[1,0],"4":[1,3],"5":[4,4],"6":[0,0],"7":[1,0],"8":[1,0],"9":[1,1],"10":[1,0],"11":[1,1]},"_coverageSchema":"43e27e138ebf9cfc5966b082cf9a028302ed4184","hash":"b872875dbe974ee1cd5e7a1f534bf9f3625bdb64","contentHash":"b75d1419c86e36c113b66ea59d750543"},"C:\\Users\\Favour Afolayan\\repositories\\github\\questioner\\src\\controllers\\rsvpController.js":{"path":"C:\\Users\\Favour Afolayan\\repositories\\github\\questioner\\src\\controllers\\rsvpController.js","statementMap":{"0":{"start":{"line":3,"column":0},"end":{"line":5,"column":3}},"1":{"start":{"line":7,"column":19},"end":{"line":7,"column":563}},"2":{"start":{"line":7,"column":76},"end":{"line":7,"column":347}},"3":{"start":{"line":7,"column":134},"end":{"line":7,"column":142}},"4":{"start":{"line":7,"column":144},"end":{"line":7,"column":199}},"5":{"start":{"line":7,"column":200},"end":{"line":7,"column":231}},"6":{"start":{"line":7,"column":232},"end":{"line":7,"column":286}},"7":{"start":{"line":7,"column":259},"end":{"line":7,"column":286}},"8":{"start":{"line":7,"column":287},"end":{"line":7,"column":345}},"9":{"start":{"line":7,"column":350},"end":{"line":7,"column":559}},"10":{"start":{"line":7,"column":407},"end":{"line":7,"column":475}},"11":{"start":{"line":7,"column":423},"end":{"line":7,"column":475}},"12":{"start":{"line":7,"column":476},"end":{"line":7,"column":536}},"13":{"start":{"line":7,"column":493},"end":{"line":7,"column":536}},"14":{"start":{"line":7,"column":537},"end":{"line":7,"column":556}},"15":{"start":{"line":9,"column":12},"end":{"line":9,"column":37}},"16":{"start":{"line":11,"column":13},"end":{"line":11,"column":42}},"17":{"start":{"line":13,"column":13},"end":{"line":13,"column":41}},"18":{"start":{"line":15,"column":13},"end":{"line":15,"column":43}},"19":{"start":{"line":17,"column":14},"end":{"line":17,"column":41}},"20":{"start":{"line":19,"column":15},"end":{"line":19,"column":46}},"21":{"start":{"line":21,"column":14},"end":{"line":21,"column":42}},"22":{"start":{"line":23,"column":15},"end":{"line":23,"column":46}},"23":{"start":{"line":25,"column":39},"end":{"line":25,"column":93}},"24":{"start":{"line":27,"column":50},"end":{"line":27,"column":151}},"25":{"start":{"line":27,"column":92},"end":{"line":27,"column":149}},"26":{"start":{"line":29,"column":21},"end":{"line":87,"column":3}},"27":{"start":{"line":31,"column":4},"end":{"line":31,"column":42}},"28":{"start":{"line":34,"column":2},"end":{"line":84,"column":6}},"29":{"start":{"line":37,"column":26},"end":{"line":37,"column":63}},"30":{"start":{"line":38,"column":6},"end":{"line":43,"column":7}},"31":{"start":{"line":39,"column":8},"end":{"line":42,"column":11}},"32":{"start":{"line":44,"column":6},"end":{"line":47,"column":9}},"33":{"start":{"line":52,"column":6},"end":{"line":78,"column":7}},"34":{"start":{"line":53,"column":8},"end":{"line":73,"column":9}},"35":{"start":{"line":54,"column":27},"end":{"line":54,"column":67}},"36":{"start":{"line":55,"column":10},"end":{"line":68,"column":11}},"37":{"start":{"line":56,"column":26},"end":{"line":62,"column":13}},"38":{"start":{"line":63,"column":30},"end":{"line":63,"column":60}},"39":{"start":{"line":64,"column":12},"end":{"line":67,"column":15}},"40":{"start":{"line":69,"column":10},"end":{"line":72,"column":13}},"41":{"start":{"line":74,"column":8},"end":{"line":77,"column":11}},"42":{"start":{"line":79,"column":6},"end":{"line":82,"column":9}},"43":{"start":{"line":86,"column":2},"end":{"line":86,"column":24}},"44":{"start":{"line":89,"column":0},"end":{"line":89,"column":33}}},"fnMap":{"0":{"name":"(anonymous_0)","decl":{"start":{"line":7,"column":19},"end":{"line":7,"column":20}},"loc":{"start":{"line":7,"column":31},"end":{"line":7,"column":561}},"line":7},"1":{"name":"defineProperties","decl":{"start":{"line":7,"column":42},"end":{"line":7,"column":58}},"loc":{"start":{"line":7,"column":74},"end":{"line":7,"column":349}},"line":7},"2":{"name":"(anonymous_2)","decl":{"start":{"line":7,"column":357},"end":{"line":7,"column":358}},"loc":{"start":{"line":7,"column":405},"end":{"line":7,"column":558}},"line":7},"3":{"name":"_interopRequireDefault","decl":{"start":{"line":25,"column":9},"end":{"line":25,"column":31}},"loc":{"start":{"line":25,"column":37},"end":{"line":25,"column":95}},"line":25},"4":{"name":"_classCallCheck","decl":{"start":{"line":27,"column":9},"end":{"line":27,"column":24}},"loc":{"start":{"line":27,"column":48},"end":{"line":27,"column":153}},"line":27},"5":{"name":"(anonymous_5)","decl":{"start":{"line":29,"column":21},"end":{"line":29,"column":22}},"loc":{"start":{"line":29,"column":33},"end":{"line":87,"column":1}},"line":29},"6":{"name":"RsvpController","decl":{"start":{"line":30,"column":11},"end":{"line":30,"column":25}},"loc":{"start":{"line":30,"column":28},"end":{"line":32,"column":3}},"line":30},"7":{"name":"index","decl":{"start":{"line":36,"column":20},"end":{"line":36,"column":25}},"loc":{"start":{"line":36,"column":45},"end":{"line":48,"column":5}},"line":36},"8":{"name":"create","decl":{"start":{"line":51,"column":20},"end":{"line":51,"column":26}},"loc":{"start":{"line":51,"column":46},"end":{"line":83,"column":5}},"line":51}},"branchMap":{"0":{"loc":{"start":{"line":7,"column":168},"end":{"line":7,"column":198}},"type":"binary-expr","locations":[{"start":{"line":7,"column":168},"end":{"line":7,"column":189}},{"start":{"line":7,"column":193},"end":{"line":7,"column":198}}],"line":7},"1":{"loc":{"start":{"line":7,"column":232},"end":{"line":7,"column":286}},"type":"if","locations":[{"start":{"line":7,"column":232},"end":{"line":7,"column":286}},{"start":{"line":7,"column":232},"end":{"line":7,"column":286}}],"line":7},"2":{"loc":{"start":{"line":7,"column":407},"end":{"line":7,"column":475}},"type":"if","locations":[{"start":{"line":7,"column":407},"end":{"line":7,"column":475}},{"start":{"line":7,"column":407},"end":{"line":7,"column":475}}],"line":7},"3":{"loc":{"start":{"line":7,"column":476},"end":{"line":7,"column":536}},"type":"if","locations":[{"start":{"line":7,"column":476},"end":{"line":7,"column":536}},{"start":{"line":7,"c
[...]
classCallCheck","decl":{"start":{"line":23,"column":9},"end":{"line":23,"column":24}},"loc":{"start":{"line":23,"column":48},"end":{"line":23,"column":153}},"line":23},"5":{"name":"(anonymous_5)","decl":{"start":{"line":27,"column":11},"end":{"line":27,"column":12}},"loc":{"start":{"line":27,"column":23},"end":{"line":49,"column":1}},"line":27},"6":{"name":"Rsvp","decl":{"start":{"line":28,"column":11},"end":{"line":28,"column":15}},"loc":{"start":{"line":28,"column":18},"end":{"line":30,"column":3}},"line":28},"7":{"name":"all","decl":{"start":{"line":34,"column":20},"end":{"line":34,"column":23}},"loc":{"start":{"line":34,"column":28},"end":{"line":38,"column":5}},"line":34},"8":{"name":"(anonymous_8)","decl":{"start":{"line":35,"column":35},"end":{"line":35,"column":36}},"loc":{"start":{"line":35,"column":51},"end":{"line":37,"column":7}},"line":35},"9":{"name":"create","decl":{"start":{"line":41,"column":20},"end":{"line":41,"column":26}},"loc":{"start":{"line":41,"column":33},"end":{"line":45,"column":5}},"line":41}},"branchMap":{"0":{"loc":{"start":{"line":7,"column":168},"end":{"line":7,"column":198}},"type":"binary-expr","locations":[{"start":{"line":7,"column":168},"end":{"line":7,"column":189}},{"start":{"line":7,"column":193},"end":{"line":7,"column":198}}],"line":7},"1":{"loc":{"start":{"line":7,"column":232},"end":{"line":7,"column":286}},"type":"if","locations":[{"start":{"line":7,"column":232},"end":{"line":7,"column":286}},{"start":{"line":7,"column":232},"end":{"line":7,"column":286}}],"line":7},"2":{"loc":{"start":{"line":7,"column":407},"end":{"line":7,"column":475}},"type":"if","locations":[{"start":{"line":7,"column":407},"end":{"line":7,"column":475}},{"start":{"line":7,"column":407},"end":{"line":7,"column":475}}],"line":7},"3":{"loc":{"start":{"line":7,"column":476},"end":{"line":7,"column":536}},"type":"if","locations":[{"start":{"line":7,"column":476},"end":{"line":7,"column":536}},{"start":{"line":7,"column":476},"end":{"line":7,"column":536}}],"line":7},"4":{"loc":{"start":{"line":21,"column":46},"end":{"line":21,"column":92}},"type":"cond-expr","locations":[{"start":{"line":21,"column":70},"end":{"line":21,"column":73}},{"start":{"line":21,"column":76},"end":{"line":21,"column":92}}],"line":21},"5":{"loc":{"start":{"line":21,"column":46},"end":{"line":21,"column":67}},"type":"binary-expr","locations":[{"start":{"line":21,"column":46},"end":{"line":21,"column":49}},{"start":{"line":21,"column":53},"end":{"line":21,"column":67}}],"line":21},"6":{"loc":{"start":{"line":23,"column":50},"end":{"line":23,"column":151}},"type":"if","locations":[{"start":{"line":23,"column":50},"end":{"line":23,"column":151}},{"start":{"line":23,"column":50},"end":{"line":23,"column":151}}],"line":23}},"s":{"0":1,"1":1,"2":1,"3":2,"4":2,"5":2,"6":2,"7":2,"8":2,"9":1,"10":1,"11":0,"12":1,"13":1,"14":1,"15":1,"16":1,"17":1,"18":1,"19":1,"20":1,"21":3,"22":0,"23":0,"24":1,"25":1,"26":0,"27":1,"28":1,"29":10,"30":1,"31":1,"32":1,"33":1,"34":1},"f":{"0":1,"1":1,"2":1,"3":3,"4":0,"5":1,"6":0,"7":1,"8":10,"9":1},"b":{"0":[2,2],"1":[2,0],"2":[0,1],"3":[1,0],"4":[1,2],"5":[3,3],"6":[0,0]},"_coverageSchema":"43e27e138ebf9cfc5966b082cf9a028302ed4184","hash":"d4c8d108ef9ec2dc19c40ea6f3dea513962abc5b","contentHash":"a754bc8124bdf2acb113adb19910ab8c"},"C:\\Users\\Favour Afolayan\\repositories\\github\\questioner\\tests\\questions.spec.js":{"path":"C:\\Users\\Favour Afolayan\\repositories\\github\\questioner\\tests\\questions.spec.js","statementMap":{"0":{"start":{"line":3,"column":14},"end":{"line":3,"column":31}},"1":{"start":{"line":5,"column":15},"end":{"line":5,"column":46}},"2":{"start":{"line":7,"column":17},"end":{"line":7,"column":37}},"3":{"start":{"line":9,"column":18},"end":{"line":9,"column":52}},"4":{"start":{"line":11,"column":11},"end":{"line":11,"column":28}},"5":{"start":{"line":13,"column":12},"end":{"line":13,"column":40}},"6":{"start":{"line":15,"column":39},"end":{"line":15,"column":93}},"7":{"start":{"line":17,"column":18},"end":{"line":17,"column":37}},"8":{"start":{"line":20,"column":0},"end":{"line":81,"column":3}},"9":{"start":{"line":21,"column":2},"end":{"line":28,"column":5}},"10":{"start":{"line":22,"column":4},"end":{"line":27,"column":7}},"11":{"start":{"line":23,"column":6},"end":{"line":23,"column":55}},"12":{"start":{"line":24,"column":6},"end":{"line":24,"column":66}},"13":{"start":{"line":26,"column":6},"end":{"line":26,"column":32}},"14":{"start":{"line":30,"column":2},"end":{"line":35,"column":5}},"15":{"start":{"line":31,"column":4},"end":{"line":34,"column":7}},"16":{"start":{"line":32,"column":6},"end":{"line":32,"column":55}},"17":{"start":{"line":33,"column":6},"end":{"line":33,"column":167}},"18":{"start":{"line":37,"column":2},"end":{"line":52,"column":5}},"19":{"start":{"line":38,"column":18},"end":{"line":43,"column":5}},"20":{"start":{"line":44,"column":4},"end":{"line":51,"column":7}},"21":{"start":{"line":45,"column":6},"end":{"line":45,"column":55}},"22":{"start":{"line":46,"column":6},"end":{"line":46,"column":74}},"23":{"start":{"line":47,"column":6},"end":{"line":47,"column":72}},"24":{"start":{"line":48,"column":6},"end":{"line":48,"column":76}},"25":{"start":{"line":50,"column":6},"end":{"line":50,"column":32}},"26":{"start":{"line":54,"column":2},"end":{"line":61,"column":5}},"27":{"start":{"line":55,"column":4},"end":{"line":60,"column":7}},"28":{"start":{"line":56,"column":6},"end":{"line":56,"column":55}},"29":{"start":{"line":57,"column":6},"end":{"line":57,"column":59}},"30":{"start":{"line":59,"column":6},"end":{"line":59,"column":32}},"31":{"start":{"line":63,"column":2},"end":{"line":68,"column":5}},"32":{"start":{"line":64,"column":4},"end":{"line":67,"column":7}},"33":{"start":{"line":65,"column":6},"end":{"line":65,"column":55}},"34":{"start":{"line":66,"column":6},"end":{"line":66,"column":73}},"35":{"start":{"line":70,"column":2},"end":{"line":74,"column":5}},"36":{"start":{"line":71,"column":4},"end":{"line":73,"column":7}},"37":{"start":{"line":72,"column":6},"end":{"line":72,"column":60}},"38":{"start":{"line":76,"column":2},"end":{"line":80,"column":5}},"39":{"start":{"line":77,"column":4},"end":{"line":79,"column":7}},"40":{"start":{"line":78,"column":6},"end":{"line":78,"column":70}}},"fnMap":{"0":{"name":"_interopRequireDefault","decl":{"start":{"line":15,"column":9},"end":{"line":15,"column":31}},"loc":{"start":{"line":15,"column":37},"end":{"line":15,"column":95}},"line":15},"1":{"name":"(anonymous_1)","decl":{"start":{"line":20,"column":21},"end":{"line":20,"column":22}},"loc":{"start":{"line":20,"column":33},"end":{"line":81,"column":1}},"line":20},"2":{"name":"(anonymous_2)","decl":{"start":{"line":21,"column":38},"end":{"line":21,"column":39}},"loc":{"start":{"line":21,"column":50},"end":{"line":28,"column":3}},"line":21},"3":{"name":"(anonymous_3)","decl":{"start":{"line":22,"column":66},"end":{"line":22,"column":67}},"loc":{"start":{"line":22,"column":86},"end":{"line":25,"column":5}},"line":22},"4":{"name":"(anonymous_4)","decl":{"start":{"line":25,"column":13},"end":{"line":25,"column":14}},"loc":{"start":{"line":25,"column":30},"end":{"line":27,"column":5}},"line":25},"5":{"name":"(anonymous_5)","decl":{"start":{"line":30,"column":77},"end":{"line":30,"column":78}},"loc":{"start":{"line":30,"column":89},"end":{"line":35,"column":3}},"line":30},"6":{"name":"(anonymous_6)","decl":{"start":{"line":31,"column":67},"end":{"line":31,"column":68}},"loc":{"start":{"line":31,"column":87},"end":{"line":34,"column":5}},"line":31},"7":{"name":"(anonymous_7)","decl":{"start":{"line":37,"column":59},"end":{"line":37,"column":60}},"loc":{"start":{"line":37,"column":71},"end":{"line":52,"column":3}},"line":37},"8":{"name":"(anonymous_8)","decl":{"start":{"line":44,"column":81},"end":{"line":44,"column":82}},"loc":{"start":{"line":44,"column":101},"end":{"line":49,"column":5}},"line":44},"9":{"name":"(anonymous_9)","decl":{"start":{"line":49,"column":13},"end":{"line":49,"column":14}},"loc":{"start":{"line":49,"column":30},"end":{"line":51,"column":5}},"line":49},"10":{"name":"(anonymous_10)","decl":{"start":{"line":54,"column":63},"end":{"line":54,"column":64}},"loc":{"start":{"line":54,"column":75},"end":{"line":61,"column":3}},"line":54},"11":{"name":"(anonymous_11)","decl":{"start":{"line":55,"column":73},"end":{"line":55,"column":74}},"loc":{"start":{"line":55,"column":93},"end":{"line":58,"column":5}},"line":55},"12":{"name":"(anonymous_12)","decl":{"start":{"line":58,"column":13},"end":{"line":58,"column":14}},"loc":{"start":{"line":58,"column":30},"end":{"line":60,"column":5}},"line":58},"13":{"name":"(anonymous_13)","decl":{"start":{"line":63,"column":64},"end":{"line":63,"column":65}},"loc":{"start":{"line":63,"column":76},"end":{"line":68,"column":3}},"line":63},"14":{"name":"(anonymous_14)","decl":{"start":{"line":64,"column":76},"end":{"line":64,"column":77}},"loc":{"start":{"line":64,"column":96},"end":{"line":67,"column":5}},"line":64},"15":{"name":"(anonymous_15)","decl":{"start":{"line":70,"column":40},"end":{"line":70,"column":41}},"loc":{"start":{"line":70,"column":52},"end":{"line":74,"column":3}},"line":70},"16":{"name":"(anonymous_16)","decl":{"start":{"line":71,"column":82},"end":{"line":71,"column":83}},"loc":{"start":{"line":71,"column":102},"end":{"line":73,"column":5}},"line":71},"17":{"name":"(anonymous_17)","decl":{"start":{"line":76,"column":40},"end":{"line":76,"column":41}},"loc":{"start":{"line":76,"column":52},"end":{"line":80,"column":3}},"line":76},"18":{"name":"(anonymous_18)","decl":{"start":{"line":77,"column":84},"end":{"line":77,"column":85}},"loc":{"start":{"line":77,"column":104},"end":{"line":79,"column":5}},"line":77}},"branchMap":{"0":{"loc":{"start":{"line":15,"column":46},"end":{"line":15,"column":92}},"type":"cond-expr","locations":[{"start":{"line":15,"column":70},"end":{"line":15,"column":73}},{"start":{"line":15,"column":76},"end":{"line":15,"column":92}}],"line":15},"1":{"loc":{"start":{"line":15,"column":46},"end":{"line":15,"column":67}},"type":"binary-expr","locations":[{"start":{"line":15,"column":46},"end":{"line":15,"column":49}},{"start":{"line":15,"column":53},"end":{"line":15,"column":67}}],"line":15}},"s":{"0":1,"1":1,"2":1,"3":1,"4":1,"5":1,"6":3,"7":1,"8":1,"9":1,"10":1,"11":1,"12":1,"13":0,"14":1,"15":1,"16":1,"17":1,"18":1,"19":1,"20":1,"21":1,"22":1,"23":1,"24":1,"25":0,"26":1,"27":1,"28":1,"29":1,"30":0,"31":1,"32":1,"33":1,"34":1,"35":1,"36":1,"37":1,"38":1,"39":1,"40":1},"f":{"0":3,"1":1,"2":1,"3":1,"4":0,"5":1,"6":1,"7":1,"8":1,"9":0,"10":1,"11":1,"12":0,"13":1,"14":1,"15":1,"16":1,"17":1,"18":1},"b":{"0":[1,2],"1":[3,3]},"_coverageSchema":"43e27e138ebf9cfc5966b082cf9a028302ed4184","hash":"f306624cf67be8b21f681ead1439dda39fdea231","contentHash":"39b8b0249b54930d1d27fc2f76f75e66"},"C:\\Users\\Favour Afolayan\\repositories\\github\\questioner\\tests\\routes.spec.js":{"path":"C:\\Users\\Favour Afolayan\\repositories\\github\\questioner\\tests\\routes.spec.js","statementMap":{"0":{"start":{"line":3,"column":14},"end":{"line":3,"column":31}},"1":{"start":{"line":5,"column":15},"end":{"line":5,"column":46}},"2":{"start":{"line":7,"column":17},"end":{"line":7,"column":37}},"3":{"start":{"line":9,"column":18},"end":{"line":9,"column":52}},"4":{"start":{"line":11,"column":11},"end":{"line":11,"column":28}},"5":{"start":{"line":13,"column":12},"end":{"line":13,"column":40}},"6":{"start":{"line":15,"column":39},"end":{"line":15,"column":93}},"7":{"start":{"line":17,"column":17},"end":{"line":17,"column":34}},"8":{"start":{"line":19,"column":0},"end":{"line":31,"column":3}},"9":{"start":{"line":20,"column":2},"end":{"line":24,"column":5}},"10":{"start":{"line":21,"column":4},"end":{"line":23,"column":7}},"11":{"start":{"line":22,"column":6},"end":{"line":22,"column":55}},"12":{"start":{"line":26,"column":2},"end":{"line":30,"column":5}},"13":{"start":{"line":27,"column":4},"end":{"line":29,"column":7}},"14":{"start":{"line":28,"column":6},"end":{"line":28,"column":55}}},"fnMap":{"0":{"name":"_interopRequireDefault","decl":{"start":{"line":15,"column":9},"end":{"line":15,"column":31}},"loc":{"start":{"line":15,"column":37},"end":{"line":15,"column":95}},"line":15},"1":{"name":"(anonymous_1)","decl":{"start":{"line":19,"column":19},"end":{"line":19,"column":20}},"loc":{"start":{"line":19,"column":31},"end":{"line":31,"column":1}},"line":19},"2":{"name":"(anonymous_2)","decl":{"start":{"line":20,"column":46},"end":{"line":20,"column":47}},"loc":{"start":{"line":20,"column":58},"end":{"line":24,"column":3}},"line":20},"3":{"name":"(anonymous_3)","decl":{"start":{"line":21,"column":61},"end":{"line":21,"column":62}},"loc":{"start":{"line":21,"column":81},"end":{"line":23,"column":5}},"line":21},"4":{"name":"(anonymous_4)","decl":{"start":{"line":26,"column":46},"end":{"line":26,"column":47}},"loc":{"start":{"line":26,"column":58},"end":{"line":30,"column":3}},"line":26},"5":{"name":"(anonymous_5)","decl":{"start":{"line":27,"column":65},"end":{"line":27,"column":66}},"loc":{"start":{"line":27,"column":85},"end":{"line":29,"column":5}},"line":27}},"branchMap":{"0":{"loc":{"start":{"line":15,"column":46},"end":{"line":15,"column":92}},"type":"cond-expr","locations":[{"start":{"line":15,"column":70},"end":{"line":15,"column":73}},{"start":{"line":15,"column":76},"end":{"line":15,"column":92}}],"line":15},"1":{"loc":{"start":{"line":15,"column":46},"end":{"line":15,"column":67}},"type":"binary-expr","locations":[{"start":{"line":15,"column":46},"end":{"line":15,"column":49}},{"start":{"line":15,"column":53},"end":{"line":15,"column":67}}],"line":15}},"s":{"0":1,"1":1,"2":1,"3":1,"4":1,"5":1,"6":3,"7":1,"8":1,"9":1,"10":1,"11":1,"12":1,"13":1,"14":1},"f":{"0":3,"1":1,"2":1,"3":1,"4":1,"5":1},"b":{"0":[1,2],"1":[3,3]},"_coverageSchema":"43e27e138ebf9cfc5966b082cf9a028302ed4184","hash":"54cd8a519803b633e70928d1efd63885e469345b","contentHash":"6fa669c44ce34a8a35fc4b2e4956e5aa"},"C:\\Users\\Favour Afolayan\\repositories\\github\\questioner\\tests\\rsvp.spec.js":{"path":"C:\\Users\\Favour Afolayan\\repositories\\github\\questioner\\tests\\rsvp.spec.js","statementMap":{"0":{"start":{"line":3,"column":14},"end":{"line":3,"column":31}},"1":{"start":{"line":5,"column":15},"end":{"line":5,"column":46}},"2":{"start":{"line":7,"column":17},"end":{"line":7,"column":37}},"3":{"start":{"line":9,"column":18},"end":{"line":9,"column":52}},"4":{"start":{"line":11,"column":11},"end":{"line":11,"column":28}},"5":{"start":{"line":13,"column":12},"end":{"line":13,"column":40}},"6":{"start":{"line":15,"column":39},"end":{"line":15,"column":93}},"7":{"start":{"line":17,"column":17},"end":{"line":17,"column":34}},"8":{"start":{"line":19,"column":0},"end":{"line":62,"column":3}},"9":{"start":{"line":20,"column":2},"end":{"line":25,"column":5}},"10":{"start":{"line":21,"column":4},"end":{"line":24,"column":7}},"11":{"start":{"line":22,"column":6},"end":{"line":22,"column":55}},"12":{"start":{"line":23,"column":6},"end":{"line":23,"column":63}},"13":{"start":{"line":27,"column":2},"end":{"line":27,"column":49}},"14":{"start":{"line":29,"column":2},"end":{"line":36,"column":5}},"15":{"start":{"line":30,"column":4},"end":{"line":35,"column":7}},"16":{"start":{"line":31,"column":6},"end":{"line":31,"column":51}},"17":{"start":{"line":32,"column":6},"end":{"line":32,"column":55}},"18":{"start":{"line":34,"column":6},"end":{"line":34,"column":58}},"19":{"start":{"line":38,"column":2},"end":{"line":46,"column":5}},"20":{"start":{"line":39,"column":4},"end":{"line":45,"column":7}},"21":{"start":{"line":40,"column":6},"end":{"line":40,"column":59}},"22":{"start":{"line":41,"column":6},"end":{"line":41,"column":55}},"23":{"start":{"line":42,"column":6},"end":{"line":42,"column":71}},"24":{"start":{"line":44,"column":6},"end":{"line":44,"column":58}},"25":{"start":{"line":48,"column":2},"end":{"line":53,"column":5}},"26":{"start":{"line":49,"column":4},"end":{"line":52,"column":7}},"27":{"start":{"line":50,"column":6},"end":{"line":50,"column":121}},"28":{"start":{"line":51,"column":6},"end":{"line":51,"column":60}},"29":{"start":{"line":55,"column":2},"end":{"line":61,"column":5}},"30":{"start":{"line":56,"column":18},"end":{"line":56,"column":46}},"31":{"start":{"line":57,"column":4},"end":{"line":60,"column":7}},"32":{"start":{"line":58,"column":6},"end":{"line":58,"column":60}},"33":{"start":{"line":59,"column":6},"end":{"line":59,"column":69}}},"fnMap":{"0":{"name":"_interopRequireDefault","decl":{"start":{"line":15,"column":9},"end":{"line":15,"column":31}},"loc":{"start":{"line":15,"column":37},"end":{"line":15,"column":95}},"line":15},"1":{"name":"(anonymous_1)","decl":{"start":{"line":19,"column":17},"end":{"line":19,"column":18}},"loc":{"start":{"line":19,"column":29},"end":{"line":62,"column":1}},"line":19},"2":{"name":"(anonymous_2)","decl":{"start":{"line":20,"column":26},"end":{"line":20,"column":27}},"loc":{"start":{"line":20,"column":38},"end":{"line":25,"column":3}},"line":20},"3":{"name":"(anonymous_3)","decl":{"start":{"line":21,"column":78},"end":{"line":21,"column":79}},"loc":{"start":{"line":21,"column":98},"end":{"line":24,"column":5}},"line":21},"4":{"name":"(anonymous_4)","decl":{"start":{"line":29,"column":59},"end":{"line":29,"column":60}},"loc":{"start":{"line":29,"column":71},"end":{"line":36,"column":3}},"line":29},"5":{"name":"(anonymous_5)","decl":{"start":{"line":30,"column":82},"end":{"line":30,"column":83}},"loc":{"start":{"line":30,"column":102},"end":{"line":33,"column":5}},"line":30},"6":{"name":"(anonymous_6)","decl":{"start":{"line":33,"column":13},"end":{"line":33,"column":14}},"loc":{"start":{"line":33,"column":30},"end":{"line":35,"column":5}},"line":33},"7":{"name":"(anonymous_7)","decl":{"start":{"line":38,"column":57},"end":{"line":38,"column":58}},"loc":{"start":{"line":38,"column":69},"end":{"line":46,"column":3}},"line":38},"8":{"name":"(anonymous_8)","decl":{"start":{"line":39,"column":72},"end":{"line":39,"column":73}},"loc":{"start":{"line":39,"column":92},"end":{"line":43,"column":5}},"line":39},"9":{"name":"(anonymous_9)","decl":{"start":{"line":43,"column":13},"end":{"line":43,"column":14}},"loc":{"start":{"line":43,"column":30},"end":{"line":45,"column":5}},"line":43},"10":{"name":"(anonymous_10)","decl":{"start":{"line":48,"column":84},"end":{"line":48,"column":85}},"loc":{"start":{"line":48,"column":96},"end":{"line":53,"column":3}},"line":48},"11":{"name":"(anonymous_11)","decl":{"start":{"line":49,"column":79},"end":{"line":49,"column":80}},"loc":{"start":{"line":49,"column":99},"end":{"line":52,"column":5}},"line":49},"12":{"name":"(anonymous_12)","decl":{"start":{"line":55,"column":61},"end":{"line":55,"column":62}},"loc":{"start":{"line":55,"column":73},"end":{"line":61,"column":3}},"line":55},"13":{"name":"(anonymous_13)","decl":{"start":{"line":57,"column":93},"end":{"line":57,"column":94}},"loc":{"start":{"line":57,"column":113},"end":{"line":60,"column":5}},"line":57}},"branchMap":{"0":{"loc":{"start":{"line":15,"column":46},"end":{"line":15,"column":92}},"type":"cond-expr","locations":[{"start":{"line":15,"column":70},"end":{"line":15,"column":73}},{"start":{"line":15,"column":76},"end":{"line":15,"column":92}}],"line":15},"1":{"loc":{"start":{"line":15,"column":46},"end":{"line":15,"column":67}},"type":"binary-expr","locations":[{"start":{"line":15,"column":46},"end":{"line":15,"column":49}},{"start":{"line":15,"column":53},"end":{"line":15,"column":67}}],"line":15}},"s":{"0":1,"1":1,"2":1,"3":1,"4":1,"5":1,"6":3,"7":1,"8":1,"9":1,"10":1,"11":1,"12":1,"13":1,"14":1,"15":1,"16":1,"17":0,"18":1,"19":1,"20":1,"21":1,"22":1,"23":1,"24":0,"25":1,"26":1,"27":1,"28":1,"29":1,"30":1,"31":1,"32":1,"33":1},"f":{"0":3,"1":1,"2":1,"3":1,"4":1,"5":1,"6":1,"7":1,"8":1,"9":0,"10":1,"11":1,"12":1,"13":1},"b":{"0":[1,2],"1":[3,3]},"_coverageSchema":"43e27e138ebf9cfc5966b082cf9a028302ed4184","hash":"a6ae0faaa46460409d2c78cebbb5e359e730b8e9","contentHash":"ae1ad2686fd4158387d47351931efd91"}}