{"C:\\Users\\Favour Afolayan\\repositories\\github\\questioner\\src\\tests\\meetups.spec.js":{"path":"C:\\Users\\Favour Afolayan\\repositories\\github\\questioner\\src\\tests\\meetups.spec.js","statementMap":{"0":{"start":{"line":3,"column":14},"end":{"line":3,"column":31}},"1":{"start":{"line":5,"column":15},"end":{"line":5,"column":46}},"2":{"start":{"line":7,"column":17},"end":{"line":7,"column":37}},"3":{"start":{"line":9,"column":18},"end":{"line":9,"column":52}},"4":{"start":{"line":11,"column":14},"end":{"line":11,"column":31}},"5":{"start":{"line":13,"column":15},"end":{"line":13,"column":46}},"6":{"start":{"line":15,"column":11},"end":{"line":15,"column":34}},"7":{"start":{"line":17,"column":12},"end":{"line":17,"column":40}},"8":{"start":{"line":19,"column":39},"end":{"line":19,"column":93}},"9":{"start":{"line":21,"column":17},"end":{"line":21,"column":34}},"10":{"start":{"line":24,"column":0},"end":{"line":152,"column":3}},"11":{"start":{"line":26,"column":2},"end":{"line":32,"column":5}},"12":{"start":{"line":27,"column":4},"end":{"line":31,"column":7}},"13":{"start":{"line":28,"column":6},"end":{"line":28,"column":32}},"14":{"start":{"line":28,"column":15},"end":{"line":28,"column":32}},"15":{"start":{"line":29,"column":6},"end":{"line":29,"column":43}},"16":{"start":{"line":30,"column":6},"end":{"line":30,"column":13}},"17":{"start":{"line":35,"column":2},"end":{"line":42,"column":5}},"18":{"start":{"line":36,"column":4},"end":{"line":41,"column":7}},"19":{"start":{"line":37,"column":6},"end":{"line":37,"column":55}},"20":{"start":{"line":38,"column":6},"end":{"line":38,"column":79}},"21":{"start":{"line":40,"column":6},"end":{"line":40,"column":58}},"22":{"start":{"line":45,"column":2},"end":{"line":52,"column":5}},"23":{"start":{"line":46,"column":4},"end":{"line":51,"column":7}},"24":{"start":{"line":47,"column":6},"end":{"line":47,"column":55}},"25":{"start":{"line":48,"column":6},"end":{"line":48,"column":59}},"26":{"start":{"line":50,"column":6},"end":{"line":50,"column":58}},"27":{"start":{"line":55,"column":2},"end":{"line":67,"column":5}},"28":{"start":{"line":56,"column":18},"end":{"line":60,"column":5}},"29":{"start":{"line":61,"column":4},"end":{"line":61,"column":93}},"30":{"start":{"line":69,"column":2},"end":{"line":73,"column":5}},"31":{"start":{"line":70,"column":4},"end":{"line":72,"column":7}},"32":{"start":{"line":71,"column":6},"end":{"line":71,"column":55}},"33":{"start":{"line":76,"column":2},"end":{"line":87,"column":5}},"34":{"start":{"line":77,"column":4},"end":{"line":86,"column":7}},"35":{"start":{"line":78,"column":6},"end":{"line":83,"column":9}},"36":{"start":{"line":79,"column":8},"end":{"line":79,"column":80}},"37":{"start":{"line":80,"column":8},"end":{"line":80,"column":57}},"38":{"start":{"line":82,"column":8},"end":{"line":82,"column":60}},"39":{"start":{"line":85,"column":6},"end":{"line":85,"column":58}},"40":{"start":{"line":89,"column":2},"end":{"line":105,"column":5}},"41":{"start":{"line":90,"column":4},"end":{"line":104,"column":7}},"42":{"start":{"line":91,"column":20},"end":{"line":97,"column":7}},"43":{"start":{"line":98,"column":6},"end":{"line":98,"column":83}},"44":{"start":{"line":99,"column":6},"end":{"line":103,"column":9}},"45":{"start":{"line":100,"column":8},"end":{"line":100,"column":57}},"46":{"start":{"line":101,"column":8},"end":{"line":101,"column":77}},"47":{"start":{"line":102,"column":8},"end":{"line":102,"column":76}},"48":{"start":{"line":107,"column":2},"end":{"line":120,"column":5}},"49":{"start":{"line":108,"column":4},"end":{"line":119,"column":7}},"50":{"start":{"line":109,"column":20},"end":{"line":115,"column":7}},"51":{"start":{"line":116,"column":6},"end":{"line":118,"column":9}},"52":{"start":{"line":117,"column":8},"end":{"line":117,"column":57}},"53":{"start":{"line":122,"column":2},"end":{"line":136,"column":5}},"54":{"start":{"line":123,"column":4},"end":{"line":135,"column":7}},"55":{"start":{"line":124,"column":20},"end":{"line":130,"column":7}},"56":{"start":{"line":131,"column":6},"end":{"line":131,"column":83}},"57":{"start":{"line":132,"column":6},"end":{"line":134,"column":9}},"58":{"start":{"line":133,"column":8},"end":{"line":133,"column":57}},"59":{"start":{"line":138,"column":2},"end":{"line":144,"column":5}},"60":{"start":{"line":139,"column":4},"end":{"line":143,"column":7}},"61":{"start":{"line":140,"column":6},"end":{"line":142,"column":9}},"62":{"start":{"line":141,"column":8},"end":{"line":141,"column":57}},"63":{"start":{"line":146,"column":2},"end":{"line":151,"column":5}},"64":{"start":{"line":147,"column":4},"end":{"line":150,"column":7}},"65":{"start":{"line":148,"column":6},"end":{"line":148,"column":55}},"66":{"start":{"line":149,"column":6},"end":{"line":149,"column":117}}},"fnMap":{"0":{"name":"_interopRequireDefault","decl":{"start":{"line":19,"column":9},"end":{"line":19,"column":31}},"loc":{"start":{"line":19,"column":37},"end":{"line":19,"column":95}},"line":19},"1":{"name":"(anonymous_1)","decl":{"start":{"line":24,"column":20},"end":{"line":24,"column":21}},"loc":{"start":{"line":24,"column":32},"end":{"line":152,"column":1}},"line":24},"2":{"name":"(anonymous_2)","decl":{"start":{"line":26,"column":36},"end":{"line":26,"column":37}},"loc":{"start":{"line":26,"column":52},"end":{"line":32,"column":3}},"line":26},"3":{"name":"(anonymous_3)","decl":{"start":{"line":27,"column":76},"end":{"line":27,"column":77}},"loc":{"start":{"line":27,"column":96},"end":{"line":31,"column":5}},"line":27},"4":{"name":"(anonymous_4)","decl":{"start":{"line":35,"column":55},"end":{"line":35,"column":56}},"loc":{"start":{"line":35,"column":67},"end":{"line":42,"column":3}},"line":35},"5":{"name":"(anonymous_5)","decl":{"start":{"line":36,"column":74},"end":{"line":36,"column":75}},"loc":{"start":{"line":36,"column":94},"end":{"line":39,"column":5}},"line":36},"6":{"name":"(anonymous_6)","decl":{"start":{"line":39,"column":13},"end":{"line":39,"column":14}},"loc":{"start":{"line":39,"column":30},"end":{"line":41,"column":5}},"line":39},"7":{"name":"(anonymous_7)","decl":{"start":{"line":45,"column":37},"end":{"line":45,"column":38}},"loc":{"start":{"line":45,"column":49},"end":{"line":52,"column":3}},"line":45},"8":{"name":"(anonymous_8)","decl":{"start":{"line":46,"column":72},"end":{"line":46,"column":73}},"loc":{"start":{"line":46,"column":92},"end":{"line":49,"column":5}},"line":46},"9":{"name":"(anonymous_9)","decl":{"start":{"line":49,"column":13},"end":{"line":49,"column":14}},"loc":{"start":{"line":49,"column":30},"end":{"line":51,"column":5}},"line":49},"10":{"name":"(anonymous_10)","decl":{"start":{"line":55,"column":39},"end":{"line":55,"column":40}},"loc":{"start":{"line":55,"column":55},"end":{"line":67,"column":3}},"line":55},"11":{"name":"(anonymous_11)","decl":{"start":{"line":69,"column":91},"end":{"line":69,"column":92}},"loc":{"start":{"line":69,"column":103},"end":{"line":73,"column":3}},"line":69},"12":{"name":"(anonymous_12)","decl":{"start":{"line":70,"column":66},"end":{"line":70,"column":67}},"loc":{"start":{"line":70,"column":86},"end":{"line":72,"column":5}},"line":70},"13":{"name":"(anonymous_13)","decl":{"start":{"line":76,"column":65},"end":{"line":76,"column":66}},"loc":{"start":{"line":76,"column":77},"end":{"line":87,"column":3}},"line":76},"14":{"name":"(anonymous_14)","decl":{"start":{"line":77,"column":80},"end":{"line":77,"column":81}},"loc":{"start":{"line":77,"column":92},"end":{"line":84,"column":5}},"line":77},"15":{"name":"(anonymous_15)","decl":{"start":{"line":78,"column":67},"end":{"line":78,"column":68}},"loc":{"start":{"line":78,"column":87},"end":{"line":81,"column":7}},"line":78},"16":{"name":"(anonymous_16)","decl":{"start":{"line":81,"column":15},"end":{"line":81,"column":16}},"loc":{"start":{"line":81,"column":32},"end":{"line":83,"column":7}},"line":81},"17":{"name":"(anonymous_17)","decl":{"start":{"line":84,"column":13},"end":{"line":84,"column":14}},"loc":{"start":{"line":84,"column":30},"end":{"line":86,"column":5}},"line":84},"18":{"name":"(anonymous_18)","decl":{"start":{"line":89,"column":68},"end":{"line":89,"column":69}},"loc":{"start":{"line":89,"column":80},"end":{"line":105,"column":3}},"line":89},"19":{"name":"(anonymous_19)","decl":{"start":{"line":90,"column":72},"end":{"line":90,"column":73}},"loc":{"start":{"line":90,"column":92},"end":{"line":104,"column":5}},"line":90},"20":{"name":"(anonymous_20)","decl":{"start":{"line":99,"column":90},"end":{"line":99,"column":91}},"loc":{"start":{"line":99,"column":110},"end":{"line":103,"column":7}},"line":99},"21":{"name":"(anonymous_21)","decl":{"start":{"line":107,"column":78},"end":{"line":107,"column":79}},"loc":{"start":{"line":107,"column":90},"end":{"line":120,"column":3}},"line":107},"22":{"name":"(anonymous_22)","decl":{"start":{"line":108,"column":74},"end":{"line":108,"column":75}},"loc":{"start":{"line":108,"column":94},"end":{"line":119,"column":5}},"line":108},"23":{"name":"(anonymous_23)","decl":{"start":{"line":116,"column":92},"end":{"line":116,"column":93}},"loc":{"start":{"line":116,"column":112},"end":{"line":118,"column":7}},"line":116},"24":{"name":"(anonymous_24)","decl":{"start":{"line":122,"column":90},"end":{"line":122,"column":91}},"loc":{"start":{"line":122,"column":102},"end":{"line":136,"column":3}},"line":122},"25":{"name":"(anonymous_25)","decl":{"start":{"line":123,"column":72},"end":{"line":123,"column":73}},"loc":{"start":{"line":123,"column":92},"end":{"line":135,"column":5}},"line":123},"26":{"name":"(anonymous_26)","decl":{"start":{"line":132,"column":76},"end":{"line":132,"column":77}},"loc":{"start":{"line":132,"column":96},"end":{"line":134,"column":7}},"line":132},"27":{"name":"(anonymous_27)","decl":{"start":{"line":138,"column":38},"end":{"line":138,"column":39}},"loc":{"start":{"line":138,"column":50},"end":{"line":144,"column":3}},"line":138},"28":{"name":"(anonymous_28)","decl":{"start":{"line":139,"column":80},"end":{"line":139,"column":81}},"loc":{"start":{"line":139,"column":100},"end":{"line":143,"column":5}},"line":139},"29":{"name":"(anonymous_29)","decl":{"start":{"line":140,"column":77},"end":{"line":140,"column":78}},"loc":{"start":{"line":140,"column":97},"end":{"line":142,"column":7}},"line":140},"30":{"name":"(anonymous_30)","decl":{"start":{"line":146,"column":53},"end":{"line":146,"column":54}},"loc":{"start":{"line":146,"column":65},"end":{"line":151,"column":3}},"line":146},"31":{"name":"(anonymous_31)","decl":{"start":{"line":147,"column":79},"end":{"line":147,"column":80}},"loc":{"start":{"line":147,"column":99},"end":{"line":150,"column":5}},"line":147}},"branchMap":{"0":{"loc":{"start":{"line":19,"column":46},"end":{"line":19,"column":92}},"type":"cond-expr","locations":[{"start":{"line":19,"column":70},"end":{"line":19,"column":73}},{"start":{"line":19,"column":76},"end":{"line":19,"column":92}}],"line":19},"1":{"loc":{"start":{"line":19,"column":46},"end":{"line":19,"column":67}},"type":"binary-expr","locations":[{"start":{"line":19,"column":46},"end":{"line":19,"column":49}},{"start":{"line":19,"column":53},"end":{"line":19,"column":67}}],"line":19},"2":{"loc":{"start":{"line":28,"column":6},"end":{"line":28,"column":32}},"type":"if","locations":[{"start":{"line":28,"column":6},"end":{"line":28,"column":32}},{"start":{"line":28,"column":6},"end":{"line":28,"column":32}}],"line":28}},"s":{"0":1,"1":1,"2":1,"3":1,"4":1,"5":1,"6":1,"7":1,"8":4,"9":1,"10":1,"11":1,"12":1,"13":1,"14":1,"15":0,"16":0,"17":1,"18":1,"19":1,"20":0,"21":1,"22":1,"23":1,"24":1,"25":0,"26":1,"27":1,"28":1,"29":1,"30":1,"31":1,"32":1,"33":1,"34":1,"35":1,"36":1,"37":0,"38":1,"39":0,"40":1,"41":1,"42":1,"43":0,"44":0,"45":0,"46":0,"47":0,"48":1,"49":1,"50":1,"51":1,"52":1,"53":1,"54":1,"55":1,"56":0,"57":0,"58":0,"59":1,"60":1,"61":1,"62":1,"63":1,"64":1,"65":1,"66":0},"f":{"0":4,"1":1,"2":1,"3":1,"4":1,"5":1,"6":1,"7":1,"8":1,"9":1,"10":1,"11":1,"12":1,"13":1,"14":1,"15":1,"16":1,"17":0,"18":1,"19":1,"20":0,"21":1,"22":1,"23":1,"24":1,"25":1,"26":0,"27":1,"28":1,"29":1,"30":1,"31":1},"b":{"0":[1,3],"1":[4,4],"2":[1,0]},"_coverageSchema":"43e27e138ebf9cfc5966b082cf9a028302ed4184","hash":"3d104742dfc2e84859245d31a91dafa68a1c4634","contentHash":"840fc8a3b58b81d3fb419859074a5ba1"},"C:\\Users\\Favour Afolayan\\repositories\\github\\questioner\\app.js":{"path":"C:\\Users\\Favour Afolayan\\repositories\\github\\questioner\\app.js","statementMap":{"0":{"start":{"line":3,"column":0},"end":{"line":5,"column":3}},"1":{"start":{"line":7,"column":15},"end":{"line":7,"column":33}},"2":{"start":{"line":9,"column":16},"end":{"line":9,"column":48}},"3":{"start":{"line":11,"column":12},"end":{"line":11,"column":27}},"4":{"start":{"line":13,"column":13},"end":{"line":13,"column":42}},"5":{"start":{"line":15,"column":14},"end":{"line":15,"column":31}},"6":{"start":{"line":17,"column":15},"end":{"line":17,"column":46}},"7":{"start":{"line":19,"column":13},"end":{"line":19,"column":45}},"8":{"start":{"line":21,"column":14},"end":{"line":21,"column":44}},"9":{"start":{"line":23,"column":39},"end":{"line":23,"column":93}},"10":{"start":{"line":25,"column":10},"end":{"line":25,"column":34}},"11":{"start":{"line":27,"column":0},"end":{"line":27,"column":38}},"12":{"start":{"line":28,"column":0},"end":{"line":28,"column":34}},"13":{"start":{"line":30,"column":11},"end":{"line":30,"column":35}},"14":{"start":{"line":31,"column":0},"end":{"line":31,"column":25}},"15":{"start":{"line":33,"column":0},"end":{"line":35,"column":3}},"16":{"start":{"line":34,"column":1},"end":{"line":34,"column":87}},"17":{"start":{"line":37,"column":0},"end":{"line":37,"column":22}}},"fnMap":{"0":{"name":"_interopRequireDefault","decl":{"start":{"line":23,"column":9},"end":{"line":23,"column":31}},"loc":{"start":{"line":23,"column":37},"end":{"line":23,"column":95}},"line":23},"1":{"name":"(anonymous_1)","decl":{"start":{"line":33,"column":17},"end":{"line":33,"column":18}},"loc":{"start":{"line":33,"column":29},"end":{"line":35,"column":1}},"line":33}},"branchMap":{"0":{"loc":{"start":{"line":23,"column":46},"end":{"line":23,"column":92}},"type":"cond-expr","locations":[{"start":{"line":23,"column":70},"end":{"line":23,"column":73}},{"start":{"line":23,"column":76},"end":{"line":23,"column":92}}],"line":23},"1":{"loc":{"start":{"line":23,"column":46},"end":{"line":23,"column":67}},"type":"binary-expr","locations":[{"start":{"line":23,"column":46},"end":{"line":23,"column":49}},{"start":{"line":23,"column":53},"end":{"line":23,"column":67}}],"line":23},"2":{"loc":{"start":{"line":30,"column":11},"end":{"line":30,"column":35}},"type":"binary-expr","locations":[{"start":{"line":30,"column":11},"end":{"line":30,"column":27}},{"start":{"line":30,"column":31},"end":{"line":30,"column":35}}],"line":30}},"s":{"0":1,"1":1,"2":1,"3":1,"4":1,"5":1,"6":1,"7":1,"8":1,"9":4,"10":1,"11":1,"12":1,"13":1,"14":1,"15":1,"16":1,"17":1},"f":{"0":4,"1":1},"b":{"0":[1,3],"1":[4,4],"2":[1,1]},"_coverageSchema":"43e27e138ebf9cfc5966b082cf9a028302ed4184","hash":"c8ee612e968c303e87764ebe457b861cf79d2435","contentHash":"78985f3539e9cba477ac4f9c5fae6de3"},"C:\\Users\\Favour Afolayan\\repositories\\github\\questioner\\src\\routes\\index.js":{"path":"C:\\Users\\Favour Afolayan\\repositories\\github\\questioner\\src\\routes\\index.js","statementMap":{"0":{"start":{"line":3,"column":0},"end":{"line":5,"column":3}},"1":{"start":{"line":7,"column":15},"end":{"line":7,"column":33}},"2":{"start":{"line":9,"column":16},"end":{"line":9,"column":48}},"3":{"start":{"line":11,"column":24},"end":{"line":11,"column":66}},"4":{"start":{"line":13,"column":25},"end":{"line":13,"column":66}},"5":{"start":{"line":15,"column":27},"end":{"line":15,"column":72}},"6":{"start":{"line":17,"column":28},"end":{"line":17,"column":72}},"7":{"start":{"line":19,"column":22},"end":{"line":19,"column":62}},"8":{"start":{"line":21,"column":23},"end":{"line":21,"column":62}},"9":{"start":{"line":23,"column":22},"end":{"line":23,"column":62}},"10":{"start":{"line":25,"column":23},"end":{"line":25,"column":62}},"11":{"start":{"line":27,"column":17},"end":{"line":27,"column":48}},"12":{"start":{"line":29,"column":18},"end":{"line":29,"column":52}},"13":{"start":{"line":31,"column":14},"end":{"line":31,"column":42}},"14":{"start":{"line":33,"column":15},"end":{"line":33,"column":46}},"15":{"start":{"line":35,"column":39},"end":{"line":35,"column":93}},"16":{"start":{"line":37,"column":13},"end":{"line":37,"column":39}},"17":{"start":{"line":39,"column":0},"end":{"line":41,"column":3}},"18":{"start":{"line":40,"column":2},"end":{"line":40,"column":57}},"19":{"start":{"line":42,"column":0},"end":{"line":42,"column":64}},"20":{"start":{"line":43,"column":0},"end":{"line":43,"column":76}},"21":{"start":{"line":44,"column":0},"end":{"line":44,"column":102}},"22":{"start":{"line":45,"column":0},"end":{"line":45,"column":105}},"23":{"start":{"line":46,"column":0},"end":{"line":46,"column":99}},"24":{"start":{"line":47,"column":0},"end":{"line":47,"column":103}},"25":{"start":{"line":48,"column":0},"end":{"line":48,"column":105}},"26":{"start":{"line":49,"column":0},"end":{"line":49,"column":104}},"27":{"start":{"line":50,"column":0},"end":{"line":50,"column":141}},"28":{"start":{"line":51,"column":0},"end":{"line":51,"column":109}},"29":{"start":{"line":52,"column":0},"end":{"line":52,"column":69}},"30":{"start":{"line":53,"column":0},"end":{"line":53,"column":104}},"31":{"start":{"line":54,"column":0},"end":{"line":54,"column":113}},"32":{"start":{"line":55,"column":0},"end":{"line":55,"column":115}},"33":{"start":{"line":56,"column":0},"end":{"line":56,"column":147}},"34":{"start":{"line":57,"column":0},"end":{"line":57,"column":103}},"35":{"start":{"line":58,"column":0},"end":{"line":58,"column":25}}},"fnMap":{"0":{"name":"_interopRequireDefault","decl":{"start":{"line":35,"column":9},"end":{"line":35,"column":31}},"loc":{"start":{"line":35,"column":37},"end":{"line":35,"column":95}},"line":35},"1":{"name":"(anonymous_1)","decl":{"start":{"line":39,"column":16},"end":{"line":39,"column":17}},"loc":{"start":{"line":39,"column":45},"end":{"line":41,"column":1}},"line":39}},"branchMap":{"0":{"loc":{"start":{"line":35,"column":46},"end":{"line":35,"column":92}},"type":"cond-expr","locations":[{"start":{"line":35,"column":70},"end":{"line":35,"column":73}},{"start":{"line":35,"column":76},"end":{"line":35,"column":92}}],"line":35},"1":{"loc":{"start":{"line":35,"column":46},"end":{"line":35,"column":67}},"type":"binary-expr","locations":[{"start":{"line":35,"column":46},"end":{"line":35,"column":49}},{"start":{"line":35,"column":53},"end":{"line":35,"column":67}}],"line":35}},"s":{"0":1,"1":1,"2":1,"3":1,"4":1,"5":1,"6":1,"7":1,"8":1,"9":1,"10":1,"11":1,"12":1,"13":1,"14":1,"15":7,"16":1,"17":1,"18":0,"19":1,"20":1,"21":1,"22":1,"23":1,"24":1,"25":1,"26":1,"27":1,"28":1,"29":1,"30":1,"31":1,"32":1,"33":1,"34":1,"35":1},"f":{"0":7,"1":0},"b":{"0":[6,1],"1":[7,7]},"_coverageSchema":"43e27e138ebf9cfc5966b082cf9a028302ed4184","hash":"6ad73a2e55f702dc68b3174fd9933c21345536eb","contentHash":"d2918767eeb8db26cdda1f455f79c147"},"C:\\Users\\Favour Afolayan\\repositories\\github\\questioner\\src\\controllers\\meetupController.js":{"path":"C:\\Users\\Favour Afolayan\\repositories\\github\\questioner\\src\\controllers\\meetupController.js","statementMap":{"0":{"start":{"line":3,"column":0},"end":{"line":5,"column":3}},"1":{"start":{"line":7,"column":14},"end":{"line":7,"column":60}},"2":{"start":{"line":9,"column":15},"end":{"line":9,"column":46}},"3":{"start":{"line":11,"column":23},"end":{"line":11,"column":70}},"4":{"start":{"line":13,"column":23},"end":{"line":13,"column":63}},"5":{"start":{"line":15,"column":20},"end":{"line":15,"column":64}},"6":{"start":{"line":17,"column":20},"end":{"line":17,"column":57}},"7":{"start":{"line":19,"column":14},"end":{"line":19,"column":41}},"8":{"start":{"line":21,"column":15},"end":{"line":21,"column":46}},"9":{"start":{"line":23,"column":39},"end":{"line":23,"column":93}},"10":{"start":{"line":25,"column":23},"end":{"line":202,"column":3}},"11":{"start":{"line":27,"column":4},"end":{"line":27,"column":58}},"12":{"start":{"line":30,"column":2},"end":{"line":200,"column":6}},"13":{"start":{"line":33,"column":6},"end":{"line":55,"column":9}},"14":{"start":{"line":34,"column":8},"end":{"line":45,"column":9}},"15":{"start":{"line":35,"column":10},"end":{"line":40,"column":13}},"16":{"start":{"line":36,"column":12},"end":{"line":36,"column":34}},"17":{"start":{"line":37,"column":12},"end":{"line":37,"column":34}},"18":{"start":{"line":38,"column":12},"end":{"line":38,"column":26}},"19":{"start":{"line":39,"column":12},"end":{"line":39,"column":30}},"20":{"start":{"line":41,"column":10},"end":{"line":44,"column":13}},"21":{"start":{"line":46,"column":8},"end":{"line":49,"column":11}},"22":{"start":{"line":51,"column":8},"end":{"line":54,"column":11}},"23":{"start":{"line":60,"column":6},"end":{"line":81,"column":9}},"24":{"start":{"line":61,"column":8},"end":{"line":71,"column":9}},"25":{"start":{"line":62,"column":10},"end":{"line":66,"column":13}},"26":{"start":{"line":63,"column":12},"end":{"line":63,"column":34}},"27":{"start":{"line":64,"column":12},"end":{"line":64,"column":34}},"28":{"start":{"line":65,"column":12},"end":{"line":65,"column":30}},"29":{"start":{"line":67,"column":10},"end":{"line":70,"column":13}},"30":{"start":{"line":72,"column":8},"end":{"line":75,"column":11}},"31":{"start":{"line":77,"column":8},"end":{"line":80,"column":11}},"32":{"start":{"line":86,"column":6},"end":{"line":106,"column":9}},"33":{"start":{"line":87,"column":8},"end":{"line":96,"column":9}},"34":{"start":{"line":88,"column":21},"end":{"line":88,"column":62}},"35":{"start":{"line":89,"column":10},"end":{"line":89,"column":33}},"36":{"start":{"line":90,"column":10},"end":{"line":90,"column":33}},"37":{"start":{"line":91,"column":10},"end":{"line":91,"column":29}},"38":{"start":{"line":92,"column":10},"end":{"line":95,"column":13}},"39":{"start":{"line":97,"column":8},"end":{"line":100,"column":11}},"40":{"start":{"line":102,"column":8},"end":{"line":105,"column":11}},"41":{"start":{"line":111,"column":6},"end":{"line":121,"column":9}},"42":{"start":{"line":112,"column":8},"end":{"line":115,"column":11}},"43":{"start":{"line":117,"column":8},"end":{"line":120,"column":11}},"44":{"start":{"line":126,"column":6},"end":{"line":142,"column":9}},"45":{"start":{"line":127,"column":8},"end":{"line":132,"column":9}},"46":{"start":{"line":128,"column":10},"end":{"line":131,"column":13}},"47":{"start":{"line":133,"column":8},"end":{"line":136,"column":11}},"48":{"start":{"line":138,"column":8},"end":{"line":141,"column":11}},"49":{"start":{"line":147,"column":24},"end":{"line":147,"column":36}},"50":{"start":{"line":148,"column":6},"end":{"line":173,"column":9}},"51":{"start":{"line":149,"column":8},"end":{"line":151,"column":9}},"52":{"start":{"line":150,"column":10},"end":{"line":150,"column":24}},"53":{"start":{"line":152,"column":8},"end":{"line":155,"column":11}},"54":{"start":{"line":157,"column":8},"end":{"line":157,"column":60}},"55":{"start":{"line":159,"column":8},"end":{"line":163,"column":11}},"56":{"start":{"line":160,"column":10},"end":{"line":160,"column":32}},"57":{"start":{"line":161,"column":10},"end":{"line":161,"column":28}},"58":{"start":{"line":162,"column":10},"end":{"line":162,"column":26}},"59":{"start":{"line":164,"column":8},"end":{"line":167,"column":11}},"60":{"start":{"line":169,"column":8},"end":{"line":172,"column":11}},"61":{"start":{"line":178,"column":6},"end":{"line":198,"column":9}},"62":{"start":{"line":179,"column":8},"end":{"line":181,"column":9}},"63":{"start":{"line":180,"column":10},"end":{"line":180,"column":24}},"64":{"start":{"line":182,"column":8},"end":{"line":185,"column":11}},"65":{"start":{"line":187,"column":8},"end":{"line":192,"column":11}},"66":{"start":{"line":188,"column":10},"end":{"line":191,"column":13}},"67":{"start":{"line":194,"column":8},"end":{"line":197,"column":11}},"68":{"start":{"line":201,"column":2},"end":{"line":201,"column":26}},"69":{"start":{"line":204,"column":0},"end":{"line":204,"column":35}}},"fnMap":{"0":{"name":"_interopRequireDefault","decl":{"start":{"line":23,"column":9},"end":{"line":23,"column":31}},"loc":{"start":{"line":23,"column":37},"end":{"line":23,"column":95}},"line":23},"1":{"name":"(anonymous_1)","decl":{"start":{"line":25,"column":23},"end":{"line":25,"column":24}},"loc":{"start":{"line":25,"column":35},"end":{"line":202,"column":1}},"line":25},"2":{"name":"meetupController","decl":{"start":{"line":26,"column":11},"end":{"line":26,"column":27}},"loc":{"start":{"line":26,"column":30},"end":{"line":28,"column":3}},"line":26},"3":{"name":"index","decl":{"start":{"line":32,"column":20},"end":{"line":32,"column":25}},"loc":{"start":{"line":32,"column":45},"end":{"line":56,"column":5}},"line":32},"4":{"name":"(anonymous_4)","decl":{"start":{"line":33,"column":34},"end":{"line":33,"column":35}},"loc":{"start":{"line":33,"column":52},"end":{"line":50,"column":7}},"line":33},"5":{"name":"(anonymous_5)","decl":{"start":{"line":35,"column":26},"end":{"line":35,"column":27}},"loc":{"start":{"line":35,"column":41},"end":{"line":40,"column":11}},"line":35},"6":{"name":"(anonymous_6)","decl":{"start":{"line":50,"column":15},"end":{"line":50,"column":16}},"loc":{"start":{"line":50,"column":32},"end":{"line":55,"column":7}},"line":50},"7":{"name":"show","decl":{"start":{"line":59,"column":20},"end":{"line":59,"column":24}},"loc":{"start":{"line":59,"column":44},"end":{"line":82,"column":5}},"line":59},"8":{"name":"(anonymous_8)","decl":{"start":{"line":60,"column":52},"end":{"line":60,"column":53}},"loc":{"start":{"line":60,"column":70},"end":{"line":76,"column":7}},"line":60},"9":{"name":"(anonymous_9)","decl":{"start":{"line":62,"column":26},"end":{"line":62,"column":27}},"loc":{"start":{"line":62,"column":41},"end":{"line":66,"column":11}},"line":62},"10":{"name":"(anonymous_10)","decl":{"start":{"line":76,"column":15},"end":{"line":76,"column":16}},"loc":{"start":{"line":76,"column":32},"end":{"line":81,"column":7}},"line":76},"11":{"name":"create","decl":{"start":{"line":85,"column":20},"end":{"line":85,"column":26}},"loc":{"start":{"line":85,"column":46},"end":{"line":107,"column":5}},"line":85},"12":{"name":"(anonymous_12)","decl":{"start":{"line":86,"column":49},"end":{"line":86,"column":50}},"loc":{"start":{"line":86,"column":67},"end":{"line":101,"column":7}},"line":86},"13":{"name":"(anonymous_13)","decl":{"start":{"line":101,"column":15},"end":{"line":101,"column":16}},"loc":{"start":{"line":101,"column":32},"end":{"line":106,"column":7}},"line":101},"14":{"name":"destroyAll","decl":{"start":{"line":110,"column":20},"end":{"line":110,"column":30}},"loc":{"start":{"line":110,"column":50},"end":{"line":122,"column":5}},"line":110},"15":{"name":"(anonymous_15)","decl":{"start":{"line":111,"column":40},"end":{"line":111,"column":41}},"loc":{"start":{"line":111,"column":58},"end":{"line":116,"column":7}},"line":111},"16":{"name":"(anonymous_16)","decl":{"start":{"line":116,"column":15},"end":{"line":116,"column":16}},"loc":{"start":{"line":116,"column":32},"end":{"line":121,"column":7}},"line":116},"17":{"name":"upcoming","decl":{"start":{"line":125,"column":20},"end":{"line":125,"column":28}},"loc":{"start":{"line":125,"column":48},"end":{"line":143,"column":5}},"line":125},"18":{"name":"(anonymous_18)","decl":{"start":{"line":126,"column":39},"end":{"line":126,"column":40}},"loc":{"start":{"line":126,"column":57},"end":{"line":137,"column":7}},"line":126},"19":{"name":"(anonymous_19)","decl":{"start":{"line":137,"column":15},"end":{"line":137,"column":16}},"loc":{"start":{"line":137,"column":32},"end":{"line":142,"column":7}},"line":137},"20":{"name":"update","decl":{"start":{"line":146,"column":20},"end":{"line":146,"column":26}},"loc":{"start":{"line":146,"column":46},"end":{"line":174,"column":5}},"line":146},"21":{"name":"(anonymous_21)","decl":{"start":{"line":148,"column":52},"end":{"line":148,"column":53}},"loc":{"start":{"line":148,"column":70},"end":{"line":156,"column":7}},"line":148},"22":{"name":"(anonymous_22)","decl":{"start":{"line":156,"column":14},"end":{"line":156,"column":15}},"loc":{"start":{"line":156,"column":32},"end":{"line":158,"column":7}},"line":156},"23":{"name":"(anonymous_23)","decl":{"start":{"line":158,"column":14},"end":{"line":158,"column":15}},"loc":{"start":{"line":158,"column":33},"end":{"line":168,"column":7}},"line":158},"24":{"name":"(anonymous_24)","decl":{"start":{"line":159,"column":25},"end":{"line":159,"column":26}},"loc":{"start":{"line":159,"column":40},"end":{"line":163,"column":9}},"line":159},"25":{"name":"(anonymous_25)","decl":{"start":{"line":168,"column":15},"end":{"line":168,"column":16}},"loc":{"start":{"line":168,"column":32},"end":{"line":173,"column":7}},"line":168},"26":{"name":"destroy","decl":{"start":{"line":177,"column":20},"end":{"line":177,"column":27}},"loc":{"start":{"line":177,"column":47},"end":{"line":199,"column":5}},"line":177},"27":{"name":"(anonymous_27)","decl":{"start":{"line":178,"column":52},"end":{"line":178,"column":53}},"loc":{"start":{"line":178,"column":70},"end":{"line":186,"column":7}},"line":178},"28":{"name":"(anonymous_28)","decl":{"start":{"line":186,"column":14},"end":{"line":186,"column":15}},"loc":{"start":{"line":186,"column":36},"end":{"line":193,"column":7}},"line":186},"29":{"name":"(anonymous_29)","decl":{"start":{"line":187,"column":49},"end":{"line":187,"column":50}},"loc":{"start":{"line":187,"column":68},"end":{"line":192,"column":9}},"line":187},"30":{"name":"(anonymous_30)","decl":{"start":{"line":193,"column":15},"end":{"line":193,"column":16}},"loc":{"start":{"line":193,"column":32},"end":{"line":198,"column":7}},"line":193}},"branchMap":{"0":{"loc":{"start":{"line":23,"column":46},"end":{"line":23,"column":92}},"type":"cond-expr","locations":[{"start":{"line":23,"column":70},"end":{"line":23,"column":73}},{"start":{"line":23,"column":76},"end":{"line":23,"column":92}}],"line":23},"1":{"loc":{"start":{"line":23,"column":46},"end":{"line":23,"column":67}},"type":"binary-expr","locations":[{"start":{"line":23,"column":46},"end":{"line":23,"column":49}},{"start":{"line":23,"column":53},"end":{"line":23,"column":67}}],"line":23},"2":{"loc":{"start":{"line":34,"column":8},"end":{"line":45,"column":9}},"type":"if","locations":[{"start":{"line":34,"column":8},"end":{"line":45,"column":9}},{"start":{"line":34,"column":8},"end":{"line":45,"column":9}}],"line":34},"3":{"loc":{"start":{"line":61,"column":8},"end":{"line":71,"column":9}},"type":"if","locations":[{"start":{"line":61,"column":8},"end":{"line":71,"column":9}},{"start":{"line":61,"column":8},"end":{"line":71,"column":9}}],"line":61},"4":{"loc":{"start":{"line":87,"column":8},"end":{"line":96,"column":9}},"type":"if","locations":[{"start":{"line":87,"column":8},"end":{"line":96,"column":9}},{"start":{"line":87,"column":8},"end":{"line":96,"column":9}}],"line":87},"5":{"loc":{"start":{"line":127,"column":8},"end":{"line":132,"column":9}},"type":"if","locations":[{"start":{"line":127,"column":8},"end":{"line":132,"column":9}},{"start":{"line":127,"column":8},"end":{"line":132,"column":9}}],"line":127},"6":{"loc":{"start":{"line":149,"column":8},"end":{"line":151,"column":9}},"type":"if","locations":[{"start":{"line":149,"column":8},"end":{"line":151,"column":9}},{"start":{"line":149,"column":8},"end":{"line":151,"column":9}}],"line":149},"7":{"loc":{"start":{"line":179,"column":8},"end":{"line":181,"column":9}},"type":"if","locations":[{"start":{"line":179,"column":8},"end":{"line":181,"column":9}},{"start":{"line":179,"column":8},"end":{"line":181,"column":9}}],"line":179}},"s":{"0":1,"1":1,"2":1,"3":1,"4":1,"5":1,"6":1,"7":1,"8":1,"9":4,"10":1,"11":0,"12":1,"13":3,"14":3,"15":3,"16":11,"17":11,"18":11,"19":11,"20":3,"21":0,"22":0,"23":0,"24":0,"25":0,"26":0,"27":0,"28":0,"29":0,"30":0,"31":0,"32":1,"33":1,"34":1,"35":1,"36":1,"37":1,"38":1,"39":0,"40":0,"41":0,"42":0,"43":0,"44":1,"45":0,"46":0,"47":0,"48":0,"49":1,"50":1,"51":1,"52":0,"53":1,"54":1,"55":0,"56":0,"57":0,"58":0,"59":0,"60":1,"61":1,"62":1,"63":0,"64":1,"65":1,"66":0,"67":0,"68":1,"69":1},"f":{"0":4,"1":1,"2":0,"3":3,"4":3,"5":11,"6":0,"7":0,"8":0,"9":0,"10":0,"11":1,"12":1,"13":0,"14":0,"15":0,"16":0,"17":1,"18":0,"19":0,"20":1,"21":1,"22":1,"23":0,"24":0,"25":1,"26":1,"27":1,"28":1,"29":0,"30":0},"b":{"0":[4,0],"1":[4,4],"2":[3,0],"3":[0,0],"4":[1,0],"5":[0,0],"6":[0,1],"7":[0,1]},"_coverageSchema":"43e27e138ebf9cfc5966b082cf9a028302ed4184","hash":"4a44101f3008c636021173cec9b3a6f64cddb74d","contentHash":"641ffaa2e054420eab9d0b98ae18e464"},"C:\\Users\\Favour Afolayan\\repositories\\github\\questioner\\src\\models\\Meetup.js":{"path":"C:\\Users\\Favour Afolayan\\repositories\\github\\questioner\\src\\models\\Meetup.js","statementMap":{"0":{"start":{"line":3,"column":0},"end":{"line":5,"column":3}},"1":{"start":{"line":7,"column":14},"end":{"line":7,"column":60}},"2":{"start":{"line":9,"column":15},"end":{"line":9,"column":46}},"3":{"start":{"line":11,"column":15},"end":{"line":11,"column":55}},"4":{"start":{"line":13,"column":16},"end":{"line":13,"column":48}},"5":{"start":{"line":15,"column":23},"end":{"line":15,"column":70}},"6":{"start":{"line":17,"column":23},"end":{"line":17,"column":63}},"7":{"start":{"line":19,"column":20},"end":{"line":19,"column":64}},"8":{"start":{"line":21,"column":20},"end":{"line":21,"column":57}},"9":{"start":{"line":23,"column":14},"end":{"line":23,"column":31}},"10":{"start":{"line":25,"column":15},"end":{"line":25,"column":46}},"11":{"start":{"line":27,"column":14},"end":{"line":27,"column":42}},"12":{"start":{"line":29,"column":15},"end":{"line":29,"column":46}},"13":{"start":{"line":31,"column":20},"end":{"line":31,"column":55}},"14":{"start":{"line":33,"column":21},"end":{"line":33,"column":58}},"15":{"start":{"line":35,"column":39},"end":{"line":35,"column":93}},"16":{"start":{"line":37,"column":12},"end":{"line":37,"column":21}},"17":{"start":{"line":39,"column":13},"end":{"line":126,"column":3}},"18":{"start":{"line":41,"column":4},"end":{"line":41,"column":48}},"19":{"start":{"line":44,"column":2},"end":{"line":124,"column":6}},"20":{"start":{"line":47,"column":22},"end":{"line":47,"column":46}},"21":{"start":{"line":48,"column":6},"end":{"line":54,"column":9}},"22":{"start":{"line":49,"column":8},"end":{"line":53,"column":11}},"23":{"start":{"line":50,"column":10},"end":{"line":50,"column":35}},"24":{"start":{"line":52,"column":10},"end":{"line":52,"column":31}},"25":{"start":{"line":66,"column":22},"end":{"line":66,"column":65}},"26":{"start":{"line":67,"column":6},"end":{"line":73,"column":9}},"27":{"start":{"line":68,"column":8},"end":{"line":72,"column":11}},"28":{"start":{"line":69,"column":10},"end":{"line":69,"column":35}},"29":{"start":{"line":71,"column":10},"end":{"line":71,"column":31}},"30":{"start":{"line":78,"column":19},"end":{"line":84,"column":7}},"31":{"start":{"line":85,"column":22},"end":{"line":85,"column":121}},"32":{"start":{"line":87,"column":6},"end":{"line":93,"column":9}},"33":{"start":{"line":88,"column":8},"end":{"line":92,"column":11}},"34":{"start":{"line":89,"column":10},"end":{"line":89,"column":35}},"35":{"start":{"line":91,"column":10},"end":{"line":91,"column":31}},"36":{"start":{"line":98,"column":18},"end":{"line":98,"column":31}},"37":{"start":{"line":99,"column":21},"end":{"line":99,"column":37}},"38":{"start":{"line":100,"column":17},"end":{"line":100,"column":29}},"39":{"start":{"line":102,"column":22},"end":{"line":102,"column":115}},"40":{"start":{"line":103,"column":17},"end":{"line":103,"column":162}},"41":{"start":{"line":104,"column":6},"end":{"line":110,"column":9}},"42":{"start":{"line":105,"column":8},"end":{"line":109,"column":11}},"43":{"start":{"line":106,"column":10},"end":{"line":106,"column":35}},"44":{"start":{"line":108,"column":10},"end":{"line":108,"column":31}},"45":{"start":{"line":115,"column":22},"end":{"line":115,"column":61}},"46":{"start":{"line":116,"column":6},"end":{"line":122,"column":9}},"47":{"start":{"line":117,"column":8},"end":{"line":121,"column":11}},"48":{"start":{"line":118,"column":10},"end":{"line":118,"column":35}},"49":{"start":{"line":120,"column":10},"end":{"line":120,"column":31}},"50":{"start":{"line":125,"column":2},"end":{"line":125,"column":16}},"51":{"start":{"line":128,"column":0},"end":{"line":128,"column":25}}},"fnMap":{"0":{"name":"_interopRequireDefault","decl":{"start":{"line":35,"column":9},"end":{"line":35,"column":31}},"loc":{"start":{"line":35,"column":37},"end":{"line":35,"column":95}},"line":35},"1":{"name":"(anonymous_1)","decl":{"start":{"line":39,"column":13},"end":{"line":39,"column":14}},"loc":{"start":{"line":39,"column":25},"end":{"line":126,"column":1}},"line":39},"2":{"name":"Meetup","decl":{"start":{"line":40,"column":11},"end":{"line":40,"column":17}},"loc":{"start":{"line":40,"column":20},"end":{"line":42,"column":3}},"line":40},"3":{"name":"all","decl":{"start":{"line":46,"column":20},"end":{"line":46,"column":23}},"loc":{"start":{"line":46,"column":26},"end":{"line":55,"column":5}},"line":46},"4":{"name":"(anonymous_4)","decl":{"start":{"line":48,"column":35},"end":{"line":48,"column":36}},"loc":{"start":{"line":48,"column":62},"end":{"line":54,"column":7}},"line":48},"5":{"name":"(anonymous_5)","decl":{"start":{"line":49,"column":51},"end":{"line":49,"column":52}},"loc":{"start":{"line":49,"column":71},"end":{"line":51,"column":9}},"line":49},"6":{"name":"(anonymous_6)","decl":{"start":{"line":51,"column":17},"end":{"line":51,"column":18}},"loc":{"start":{"line":51,"column":34},"end":{"line":53,"column":9}},"line":51},"7":{"name":"upcoming","decl":{"start":{"line":58,"column":20},"end":{"line":58,"column":28}},"loc":{"start":{"line":58,"column":31},"end":{"line":62,"column":5}},"line":58},"8":{"name":"find","decl":{"start":{"line":65,"column":20},"end":{"line":65,"column":24}},"loc":{"start":{"line":65,"column":29},"end":{"line":74,"column":5}},"line":65},"9":{"name":"(anonymous_9)","decl":{"start":{"line":67,"column":35},"end":{"line":67,"column":36}},"loc":{"start":{"line":67,"column":62},"end":{"line":73,"column":7}},"line":67},"10":{"name":"(anonymous_10)","decl":{"start":{"line":68,"column":57},"end":{"line":68,"column":58}},"loc":{"start":{"line":68,"column":77},"end":{"line":70,"column":9}},"line":68},"11":{"name":"(anonymous_11)","decl":{"start":{"line":70,"column":17},"end":{"line":70,"column":18}},"loc":{"start":{"line":70,"column":34},"end":{"line":72,"column":9}},"line":70},"12":{"name":"create","decl":{"start":{"line":77,"column":20},"end":{"line":77,"column":26}},"loc":{"start":{"line":77,"column":36},"end":{"line":94,"column":5}},"line":77},"13":{"name":"(anonymous_13)","decl":{"start":{"line":87,"column":35},"end":{"line":87,"column":36}},"loc":{"start":{"line":87,"column":62},"end":{"line":93,"column":7}},"line":87},"14":{"name":"(anonymous_14)","decl":{"start":{"line":88,"column":82},"end":{"line":88,"column":83}},"loc":{"start":{"line":88,"column":102},"end":{"line":90,"column":9}},"line":88},"15":{"name":"(anonymous_15)","decl":{"start":{"line":90,"column":17},"end":{"line":90,"column":18}},"loc":{"start":{"line":90,"column":34},"end":{"line":92,"column":9}},"line":90},"16":{"name":"update","decl":{"start":{"line":97,"column":20},"end":{"line":97,"column":26}},"loc":{"start":{"line":97,"column":44},"end":{"line":111,"column":5}},"line":97},"17":{"name":"(anonymous_17)","decl":{"start":{"line":104,"column":35},"end":{"line":104,"column":36}},"loc":{"start":{"line":104,"column":62},"end":{"line":110,"column":7}},"line":104},"18":{"name":"(anonymous_18)","decl":{"start":{"line":105,"column":57},"end":{"line":105,"column":58}},"loc":{"start":{"line":105,"column":77},"end":{"line":107,"column":9}},"line":105},"19":{"name":"(anonymous_19)","decl":{"start":{"line":107,"column":17},"end":{"line":107,"column":18}},"loc":{"start":{"line":107,"column":34},"end":{"line":109,"column":9}},"line":107},"20":{"name":"_delete","decl":{"start":{"line":114,"column":20},"end":{"line":114,"column":27}},"loc":{"start":{"line":114,"column":36},"end":{"line":123,"column":5}},"line":114},"21":{"name":"(anonymous_21)","decl":{"start":{"line":116,"column":35},"end":{"line":116,"column":36}},"loc":{"start":{"line":116,"column":62},"end":{"line":122,"column":7}},"line":116},"22":{"name":"(anonymous_22)","decl":{"start":{"line":117,"column":72},"end":{"line":117,"column":73}},"loc":{"start":{"line":117,"column":92},"end":{"line":119,"column":9}},"line":117},"23":{"name":"(anonymous_23)","decl":{"start":{"line":119,"column":17},"end":{"line":119,"column":18}},"loc":{"start":{"line":119,"column":34},"end":{"line":121,"column":9}},"line":119}},"branchMap":{"0":{"loc":{"start":{"line":35,"column":46},"end":{"line":35,"column":92}},"type":"cond-expr","locations":[{"start":{"line":35,"column":70},"end":{"line":35,"column":73}},{"start":{"line":35,"column":76},"end":{"line":35,"column":92}}],"line":35},"1":{"loc":{"start":{"line":35,"column":46},"end":{"line":35,"column":67}},"type":"binary-expr","locations":[{"start":{"line":35,"column":46},"end":{"line":35,"column":49}},{"start":{"line":35,"column":53},"end":{"line":35,"column":67}}],"line":35},"2":{"loc":{"start":{"line":82,"column":16},"end":{"line":82,"column":52}},"type":"cond-expr","locations":[{"start":{"line":82,"column":33},"end":{"line":82,"column":47}},{"start":{"line":82,"column":50},"end":{"line":82,"column":52}}],"line":82},"3":{"loc":{"start":{"line":83,"column":14},"end":{"line":83,"column":46}},"type":"cond-expr","locations":[{"start":{"line":83,"column":29},"end":{"line":83,"column":41}},{"start":{"line":83,"column":44},"end":{"line":83,"column":46}}],"line":83},"4":{"loc":{"start":{"line":103,"column":18},"end":{"line":103,"column":47}},"type":"binary-expr","locations":[{"start":{"line":103,"column":18},"end":{"line":103,"column":23}},{"start":{"line":103,"column":27},"end":{"line":103,"column":47}}],"line":103},"5":{"loc":{"start":{"line":103,"column":49},"end":{"line":103,"column":84}},"type":"binary-expr","locations":[{"start":{"line":103,"column":49},"end":{"line":103,"column":57}},{"start":{"line":103,"column":61},"end":{"line":103,"column":84}}],"line":103},"6":{"loc":{"start":{"line":103,"column":86},"end":{"line":103,"column":113}},"type":"binary-expr","locations":[{"start":{"line":103,"column":86},"end":{"line":103,"column":90}},{"start":{"line":103,"column":94},"end":{"line":103,"column":113}}],"line":103}},"s":{"0":1,"1":1,"2":1,"3":1,"4":1,"5":1,"6":1,"7":1,"8":1,"9":1,"10":1,"11":1,"12":1,"13":1,"14":1,"15":7,"16":1,"17":1,"18":0,"19":1,"20":3,"21":3,"22":3,"23":3,"24":0,"25":2,"26":2,"27":2,"28":2,"29":0,"30":1,"31":1,"32":1,"33":1,"34":1,"35":0,"36":1,"37":1,"38":1,"39":1,"40":1,"41":0,"42":0,"43":0,"44":0,"45":1,"46":1,"47":1,"48":0,"49":0,"50":1,"51":1},"f":{"0":7,"1":1,"2":0,"3":3,"4":3,"5":3,"6":0,"7":1,"8":2,"9":2,"10":2,"11":0,"12":1,"13":1,"14":1,"15":0,"16":1,"17":0,"18":0,"19":0,"20":1,"21":1,"22":0,"23":0},"b":{"0":[6,1],"1":[7,7],"2":[0,1],"3":[0,1],"4":[1,1],"5":[0,0],"6":[0,0]},"_coverageSchema":"43e27e138ebf9cfc5966b082cf9a028302ed4184","hash":"0d057992f5ecd90aab906cc0d3e13142e665e54f","contentHash":"32fb358a8ccd70d1d2b798cf58c0522e"},"C:\\Users\\Favour Afolayan\\repositories\\github\\questioner\\src\\helpers\\helper.js":{"path":"C:\\Users\\Favour Afolayan\\repositories\\github\\questioner\\src\\helpers\\helper.js","statementMap":{"0":{"start":{"line":3,"column":0},"end":{"line":5,"column":3}},"1":{"start":{"line":7,"column":19},"end":{"line":7,"column":55}},"2":{"start":{"line":9,"column":20},"end":{"line":9,"column":56}},"3":{"start":{"line":11,"column":25},"end":{"line":11,"column":74}},"4":{"start":{"line":13,"column":25},"end":{"line":13,"column":67}},"5":{"start":{"line":15,"column":16},"end":{"line":15,"column":35}},"6":{"start":{"line":17,"column":17},"end":{"line":17,"column":50}},"7":{"start":{"line":19,"column":20},"end":{"line":19,"column":43}},"8":{"start":{"line":21,"column":21},"end":{"line":21,"column":58}},"9":{"start":{"line":23,"column":14},"end":{"line":23,"column":31}},"10":{"start":{"line":25,"column":15},"end":{"line":25,"column":46}},"11":{"start":{"line":27,"column":20},"end":{"line":27,"column":55}},"12":{"start":{"line":29,"column":21},"end":{"line":29,"column":58}},"13":{"start":{"line":31,"column":39},"end":{"line":31,"column":93}},"14":{"start":{"line":33,"column":0},"end":{"line":33,"column":26}},"15":{"start":{"line":35,"column":21},"end":{"line":67,"column":1}},"16":{"start":{"line":36,"column":2},"end":{"line":66,"column":3}},"17":{"start":{"line":38,"column":6},"end":{"line":41,"column":9}},"18":{"start":{"line":42,"column":6},"end":{"line":42,"column":12}},"19":{"start":{"line":44,"column":6},"end":{"line":47,"column":9}},"20":{"start":{"line":48,"column":6},"end":{"line":48,"column":12}},"21":{"start":{"line":50,"column":6},"end":{"line":53,"column":9}},"22":{"start":{"line":54,"column":6},"end":{"line":54,"column":12}},"23":{"start":{"line":56,"column":6},"end":{"line":59,"column":9}},"24":{"start":{"line":60,"column":6},"end":{"line":60,"column":12}},"25":{"start":{"line":62,"column":6},"end":{"line":65,"column":9}},"26":{"start":{"line":69,"column":10},"end":{"line":71,"column":1}},"27":{"start":{"line":70,"column":2},"end":{"line":70,"column":37}},"28":{"start":{"line":73,"column":19},"end":{"line":75,"column":1}},"29":{"start":{"line":74,"column":2},"end":{"line":74,"column":83}},"30":{"start":{"line":77,"column":22},"end":{"line":79,"column":1}},"31":{"start":{"line":78,"column":2},"end":{"line":78,"column":64}},"32":{"start":{"line":81,"column":20},"end":{"line":86,"column":1}},"33":{"start":{"line":82,"column":14},"end":{"line":84,"column":49}},"34":{"start":{"line":85,"column":2},"end":{"line":85,"column":15}},"35":{"start":{"line":88,"column":28},"end":{"line":120,"column":3}},"36":{"start":{"line":89,"column":13},"end":{"line":115,"column":5}},"37":{"start":{"line":91,"column":4},"end":{"line":114,"column":27}},"38":{"start":{"line":92,"column":6},"end":{"line":113,"column":7}},"39":{"start":{"line":93,"column":8},"end":{"line":112,"column":9}},"40":{"start":{"line":95,"column":12},"end":{"line":95,"column":39}},"41":{"start":{"line":97,"column":12},"end":{"line":107,"column":15}},"42":{"start":{"line":98,"column":14},"end":{"line":103,"column":15}},"43":{"start":{"line":99,"column":16},"end":{"line":102,"column":19}},"44":{"start":{"line":104,"column":14},"end":{"line":104,"column":21}},"45":{"start":{"line":106,"column":14},"end":{"line":106,"column":40}},"46":{"start":{"line":111,"column":12},"end":{"line":111,"column":35}},"47":{"start":{"line":117,"column":2},"end":{"line":119,"column":4}},"48":{"start":{"line":118,"column":4},"end":{"line":118,"column":39}},"49":{"start":{"line":122,"column":0},"end":{"line":129,"column":2}}},"fnMap":{"0":{"name":"_interopRequireDefault","decl":{"start":{"line":31,"column":9},"end":{"line":31,"column":31}},"loc":{"start":{"line":31,"column":37},"end":{"line":31,"column":95}},"line":31},"1":{"name":"checkErrorCode","decl":{"start":{"line":35,"column":30},"end":{"line":35,"column":44}},"loc":{"start":{"line":35,"column":62},"end":{"line":67,"column":1}},"line":35},"2":{"name":"now","decl":{"start":{"line":69,"column":19},"end":{"line":69,"column":22}},"loc":{"start":{"line":69,"column":25},"end":{"line":71,"column":1}},"line":69},"3":{"name":"hashPassword","decl":{"start":{"line":73,"column":28},"end":{"line":73,"column":40}},"loc":{"start":{"line":73,"column":51},"end":{"line":75,"column":1}},"line":73},"4":{"name":"comparePassword","decl":{"start":{"line":77,"column":31},"end":{"line":77,"column":46}},"loc":{"start":{"line":77,"column":71},"end":{"line":79,"column":1}},"line":77},"5":{"name":"generateToken","decl":{"start":{"line":81,"column":29},"end":{"line":81,"column":42}},"loc":{"start":{"line":81,"column":52},"end":{"line":86,"column":1}},"line":81},"6":{"name":"(anonymous_6)","decl":{"start":{"line":88,"column":28},"end":{"line":88,"column":29}},"loc":{"start":{"line":88,"column":40},"end":{"line":120,"column":1}},"line":88},"7":{"name":"_callee","decl":{"start":{"line":89,"column":95},"end":{"line":89,"column":102}},"loc":{"start":{"line":89,"column":128},"end":{"line":115,"column":3}},"line":89},"8":{"name":"_callee$","decl":{"start":{"line":91,"column":47},"end":{"line":91,"column":55}},"loc":{"start":{"line":91,"column":66},"end":{"line":114,"column":5}},"line":91},"9":{"name":"(anonymous_9)","decl":{"start":{"line":97,"column":91},"end":{"line":97,"column":92}},"loc":{"start":{"line":97,"column":109},"end":{"line":105,"column":13}},"line":97},"10":{"name":"(anonymous_10)","decl":{"start":{"line":105,"column":21},"end":{"line":105,"column":22}},"loc":{"start":{"line":105,"column":38},"end":{"line":107,"column":13}},"line":105},"11":{"name":"checkEmailDuplication","decl":{"start":{"line":117,"column":18},"end":{"line":117,"column":39}},"loc":{"start":{"line":117,"column":54},"end":{"line":119,"column":3}},"line":117}},"branchMap":{"0":{"loc":{"start":{"line":31,"column":46},"end":{"line":31,"column":92}},"type":"cond-expr","locations":[{"start":{"line":31,"column":70},"end":{"line":31,"column":73}},{"start":{"line":31,"column":76},"end":{"line":31,"column":92}}],"line":31},"1":{"loc":{"start":{"line":31,"column":46},"end":{"line":31,"column":67}},"type":"binary-expr","locations":[{"start":{"line":31,"column":46},"end":{"line":31,"column":49}},{"start":{"line":31,"column":53},"end":{"line":31,"column":67}}],"line":31},"2":{"loc":{"start":{"line":36,"column":2},"end":{"line":66,"column":3}},"type":"switch","locations":[{"start":{"line":37,"column":4},"end":{"line":42,"column":12}},{"start":{"line":43,"column":4},"end":{"line":48,"column":12}},{"start":{"line":49,"column":4},"end":{"line":54,"column":12}},{"start":{"line":55,"column":4},"end":{"line":60,"column":12}},{"start":{"line":61,"column":4},"end":{"line":65,"column":9}}],"line":36},"3":{"loc":{"start":{"line":93,"column":8},"end":{"line":112,"column":9}},"type":"switch","locations":[{"start":{"line":94,"column":10},"end":{"line":107,"column":15}},{"start":{"line":109,"column":10},"end":{"line":109,"column":17}},{"start":{"line":110,"column":10},"end":{"line":111,"column":35}}],"line":93},"4":{"loc":{"start":{"line":98,"column":14},"end":{"line":103,"column":15}},"type":"if","locations":[{"start":{"line":98,"column":14},"end":{"line":103,"column":15}},{"start":{"line":98,"column":14},"end":{"line":103,"column":15}}],"line":98}},"s":{"0":1,"1":1,"2":1,"3":1,"4":1,"5":1,"6":1,"7":1,"8":1,"9":1,"10":1,"11":1,"12":1,"13":6,"14":1,"15":1,"16":0,"17":0,"18":0,"19":0,"20":0,"21":0,"22":0,"23":0,"24":0,"25":0,"26":1,"27":0,"28":1,"29":0,"30":1,"31":0,"32":1,"33":0,"34":0,"35":1,"36":1,"37":0,"38":0,"39":0,"40":0,"41":0,"42":0,"43":0,"44":0,"45":0,"46":0,"47":1,"48":0,"49":1},"f":{"0":6,"1":0,"2":0,"3":0,"4":0,"5":0,"6":1,"7":0,"8":0,"9":0,"10":0,"11":0},"b":{"0":[2,4],"1":[6,6],"2":[0,0,0,0,0],"3":[0,0,0],"4":[0,0]},"_coverageSchema":"43e27e138ebf9cfc5966b082cf9a028302ed4184","hash":"3028f72530dd6719e26bcb073f0a167212850ba2","contentHash":"0c14c70f4fd7374809bd0f4d3eef5e07"},"C:\\Users\\Favour Afolayan\\repositories\\github\\questioner\\src\\database\\queryBuilder.js":{"path":"C:\\Users\\Favour Afolayan\\repositories\\github\\questioner\\src\\database\\queryBuilder.js","statementMap":{"0":{"start":{"line":3,"column":0},"end":{"line":5,"column":3}},"1":{"start":{"line":7,"column":15},"end":{"line":7,"column":55}},"2":{"start":{"line":9,"column":16},"end":{"line":9,"column":48}},"3":{"start":{"line":11,"column":23},"end":{"line":11,"column":70}},"4":{"start":{"line":13,"column":23},"end":{"line":13,"column":63}},"5":{"start":{"line":15,"column":20},"end":{"line":15,"column":64}},"6":{"start":{"line":17,"column":20},"end":{"line":17,"column":57}},"7":{"start":{"line":19,"column":10},"end":{"line":19,"column":23}},"8":{"start":{"line":21,"column":14},"end":{"line":21,"column":31}},"9":{"start":{"line":23,"column":15},"end":{"line":23,"column":46}},"10":{"start":{"line":25,"column":39},"end":{"line":25,"column":93}},"11":{"start":{"line":27,"column":0},"end":{"line":27,"column":26}},"12":{"start":{"line":28,"column":11},"end":{"line":28,"column":15}},"13":{"start":{"line":30,"column":0},"end":{"line":38,"column":1}},"14":{"start":{"line":31,"column":1},"end":{"line":33,"column":4}},"15":{"start":{"line":35,"column":1},"end":{"line":37,"column":4}},"16":{"start":{"line":40,"column":0},"end":{"line":42,"column":3}},"17":{"start":{"line":41,"column":1},"end":{"line":41,"column":36}},"18":{"start":{"line":44,"column":19},"end":{"line":64,"column":3}},"19":{"start":{"line":46,"column":2},"end":{"line":46,"column":52}},"20":{"start":{"line":49,"column":1},"end":{"line":62,"column":5}},"21":{"start":{"line":52,"column":20},"end":{"line":52,"column":90}},"22":{"start":{"line":54,"column":3},"end":{"line":60,"column":6}},"23":{"start":{"line":55,"column":4},"end":{"line":59,"column":7}},"24":{"start":{"line":56,"column":5},"end":{"line":56,"column":30}},"25":{"start":{"line":58,"column":5},"end":{"line":58,"column":26}},"26":{"start":{"line":63,"column":1},"end":{"line":63,"column":21}},"27":{"start":{"line":66,"column":0},"end":{"line":66,"column":31}}},"fnMap":{"0":{"name":"_interopRequireDefault","decl":{"start":{"line":25,"column":9},"end":{"line":25,"column":31}},"loc":{"start":{"line":25,"column":37},"end":{"line":25,"column":95}},"line":25},"1":{"name":"(anonymous_1)","decl":{"start":{"line":40,"column":19},"end":{"line":40,"column":20}},"loc":{"start":{"line":40,"column":31},"end":{"line":42,"column":1}},"line":40},"2":{"name":"(anonymous_2)","decl":{"start":{"line":44,"column":19},"end":{"line":44,"column":20}},"loc":{"start":{"line":44,"column":31},"end":{"line":64,"column":1}},"line":44},"3":{"name":"QueryBuilder","decl":{"start":{"line":45,"column":10},"end":{"line":45,"column":22}},"loc":{"start":{"line":45,"column":25},"end":{"line":47,"column":2}},"line":45},"4":{"name":"run","decl":{"start":{"line":51,"column":18},"end":{"line":51,"column":21}},"loc":{"start":{"line":51,"column":33},"end":{"line":61,"column":3}},"line":51},"5":{"name":"(anonymous_5)","decl":{"start":{"line":54,"column":32},"end":{"line":54,"column":33}},"loc":{"start":{"line":54,"column":59},"end":{"line":60,"column":4}},"line":54},"6":{"name":"(anonymous_6)","decl":{"start":{"line":55,"column":43},"end":{"line":55,"column":44}},"loc":{"start":{"line":55,"column":63},"end":{"line":57,"column":5}},"line":55},"7":{"name":"(anonymous_7)","decl":{"start":{"line":57,"column":13},"end":{"line":57,"column":14}},"loc":{"start":{"line":57,"column":30},"end":{"line":59,"column":5}},"line":57}},"branchMap":{"0":{"loc":{"start":{"line":25,"column":46},"end":{"line":25,"column":92}},"type":"cond-expr","locations":[{"start":{"line":25,"column":70},"end":{"line":25,"column":73}},{"start":{"line":25,"column":76},"end":{"line":25,"column":92}}],"line":25},"1":{"loc":{"start":{"line":25,"column":46},"end":{"line":25,"column":67}},"type":"binary-expr","locations":[{"start":{"line":25,"column":46},"end":{"line":25,"column":49}},{"start":{"line":25,"column":53},"end":{"line":25,"column":67}}],"line":25},"2":{"loc":{"start":{"line":30,"column":0},"end":{"line":38,"column":1}},"type":"if","locations":[{"start":{"line":30,"column":0},"end":{"line":38,"column":1}},{"start":{"line":30,"column":0},"end":{"line":38,"column":1}}],"line":30},"3":{"loc":{"start":{"line":52,"column":20},"end":{"line":52,"column":90}},"type":"cond-expr","locations":[{"start":{"line":52,"column":73},"end":{"line":52,"column":85}},{"start":{"line":52,"column":88},"end":{"line":52,"column":90}}],"line":52},"4":{"loc":{"start":{"line":52,"column":20},"end":{"line":52,"column":70}},"type":"binary-expr","locations":[{"start":{"line":52,"column":20},"end":{"line":52,"column":40}},{"start":{"line":52,"column":44},"end":{"line":52,"column":70}}],"line":52}},"s":{"0":1,"1":1,"2":1,"3":1,"4":1,"5":1,"6":1,"7":1,"8":1,"9":1,"10":4,"11":1,"12":1,"13":1,"14":1,"15":0,"16":1,"17":1,"18":1,"19":0,"20":1,"21":14,"22":14,"23":14,"24":14,"25":0,"26":1,"27":1},"f":{"0":4,"1":1,"2":1,"3":0,"4":14,"5":14,"6":14,"7":0},"b":{"0":[3,1],"1":[4,4],"2":[1,0],"3":[10,4],"4":[14,10]},"_coverageSchema":"43e27e138ebf9cfc5966b082cf9a028302ed4184","hash":"3bc2cd5f1899dbb9791eaa4f33f29c0888437a6b","contentHash":"e72b03fe31285f57dbec5c2942e3ee47"},"C:\\Users\\Favour Afolayan\\repositories\\github\\questioner\\src\\controllers\\questionsController.js":{"path":"C:\\Users\\Favour Afolayan\\repositories\\github\\questioner\\src\\controllers\\questionsController.js","statementMap":{"0":{"start":{"line":3,"column":0},"end":{"line":5,"column":3}},"1":{"start":{"line":7,"column":14},"end":{"line":7,"column":60}},"2":{"start":{"line":9,"column":15},"end":{"line":9,"column":46}},"3":{"start":{"line":11,"column":23},"end":{"line":11,"column":70}},"4":{"start":{"line":13,"column":23},"end":{"line":13,"column":63}},"5":{"start":{"line":15,"column":20},"end":{"line":15,"column":64}},"6":{"start":{"line":17,"column":20},"end":{"line":17,"column":57}},"7":{"start":{"line":19,"column":16},"end":{"line":19,"column":45}},"8":{"start":{"line":21,"column":17},"end":{"line":21,"column":50}},"9":{"start":{"line":23,"column":39},"end":{"line":23,"column":93}},"10":{"start":{"line":25,"column":26},"end":{"line":183,"column":3}},"11":{"start":{"line":27,"column":4},"end":{"line":27,"column":61}},"12":{"start":{"line":30,"column":2},"end":{"line":181,"column":6}},"13":{"start":{"line":33,"column":6},"end":{"line":54,"column":9}},"14":{"start":{"line":34,"column":8},"end":{"line":44,"column":9}},"15":{"start":{"line":35,"column":10},"end":{"line":39,"column":13}},"16":{"start":{"line":36,"column":12},"end":{"line":36,"column":34}},"17":{"start":{"line":37,"column":12},"end":{"line":37,"column":34}},"18":{"start":{"line":38,"column":12},"end":{"line":38,"column":26}},"19":{"start":{"line":40,"column":10},"end":{"line":43,"column":13}},"20":{"start":{"line":45,"column":8},"end":{"line":48,"column":11}},"21":{"start":{"line":50,"column":8},"end":{"line":53,"column":11}},"22":{"start":{"line":59,"column":6},"end":{"line":79,"column":9}},"23":{"start":{"line":60,"column":8},"end":{"line":69,"column":9}},"24":{"start":{"line":61,"column":10},"end":{"line":64,"column":13}},"25":{"start":{"line":62,"column":12},"end":{"line":62,"column":34}},"26":{"start":{"line":63,"column":12},"end":{"line":63,"column":34}},"27":{"start":{"line":65,"column":10},"end":{"line":68,"column":13}},"28":{"start":{"line":70,"column":8},"end":{"line":73,"column":11}},"29":{"start":{"line":75,"column":8},"end":{"line":78,"column":11}},"30":{"start":{"line":84,"column":26},"end":{"line":84,"column":38}},"31":{"start":{"line":85,"column":22},"end":{"line":85,"column":45}},"32":{"start":{"line":86,"column":20},"end":{"line":86,"column":41}},"33":{"start":{"line":88,"column":6},"end":{"line":109,"column":9}},"34":{"start":{"line":89,"column":8},"end":{"line":99,"column":9}},"35":{"start":{"line":90,"column":21},"end":{"line":90,"column":62}},"36":{"start":{"line":91,"column":10},"end":{"line":91,"column":33}},"37":{"start":{"line":92,"column":10},"end":{"line":92,"column":33}},"38":{"start":{"line":93,"column":10},"end":{"line":93,"column":30}},"39":{"start":{"line":94,"column":10},"end":{"line":94,"column":32}},"40":{"start":{"line":95,"column":10},"end":{"line":98,"column":13}},"41":{"start":{"line":100,"column":8},"end":{"line":103,"column":11}},"42":{"start":{"line":105,"column":8},"end":{"line":108,"column":11}},"43":{"start":{"line":114,"column":24},"end":{"line":114,"column":36}},"44":{"start":{"line":115,"column":6},"end":{"line":138,"column":9}},"45":{"start":{"line":116,"column":8},"end":{"line":118,"column":9}},"46":{"start":{"line":117,"column":10},"end":{"line":117,"column":24}},"47":{"start":{"line":119,"column":8},"end":{"line":122,"column":11}},"48":{"start":{"line":124,"column":8},"end":{"line":124,"column":62}},"49":{"start":{"line":126,"column":8},"end":{"line":128,"column":11}},"50":{"start":{"line":127,"column":10},"end":{"line":127,"column":32}},"51":{"start":{"line":129,"column":8},"end":{"line":132,"column":11}},"52":{"start":{"line":134,"column":8},"end":{"line":137,"column":11}},"53":{"start":{"line":143,"column":6},"end":{"line":163,"column":9}},"54":{"start":{"line":144,"column":8},"end":{"line":146,"column":9}},"55":{"start":{"line":145,"column":10},"end":{"line":145,"column":24}},"56":{"start":{"line":147,"column":8},"end":{"line":150,"column":11}},"57":{"start":{"line":152,"column":8},"end":{"line":157,"column":11}},"58":{"start":{"line":153,"column":10},"end":{"line":156,"column":13}},"59":{"start":{"line":159,"column":8},"end":{"line":162,"column":11}},"60":{"start":{"line":168,"column":29},"end":{"line":168,"column":71}},"61":{"start":{"line":169,"column":6},"end":{"line":175,"column":7}},"62":{"start":{"line":170,"column":21},"end":{"line":170,"column":151}},"63":{"start":{"line":171,"column":8},"end":{"line":174,"column":11}},"64":{"start":{"line":176,"column":6},"end":{"line":179,"column":9}},"65":{"start":{"line":182,"column":2},"end":{"line":182,"column":29}},"66":{"start":{"line":185,"column":0},"end":{"line":185,"column":38}}},"fnMap":{"0":{"name":"_interopRequireDefault","decl":{"start":{"line":23,"column":9},"end":{"line":23,"column":31}},"loc":{"start":{"line":23,"column":37},"end":{"line":23,"column":95}},"line":23},"1":{"name":"(anonymous_1)","decl":{"start":{"line":25,"column":26},"end":{"line":25,"column":27}},"loc":{"start":{"line":25,"column":38},"end":{"line":183,"column":1}},"line":25},"2":{"name":"QuestionsController","decl":{"start":{"line":26,"column":11},"end":{"line":26,"column":30}},"loc":{"start":{"line":26,"column":33},"end":{"line":28,"column":3}},"line":26},"3":{"name":"index","decl":{"start":{"line":32,"column":20},"end":{"line":32,"column":25}},"loc":{"start":{"line":32,"column":45},"end":{"line":55,"column":5}},"line":32},"4":{"name":"(anonymous_4)","decl":{"start":{"line":33,"column":36},"end":{"line":33,"column":37}},"loc":{"start":{"line":33,"column":54},"end":{"line":49,"column":7}},"line":33},"5":{"name":"(anonymous_5)","decl":{"start":{"line":35,"column":26},"end":{"line":35,"column":27}},"loc":{"start":{"line":35,"column":41},"end":{"line":39,"column":11}},"line":35},"6":{"name":"(anonymous_6)","decl":{"start":{"line":49,"column":15},"end":{"line":49,"column":16}},"loc":{"start":{"line":49,"column":32},"end":{"line":54,"column":7}},"line":49},"7":{"name":"show","decl":{"start":{"line":58,"column":20},"end":{"line":58,"column":24}},"loc":{"start":{"line":58,"column":44},"end":{"line":80,"column":5}},"line":58},"8":{"name":"(anonymous_8)","decl":{"start":{"line":59,"column":54},"end":{"line":59,"column":55}},"loc":{"start":{"line":59,"column":72},"end":{"line":74,"column":7}},"line":59},"9":{"name":"(anonymous_9)","decl":{"start":{"line":61,"column":26},"end":{"line":61,"column":27}},"loc":{"start":{"line":61,"column":41},"end":{"line":64,"column":11}},"line":61},"10":{"name":"(anonymous_10)","decl":{"start":{"line":74,"column":15},"end":{"line":74,"column":16}},"loc":{"start":{"line":74,"column":32},"end":{"line":79,"column":7}},"line":74},"11":{"name":"create","decl":{"start":{"line":83,"column":20},"end":{"line":83,"column":26}},"loc":{"start":{"line":83,"column":46},"end":{"line":110,"column":5}},"line":83},"12":{"name":"(anonymous_12)","decl":{"start":{"line":88,"column":51},"end":{"line":88,"column":52}},"loc":{"start":{"line":88,"column":69},"end":{"line":104,"column":7}},"line":88},"13":{"name":"(anonymous_13)","decl":{"start":{"line":104,"column":15},"end":{"line":104,"column":16}},"loc":{"start":{"line":104,"column":32},"end":{"line":109,"column":7}},"line":104},"14":{"name":"update","decl":{"start":{"line":113,"column":20},"end":{"line":113,"column":26}},"loc":{"start":{"line":113,"column":46},"end":{"line":139,"column":5}},"line":113},"15":{"name":"(anonymous_15)","decl":{"start":{"line":115,"column":54},"end":{"line":115,"column":55}},"loc":{"start":{"line":115,"column":72},"end":{"line":123,"column":7}},"line":115},"16":{"name":"(anonymous_16)","decl":{"start":{"line":123,"column":14},"end":{"line":123,"column":15}},"loc":{"start":{"line":123,"column":32},"end":{"line":125,"column":7}},"line":123},"17":{"name":"(anonymous_17)","decl":{"start":{"line":125,"column":14},"end":{"line":125,"column":15}},"loc":{"start":{"line":125,"column":33},"end":{"line":133,"column":7}},"line":125},"18":{"name":"(anonymous_18)","decl":{"start":{"line":126,"column":25},"end":{"line":126,"column":26}},"loc":{"start":{"line":126,"column":40},"end":{"line":128,"column":9}},"line":126},"19":{"name":"(anonymous_19)","decl":{"start":{"line":133,"column":15},"end":{"line":133,"column":16}},"loc":{"start":{"line":133,"column":32},"end":{"line":138,"column":7}},"line":133},"20":{"name":"destroy","decl":{"start":{"line":142,"column":20},"end":{"line":142,"column":27}},"loc":{"start":{"line":142,"column":47},"end":{"line":164,"column":5}},"line":142},"21":{"name":"(anonymous_21)","decl":{"start":{"line":143,"column":54},"end":{"line":143,"column":55}},"loc":{"start":{"line":143,"column":72},"end":{"line":151,"column":7}},"line":143},"22":{"name":"(anonymous_22)","decl":{"start":{"line":151,"column":14},"end":{"line":151,"column":15}},"loc":{"start":{"line":151,"column":36},"end":{"line":158,"column":7}},"line":151},"23":{"name":"(anonymous_23)","decl":{"start":{"line":152,"column":51},"end":{"line":152,"column":52}},"loc":{"start":{"line":152,"column":70},"end":{"line":157,"column":9}},"line":152},"24":{"name":"(anonymous_24)","decl":{"start":{"line":158,"column":15},"end":{"line":158,"column":16}},"loc":{"start":{"line":158,"column":32},"end":{"line":163,"column":7}},"line":158},"25":{"name":"vote","decl":{"start":{"line":167,"column":20},"end":{"line":167,"column":24}},"loc":{"start":{"line":167,"column":44},"end":{"line":180,"column":5}},"line":167}},"branchMap":{"0":{"loc":{"start":{"line":23,"column":46},"end":{"line":23,"column":92}},"type":"cond-expr","locations":[{"start":{"line":23,"column":70},"end":{"line":23,"column":73}},{"start":{"line":23,"column":76},"end":{"line":23,"column":92}}],"line":23},"1":{"loc":{"start":{"line":23,"column":46},"end":{"line":23,"column":67}},"type":"binary-expr","locations":[{"start":{"line":23,"column":46},"end":{"line":23,"column":49}},{"start":{"line":23,"column":53},"end":{"line":23,"column":67}}],"line":23},"2":{"loc":{"start":{"line":34,"column":8},"end":{"line":44,"column":9}},"type":"if","locations":[{"start":{"line":34,"column":8},"end":{"line":44,"column":9}},{"start":{"line":34,"column":8},"end":{"line":44,"column":9}}],"line":34},"3":{"loc":{"start":{"line":60,"column":8},"end":{"line":69,"column":9}},"type":"if","locations":[{"start":{"line":60,"column":8},"end":{"line":69,"column":9}},{"start":{"line":60,"column":8},"end":{"line":69,"column":9}}],"line":60},"4":{"loc":{"start":{"line":89,"column":8},"end":{"line":99,"column":9}},"type":"if","locations":[{"start":{"line":89,"column":8},"end":{"line":99,"column":9}},{"start":{"line":89,"column":8},"end":{"line":99,"column":9}}],"line":89},"5":{"loc":{"start":{"line":116,"column":8},"end":{"line":118,"column":9}},"type":"if","locations":[{"start":{"line":116,"column":8},"end":{"line":118,"column":9}},{"start":{"line":116,"column":8},"end":{"line":118,"column":9}}],"line":116},"6":{"loc":{"start":{"line":144,"column":8},"end":{"line":146,"column":9}},"type":"if","locations":[{"start":{"line":144,"column":8},"end":{"line":146,"column":9}},{"start":{"line":144,"column":8},"end":{"line":146,"column":9}}],"line":144},"7":{"loc":{"start":{"line":169,"column":6},"end":{"line":175,"column":7}},"type":"if","locations":[{"start":{"line":169,"column":6},"end":{"line":175,"column":7}},{"start":{"line":169,"column":6},"end":{"line":175,"column":7}}],"line":169},"8":{"loc":{"start":{"line":170,"column":21},"end":{"line":170,"column":151}},"type":"cond-expr","locations":[{"start":{"line":170,"column":54},"end":{"line":170,"column":100}},{"start":{"line":170,"column":103},"end":{"line":170,"column":151}}],"line":170}},"s":{"0":1,"1":1,"2":1,"3":1,"4":1,"5":1,"6":1,"7":1,"8":1,"9":4,"10":1,"11":0,"12":1,"13":1,"14":1,"15":0,"16":0,"17":0,"18":0,"19":0,"20":1,"21":0,"22":2,"23":2,"24":0,"25":0,"26":0,"27":0,"28":2,"29":0,"30":0,"31":0,"32":0,"33":0,"34":0,"35":0,"36":0,"37":0,"38":0,"39":0,"40":0,"41":0,"42":0,"43":0,"44":0,"45":0,"46":0,"47":0,"48":0,"49":0,"50":0,"51":0,"52":0,"53":0,"54":0,"55":0,"56":0,"57":0,"58":0,"59":0,"60":2,"61":2,"62":2,"63":0,"64":0,"65":1,"66":1},"f":{"0":4,"1":1,"2":0,"3":1,"4":1,"5":0,"6":0,"7":2,"8":2,"9":0,"10":0,"11":0,"12":0,"13":0,"14":0,"15":0,"16":0,"17":0,"18":0,"19":0,"20":0,"21":0,"22":0,"23":0,"24":0,"25":2},"b":{"0":[4,0],"1":[4,4],"2":[0,1],"3":[0,2],"4":[0,0],"5":[0,0],"6":[0,0],"7":[2,0],"8":[1,1]},"_coverageSchema":"43e27e138ebf9cfc5966b082cf9a028302ed4184","hash":"e4d686ea8a9df011b53b6a1884bd38168246e3ca","contentHash":"9fb460e8d6b6589039f497b8a8cf5b5c"},"C:\\Users\\Favour Afolayan\\repositories\\github\\questioner\\src\\models\\Question.js":{"path":"C:\\Users\\Favour Afolayan\\repositories\\github\\questioner\\src\\models\\Question.js","statementMap":{"0":{"start":{"line":3,"column":0},"end":{"line":5,"column":3}},"1":{"start":{"line":7,"column":14},"end":{"line":7,"column":60}},"2":{"start":{"line":9,"column":15},"end":{"line":9,"column":46}},"3":{"start":{"line":11,"column":15},"end":{"line":11,"column":55}},"4":{"start":{"line":13,"column":16},"end":{"line":13,"column":48}},"5":{"start":{"line":15,"column":23},"end":{"line":15,"column":70}},"6":{"start":{"line":17,"column":23},"end":{"line":17,"column":63}},"7":{"start":{"line":19,"column":20},"end":{"line":19,"column":64}},"8":{"start":{"line":21,"column":20},"end":{"line":21,"column":57}},"9":{"start":{"line":23,"column":14},"end":{"line":23,"column":31}},"10":{"start":{"line":25,"column":15},"end":{"line":25,"column":46}},"11":{"start":{"line":27,"column":20},"end":{"line":27,"column":55}},"12":{"start":{"line":29,"column":21},"end":{"line":29,"column":58}},"13":{"start":{"line":31,"column":39},"end":{"line":31,"column":93}},"14":{"start":{"line":33,"column":12},"end":{"line":33,"column":23}},"15":{"start":{"line":35,"column":15},"end":{"line":157,"column":3}},"16":{"start":{"line":37,"column":4},"end":{"line":37,"column":50}},"17":{"start":{"line":40,"column":2},"end":{"line":155,"column":6}},"18":{"start":{"line":43,"column":22},"end":{"line":43,"column":46}},"19":{"start":{"line":44,"column":6},"end":{"line":50,"column":9}},"20":{"start":{"line":45,"column":8},"end":{"line":49,"column":11}},"21":{"start":{"line":46,"column":10},"end":{"line":46,"column":35}},"22":{"start":{"line":48,"column":10},"end":{"line":48,"column":31}},"23":{"start":{"line":55,"column":22},"end":{"line":55,"column":65}},"24":{"start":{"line":56,"column":6},"end":{"line":62,"column":9}},"25":{"start":{"line":57,"column":8},"end":{"line":61,"column":11}},"26":{"start":{"line":58,"column":10},"end":{"line":58,"column":35}},"27":{"start":{"line":60,"column":10},"end":{"line":60,"column":31}},"28":{"start":{"line":67,"column":21},"end":{"line":72,"column":7}},"29":{"start":{"line":73,"column":22},"end":{"line":73,"column":117}},"30":{"start":{"line":74,"column":6},"end":{"line":80,"column":9}},"31":{"start":{"line":75,"column":8},"end":{"line":79,"column":11}},"32":{"start":{"line":76,"column":10},"end":{"line":76,"column":35}},"33":{"start":{"line":78,"column":10},"end":{"line":78,"column":31}},"34":{"start":{"line":85,"column":22},"end":{"line":85,"column":46}},"35":{"start":{"line":86,"column":6},"end":{"line":92,"column":9}},"36":{"start":{"line":87,"column":8},"end":{"line":91,"column":11}},"37":{"start":{"line":88,"column":10},"end":{"line":88,"column":35}},"38":{"start":{"line":90,"column":10},"end":{"line":90,"column":31}},"39":{"start":{"line":97,"column":18},"end":{"line":97,"column":31}},"40":{"start":{"line":98,"column":17},"end":{"line":98,"column":29}},"41":{"start":{"line":100,"column":22},"end":{"line":100,"column":89}},"42":{"start":{"line":101,"column":6},"end":{"line":107,"column":9}},"43":{"start":{"line":102,"column":8},"end":{"line":106,"column":11}},"44":{"start":{"line":103,"column":10},"end":{"line":103,"column":35}},"45":{"start":{"line":105,"column":10},"end":{"line":105,"column":31}},"46":{"start":{"line":112,"column":22},"end":{"line":112,"column":61}},"47":{"start":{"line":113,"column":6},"end":{"line":119,"column":9}},"48":{"start":{"line":114,"column":8},"end":{"line":118,"column":11}},"49":{"start":{"line":115,"column":10},"end":{"line":115,"column":35}},"50":{"start":{"line":117,"column":10},"end":{"line":117,"column":31}},"51":{"start":{"line":124,"column":6},"end":{"line":136,"column":9}},"52":{"start":{"line":125,"column":8},"end":{"line":125,"column":22}},"53":{"start":{"line":127,"column":8},"end":{"line":133,"column":11}},"54":{"start":{"line":128,"column":24},"end":{"line":128,"column":51}},"55":{"start":{"line":129,"column":26},"end":{"line":129,"column":73}},"56":{"start":{"line":130,"column":10},"end":{"line":132,"column":13}},"57":{"start":{"line":131,"column":12},"end":{"line":131,"column":37}},"58":{"start":{"line":135,"column":8},"end":{"line":135,"column":29}},"59":{"start":{"line":141,"column":6},"end":{"line":153,"column":9}},"60":{"start":{"line":142,"column":8},"end":{"line":142,"column":22}},"61":{"start":{"line":144,"column":8},"end":{"line":150,"column":11}},"62":{"start":{"line":145,"column":26},"end":{"line":145,"column":55}},"63":{"start":{"line":146,"column":26},"end":{"line":146,"column":75}},"64":{"start":{"line":147,"column":10},"end":{"line":149,"column":13}},"65":{"start":{"line":148,"column":12},"end":{"line":148,"column":37}},"66":{"start":{"line":152,"column":8},"end":{"line":152,"column":29}},"67":{"start":{"line":156,"column":2},"end":{"line":156,"column":18}},"68":{"start":{"line":159,"column":0},"end":{"line":159,"column":27}}},"fnMap":{"0":{"name":"_interopRequireDefault","decl":{"start":{"line":31,"column":9},"end":{"line":31,"column":31}},"loc":{"start":{"line":31,"column":37},"end":{"line":31,"column":95}},"line":31},"1":{"name":"(anonymous_1)","decl":{"start":{"line":35,"column":15},"end":{"line":35,"column":16}},"loc":{"start":{"line":35,"column":27},"end":{"line":157,"column":1}},"line":35},"2":{"name":"Question","decl":{"start":{"line":36,"column":11},"end":{"line":36,"column":19}},"loc":{"start":{"line":36,"column":22},"end":{"line":38,"column":3}},"line":36},"3":{"name":"all","decl":{"start":{"line":42,"column":20},"end":{"line":42,"column":23}},"loc":{"start":{"line":42,"column":26},"end":{"line":51,"column":5}},"line":42},"4":{"name":"(anonymous_4)","decl":{"start":{"line":44,"column":35},"end":{"line":44,"column":36}},"loc":{"start":{"line":44,"column":62},"end":{"line":50,"column":7}},"line":44},"5":{"name":"(anonymous_5)","decl":{"start":{"line":45,"column":51},"end":{"line":45,"column":52}},"loc":{"start":{"line":45,"column":71},"end":{"line":47,"column":9}},"line":45},"6":{"name":"(anonymous_6)","decl":{"start":{"line":47,"column":17},"end":{"line":47,"column":18}},"loc":{"start":{"line":47,"column":34},"end":{"line":49,"column":9}},"line":47},"7":{"name":"find","decl":{"start":{"line":54,"column":20},"end":{"line":54,"column":24}},"loc":{"start":{"line":54,"column":29},"end":{"line":63,"column":5}},"line":54},"8":{"name":"(anonymous_8)","decl":{"start":{"line":56,"column":35},"end":{"line":56,"column":36}},"loc":{"start":{"line":56,"column":62},"end":{"line":62,"column":7}},"line":56},"9":{"name":"(anonymous_9)","decl":{"start":{"line":57,"column":57},"end":{"line":57,"column":58}},"loc":{"start":{"line":57,"column":77},"end":{"line":59,"column":9}},"line":57},"10":{"name":"(anonymous_10)","decl":{"start":{"line":59,"column":17},"end":{"line":59,"column":18}},"loc":{"start":{"line":59,"column":34},"end":{"line":61,"column":9}},"line":59},"11":{"name":"create","decl":{"start":{"line":66,"column":20},"end":{"line":66,"column":26}},"loc":{"start":{"line":66,"column":36},"end":{"line":81,"column":5}},"line":66},"12":{"name":"(anonymous_12)","decl":{"start":{"line":74,"column":35},"end":{"line":74,"column":36}},"loc":{"start":{"line":74,"column":62},"end":{"line":80,"column":7}},"line":74},"13":{"name":"(anonymous_13)","decl":{"start":{"line":75,"column":84},"end":{"line":75,"column":85}},"loc":{"start":{"line":75,"column":104},"end":{"line":77,"column":9}},"line":75},"14":{"name":"(anonymous_14)","decl":{"start":{"line":77,"column":17},"end":{"line":77,"column":18}},"loc":{"start":{"line":77,"column":34},"end":{"line":79,"column":9}},"line":77},"15":{"name":"deleteAll","decl":{"start":{"line":84,"column":20},"end":{"line":84,"column":29}},"loc":{"start":{"line":84,"column":32},"end":{"line":93,"column":5}},"line":84},"16":{"name":"(anonymous_16)","decl":{"start":{"line":86,"column":35},"end":{"line":86,"column":36}},"loc":{"start":{"line":86,"column":62},"end":{"line":92,"column":7}},"line":86},"17":{"name":"(anonymous_17)","decl":{"start":{"line":87,"column":51},"end":{"line":87,"column":52}},"loc":{"start":{"line":87,"column":71},"end":{"line":89,"column":9}},"line":87},"18":{"name":"(anonymous_18)","decl":{"start":{"line":89,"column":17},"end":{"line":89,"column":18}},"loc":{"start":{"line":89,"column":34},"end":{"line":91,"column":9}},"line":89},"19":{"name":"update","decl":{"start":{"line":96,"column":20},"end":{"line":96,"column":26}},"loc":{"start":{"line":96,"column":48},"end":{"line":108,"column":5}},"line":96},"20":{"name":"(anonymous_20)","decl":{"start":{"line":101,"column":35},"end":{"line":101,"column":36}},"loc":{"start":{"line":101,"column":62},"end":{"line":107,"column":7}},"line":101},"21":{"name":"(anonymous_21)","decl":{"start":{"line":102,"column":78},"end":{"line":102,"column":79}},"loc":{"start":{"line":102,"column":98},"end":{"line":104,"column":9}},"line":102},"22":{"name":"(anonymous_22)","decl":{"start":{"line":104,"column":17},"end":{"line":104,"column":18}},"loc":{"start":{"line":104,"column":34},"end":{"line":106,"column":9}},"line":104},"23":{"name":"_delete","decl":{"start":{"line":111,"column":20},"end":{"line":111,"column":27}},"loc":{"start":{"line":111,"column":32},"end":{"line":120,"column":5}},"line":111},"24":{"name":"(anonymous_24)","decl":{"start":{"line":113,"column":35},"end":{"line":113,"column":36}},"loc":{"start":{"line":113,"column":62},"end":{"line":119,"column":7}},"line":113},"25":{"name":"(anonymous_25)","decl":{"start":{"line":114,"column":57},"end":{"line":114,"column":58}},"loc":{"start":{"line":114,"column":77},"end":{"line":116,"column":9}},"line":114},"26":{"name":"(anonymous_26)","decl":{"start":{"line":116,"column":17},"end":{"line":116,"column":18}},"loc":{"start":{"line":116,"column":34},"end":{"line":118,"column":9}},"line":116},"27":{"name":"upvote","decl":{"start":{"line":123,"column":20},"end":{"line":123,"column":26}},"loc":{"start":{"line":123,"column":39},"end":{"line":137,"column":5}},"line":123},"28":{"name":"(anonymous_28)","decl":{"start":{"line":124,"column":33},"end":{"line":124,"column":34}},"loc":{"start":{"line":124,"column":51},"end":{"line":126,"column":7}},"line":124},"29":{"name":"(anonymous_29)","decl":{"start":{"line":126,"column":14},"end":{"line":126,"column":15}},"loc":{"start":{"line":126,"column":32},"end":{"line":134,"column":7}},"line":126},"30":{"name":"(anonymous_30)","decl":{"start":{"line":127,"column":37},"end":{"line":127,"column":38}},"loc":{"start":{"line":127,"column":64},"end":{"line":133,"column":9}},"line":127},"31":{"name":"(anonymous_31)","decl":{"start":{"line":130,"column":62},"end":{"line":130,"column":63}},"loc":{"start":{"line":130,"column":82},"end":{"line":132,"column":11}},"line":130},"32":{
[...]
27,"column":85},"end":{"line":29,"column":5}},"line":27}},"branchMap":{"0":{"loc":{"start":{"line":15,"column":46},"end":{"line":15,"column":92}},"type":"cond-expr","locations":[{"start":{"line":15,"column":70},"end":{"line":15,"column":73}},{"start":{"line":15,"column":76},"end":{"line":15,"column":92}}],"line":15},"1":{"loc":{"start":{"line":15,"column":46},"end":{"line":15,"column":67}},"type":"binary-expr","locations":[{"start":{"line":15,"column":46},"end":{"line":15,"column":49}},{"start":{"line":15,"column":53},"end":{"line":15,"column":67}}],"line":15}},"s":{"0":1,"1":1,"2":1,"3":1,"4":1,"5":1,"6":3,"7":1,"8":1,"9":1,"10":1,"11":1,"12":1,"13":1,"14":1},"f":{"0":3,"1":1,"2":1,"3":1,"4":1,"5":1},"b":{"0":[1,2],"1":[3,3]},"_coverageSchema":"43e27e138ebf9cfc5966b082cf9a028302ed4184","hash":"6c9404d46f70ea1c0ef6380e529976029e7878fe","contentHash":"82dbb1a2470039f7efc74c0c3dab90ad"},"C:\\Users\\Favour Afolayan\\repositories\\github\\questioner\\src\\tests\\rsvp.spec.js":{"path":"C:\\Users\\Favour Afolayan\\repositories\\github\\questioner\\src\\tests\\rsvp.spec.js","statementMap":{"0":{"start":{"line":3,"column":14},"end":{"line":3,"column":31}},"1":{"start":{"line":5,"column":15},"end":{"line":5,"column":46}},"2":{"start":{"line":7,"column":17},"end":{"line":7,"column":37}},"3":{"start":{"line":9,"column":18},"end":{"line":9,"column":52}},"4":{"start":{"line":11,"column":11},"end":{"line":11,"column":34}},"5":{"start":{"line":13,"column":12},"end":{"line":13,"column":40}},"6":{"start":{"line":15,"column":11},"end":{"line":15,"column":25}},"7":{"start":{"line":17,"column":12},"end":{"line":17,"column":40}},"8":{"start":{"line":19,"column":39},"end":{"line":19,"column":93}},"9":{"start":{"line":21,"column":17},"end":{"line":21,"column":34}},"10":{"start":{"line":23,"column":0},"end":{"line":64,"column":3}},"11":{"start":{"line":24,"column":2},"end":{"line":29,"column":5}},"12":{"start":{"line":25,"column":4},"end":{"line":28,"column":7}},"13":{"start":{"line":26,"column":6},"end":{"line":26,"column":55}},"14":{"start":{"line":27,"column":6},"end":{"line":27,"column":70}},"15":{"start":{"line":31,"column":2},"end":{"line":38,"column":5}},"16":{"start":{"line":32,"column":4},"end":{"line":37,"column":7}},"17":{"start":{"line":33,"column":6},"end":{"line":33,"column":51}},"18":{"start":{"line":34,"column":6},"end":{"line":34,"column":55}},"19":{"start":{"line":36,"column":6},"end":{"line":36,"column":58}},"20":{"start":{"line":40,"column":2},"end":{"line":48,"column":5}},"21":{"start":{"line":41,"column":4},"end":{"line":47,"column":7}},"22":{"start":{"line":42,"column":6},"end":{"line":42,"column":59}},"23":{"start":{"line":43,"column":6},"end":{"line":43,"column":55}},"24":{"start":{"line":44,"column":6},"end":{"line":44,"column":71}},"25":{"start":{"line":46,"column":6},"end":{"line":46,"column":58}},"26":{"start":{"line":50,"column":2},"end":{"line":55,"column":5}},"27":{"start":{"line":51,"column":4},"end":{"line":54,"column":7}},"28":{"start":{"line":52,"column":6},"end":{"line":52,"column":121}},"29":{"start":{"line":53,"column":6},"end":{"line":53,"column":60}},"30":{"start":{"line":57,"column":2},"end":{"line":63,"column":5}},"31":{"start":{"line":58,"column":18},"end":{"line":58,"column":46}},"32":{"start":{"line":59,"column":4},"end":{"line":62,"column":7}},"33":{"start":{"line":60,"column":6},"end":{"line":60,"column":60}},"34":{"start":{"line":61,"column":6},"end":{"line":61,"column":69}}},"fnMap":{"0":{"name":"_interopRequireDefault","decl":{"start":{"line":19,"column":9},"end":{"line":19,"column":31}},"loc":{"start":{"line":19,"column":37},"end":{"line":19,"column":95}},"line":19},"1":{"name":"(anonymous_1)","decl":{"start":{"line":23,"column":17},"end":{"line":23,"column":18}},"loc":{"start":{"line":23,"column":29},"end":{"line":64,"column":1}},"line":23},"2":{"name":"(anonymous_2)","decl":{"start":{"line":24,"column":39},"end":{"line":24,"column":40}},"loc":{"start":{"line":24,"column":51},"end":{"line":29,"column":3}},"line":24},"3":{"name":"(anonymous_3)","decl":{"start":{"line":25,"column":78},"end":{"line":25,"column":79}},"loc":{"start":{"line":25,"column":98},"end":{"line":28,"column":5}},"line":25},"4":{"name":"(anonymous_4)","decl":{"start":{"line":31,"column":59},"end":{"line":31,"column":60}},"loc":{"start":{"line":31,"column":71},"end":{"line":38,"column":3}},"line":31},"5":{"name":"(anonymous_5)","decl":{"start":{"line":32,"column":82},"end":{"line":32,"column":83}},"loc":{"start":{"line":32,"column":102},"end":{"line":35,"column":5}},"line":32},"6":{"name":"(anonymous_6)","decl":{"start":{"line":35,"column":13},"end":{"line":35,"column":14}},"loc":{"start":{"line":35,"column":30},"end":{"line":37,"column":5}},"line":35},"7":{"name":"(anonymous_7)","decl":{"start":{"line":40,"column":57},"end":{"line":40,"column":58}},"loc":{"start":{"line":40,"column":69},"end":{"line":48,"column":3}},"line":40},"8":{"name":"(anonymous_8)","decl":{"start":{"line":41,"column":72},"end":{"line":41,"column":73}},"loc":{"start":{"line":41,"column":92},"end":{"line":45,"column":5}},"line":41},"9":{"name":"(anonymous_9)","decl":{"start":{"line":45,"column":13},"end":{"line":45,"column":14}},"loc":{"start":{"line":45,"column":30},"end":{"line":47,"column":5}},"line":45},"10":{"name":"(anonymous_10)","decl":{"start":{"line":50,"column":84},"end":{"line":50,"column":85}},"loc":{"start":{"line":50,"column":96},"end":{"line":55,"column":3}},"line":50},"11":{"name":"(anonymous_11)","decl":{"start":{"line":51,"column":79},"end":{"line":51,"column":80}},"loc":{"start":{"line":51,"column":99},"end":{"line":54,"column":5}},"line":51},"12":{"name":"(anonymous_12)","decl":{"start":{"line":57,"column":61},"end":{"line":57,"column":62}},"loc":{"start":{"line":57,"column":73},"end":{"line":63,"column":3}},"line":57},"13":{"name":"(anonymous_13)","decl":{"start":{"line":59,"column":93},"end":{"line":59,"column":94}},"loc":{"start":{"line":59,"column":113},"end":{"line":62,"column":5}},"line":59}},"branchMap":{"0":{"loc":{"start":{"line":19,"column":46},"end":{"line":19,"column":92}},"type":"cond-expr","locations":[{"start":{"line":19,"column":70},"end":{"line":19,"column":73}},{"start":{"line":19,"column":76},"end":{"line":19,"column":92}}],"line":19},"1":{"loc":{"start":{"line":19,"column":46},"end":{"line":19,"column":67}},"type":"binary-expr","locations":[{"start":{"line":19,"column":46},"end":{"line":19,"column":49}},{"start":{"line":19,"column":53},"end":{"line":19,"column":67}}],"line":19}},"s":{"0":1,"1":1,"2":1,"3":1,"4":1,"5":1,"6":1,"7":1,"8":4,"9":1,"10":1,"11":1,"12":1,"13":1,"14":1,"15":1,"16":1,"17":1,"18":0,"19":1,"20":1,"21":1,"22":1,"23":0,"24":0,"25":1,"26":1,"27":1,"28":1,"29":0,"30":1,"31":1,"32":1,"33":1,"34":0},"f":{"0":4,"1":1,"2":1,"3":1,"4":1,"5":1,"6":1,"7":1,"8":1,"9":1,"10":1,"11":1,"12":1,"13":1},"b":{"0":[1,3],"1":[4,4]},"_coverageSchema":"43e27e138ebf9cfc5966b082cf9a028302ed4184","hash":"1c024472175e7da20afe38bf031337073255d38b","contentHash":"f247f273aaaa77ab6cbd3042165e1191"},"C:\\Users\\Favour Afolayan\\repositories\\github\\questioner\\src\\tests\\user.spec.js":{"path":"C:\\Users\\Favour Afolayan\\repositories\\github\\questioner\\src\\tests\\user.spec.js","statementMap":{"0":{"start":{"line":3,"column":14},"end":{"line":3,"column":31}},"1":{"start":{"line":5,"column":15},"end":{"line":5,"column":46}},"2":{"start":{"line":7,"column":17},"end":{"line":7,"column":37}},"3":{"start":{"line":9,"column":18},"end":{"line":9,"column":52}},"4":{"start":{"line":11,"column":14},"end":{"line":11,"column":31}},"5":{"start":{"line":13,"column":15},"end":{"line":13,"column":46}},"6":{"start":{"line":15,"column":11},"end":{"line":15,"column":34}},"7":{"start":{"line":17,"column":12},"end":{"line":17,"column":40}},"8":{"start":{"line":19,"column":39},"end":{"line":19,"column":93}},"9":{"start":{"line":21,"column":15},"end":{"line":21,"column":35}},"10":{"start":{"line":22,"column":22},"end":{"line":22,"column":43}},"11":{"start":{"line":24,"column":0},"end":{"line":28,"column":3}},"12":{"start":{"line":25,"column":1},"end":{"line":27,"column":4}},"13":{"start":{"line":26,"column":2},"end":{"line":26,"column":75}},"14":{"start":{"line":30,"column":0},"end":{"line":38,"column":3}},"15":{"start":{"line":31,"column":1},"end":{"line":37,"column":4}},"16":{"start":{"line":32,"column":2},"end":{"line":36,"column":5}},"17":{"start":{"line":33,"column":3},"end":{"line":33,"column":29}},"18":{"start":{"line":33,"column":12},"end":{"line":33,"column":29}},"19":{"start":{"line":34,"column":3},"end":{"line":34,"column":40}},"20":{"start":{"line":35,"column":3},"end":{"line":35,"column":10}},"21":{"start":{"line":40,"column":0},"end":{"line":47,"column":3}},"22":{"start":{"line":41,"column":1},"end":{"line":46,"column":4}},"23":{"start":{"line":42,"column":2},"end":{"line":45,"column":5}},"24":{"start":{"line":43,"column":3},"end":{"line":43,"column":70}},"25":{"start":{"line":44,"column":3},"end":{"line":44,"column":10}},"26":{"start":{"line":49,"column":0},"end":{"line":56,"column":3}},"27":{"start":{"line":50,"column":1},"end":{"line":55,"column":4}},"28":{"start":{"line":51,"column":2},"end":{"line":53,"column":5}},"29":{"start":{"line":52,"column":3},"end":{"line":52,"column":52}},"30":{"start":{"line":54,"column":2},"end":{"line":54,"column":9}},"31":{"start":{"line":58,"column":0},"end":{"line":65,"column":3}},"32":{"start":{"line":59,"column":1},"end":{"line":64,"column":4}},"33":{"start":{"line":60,"column":2},"end":{"line":62,"column":5}},"34":{"start":{"line":61,"column":3},"end":{"line":61,"column":78}},"35":{"start":{"line":63,"column":2},"end":{"line":63,"column":9}},"36":{"start":{"line":67,"column":0},"end":{"line":81,"column":3}},"37":{"start":{"line":68,"column":1},"end":{"line":80,"column":4}},"38":{"start":{"line":69,"column":16},"end":{"line":75,"column":3}},"39":{"start":{"line":76,"column":2},"end":{"line":78,"column":5}},"40":{"start":{"line":77,"column":3},"end":{"line":77,"column":78}},"41":{"start":{"line":79,"column":2},"end":{"line":79,"column":9}},"42":{"start":{"line":83,"column":0},"end":{"line":97,"column":3}},"43":{"start":{"line":84,"column":1},"end":{"line":96,"column":4}},"44":{"start":{"line":85,"column":16},"end":{"line":91,"column":3}},"45":{"start":{"line":92,"column":2},"end":{"line":94,"column":5}},"46":{"start":{"line":93,"column":3},"end":{"line":93,"column":77}},"47":{"start":{"line":95,"column":2},"end":{"line":95,"column":9}},"48":{"start":{"line":99,"column":0},"end":{"line":114,"column":3}},"49":{"start":{"line":100,"column":1},"end":{"line":113,"column":4}},"50":{"start":{"line":101,"column":16},"end":{"line":108,"column":3}},"51":{"start":{"line":109,"column":2},"end":{"line":111,"column":5}},"52":{"start":{"line":110,"column":3},"end":{"line":110,"column":89}},"53":{"start":{"line":112,"column":2},"end":{"line":112,"column":9}},"54":{"start":{"line":116,"column":0},"end":{"line":131,"column":3}},"55":{"start":{"line":117,"column":1},"end":{"line":130,"column":4}},"56":{"start":{"line":118,"column":16},"end":{"line":125,"column":3}},"57":{"start":{"line":126,"column":2},"end":{"line":128,"column":5}},"58":{"start":{"line":127,"column":3},"end":{"line":127,"column":84}},"59":{"start":{"line":129,"column":2},"end":{"line":129,"column":9}},"60":{"start":{"line":133,"column":0},"end":{"line":148,"column":3}},"61":{"start":{"line":134,"column":1},"end":{"line":147,"column":4}},"62":{"start":{"line":135,"column":16},"end":{"line":142,"column":3}},"63":{"start":{"line":143,"column":2},"end":{"line":145,"column":5}},"64":{"start":{"line":144,"column":3},"end":{"line":144,"column":92}},"65":{"start":{"line":146,"column":2},"end":{"line":146,"column":9}},"66":{"start":{"line":150,"column":0},"end":{"line":167,"column":3}},"67":{"start":{"line":151,"column":1},"end":{"line":166,"column":4}},"68":{"start":{"line":152,"column":16},"end":{"line":159,"column":3}},"69":{"start":{"line":160,"column":2},"end":{"line":164,"column":5}},"70":{"start":{"line":161,"column":3},"end":{"line":161,"column":52}},"71":{"start":{"line":162,"column":3},"end":{"line":162,"column":78}},"72":{"start":{"line":163,"column":3},"end":{"line":163,"column":88}},"73":{"start":{"line":165,"column":2},"end":{"line":165,"column":9}}},"fnMap":{"0":{"name":"_interopRequireDefault","decl":{"start":{"line":19,"column":9},"end":{"line":19,"column":31}},"loc":{"start":{"line":19,"column":37},"end":{"line":19,"column":95}},"line":19},"1":{"name":"(anonymous_1)","decl":{"start":{"line":24,"column":36},"end":{"line":24,"column":37}},"loc":{"start":{"line":24,"column":48},"end":{"line":28,"column":1}},"line":24},"2":{"name":"(anonymous_2)","decl":{"start":{"line":25,"column":77},"end":{"line":25,"column":78}},"loc":{"start":{"line":25,"column":93},"end":{"line":27,"column":2}},"line":25},"3":{"name":"(anonymous_3)","decl":{"start":{"line":30,"column":36},"end":{"line":30,"column":37}},"loc":{"start":{"line":30,"column":48},"end":{"line":38,"column":1}},"line":30},"4":{"name":"(anonymous_4)","decl":{"start":{"line":31,"column":79},"end":{"line":31,"column":80}},"loc":{"start":{"line":31,"column":95},"end":{"line":37,"column":2}},"line":31},"5":{"name":"(anonymous_5)","decl":{"start":{"line":32,"column":117},"end":{"line":32,"column":118}},"loc":{"start":{"line":32,"column":137},"end":{"line":36,"column":3}},"line":32},"6":{"name":"(anonymous_6)","decl":{"start":{"line":40,"column":36},"end":{"line":40,"column":37}},"loc":{"start":{"line":40,"column":48},"end":{"line":47,"column":1}},"line":40},"7":{"name":"(anonymous_7)","decl":{"start":{"line":41,"column":79},"end":{"line":41,"column":80}},"loc":{"start":{"line":41,"column":95},"end":{"line":46,"column":2}},"line":41},"8":{"name":"(anonymous_8)","decl":{"start":{"line":42,"column":128},"end":{"line":42,"column":129}},"loc":{"start":{"line":42,"column":155},"end":{"line":45,"column":3}},"line":42},"9":{"name":"(anonymous_9)","decl":{"start":{"line":49,"column":36},"end":{"line":49,"column":37}},"loc":{"start":{"line":49,"column":48},"end":{"line":56,"column":1}},"line":49},"10":{"name":"(anonymous_10)","decl":{"start":{"line":50,"column":84},"end":{"line":50,"column":85}},"loc":{"start":{"line":50,"column":100},"end":{"line":55,"column":2}},"line":50},"11":{"name":"(anonymous_11)","decl":{"start":{"line":51,"column":128},"end":{"line":51,"column":129}},"loc":{"start":{"line":51,"column":155},"end":{"line":53,"column":3}},"line":51},"12":{"name":"(anonymous_12)","decl":{"start":{"line":58,"column":37},"end":{"line":58,"column":38}},"loc":{"start":{"line":58,"column":49},"end":{"line":65,"column":1}},"line":58},"13":{"name":"(anonymous_13)","decl":{"start":{"line":59,"column":69},"end":{"line":59,"column":70}},"loc":{"start":{"line":59,"column":85},"end":{"line":64,"column":2}},"line":59},"14":{"name":"(anonymous_14)","decl":{"start":{"line":60,"column":68},"end":{"line":60,"column":69}},"loc":{"start":{"line":60,"column":95},"end":{"line":62,"column":3}},"line":60},"15":{"name":"(anonymous_15)","decl":{"start":{"line":67,"column":37},"end":{"line":67,"column":38}},"loc":{"start":{"line":67,"column":49},"end":{"line":81,"column":1}},"line":67},"16":{"name":"(anonymous_16)","decl":{"start":{"line":68,"column":57},"end":{"line":68,"column":58}},"loc":{"start":{"line":68,"column":73},"end":{"line":80,"column":2}},"line":68},"17":{"name":"(anonymous_17)","decl":{"start":{"line":76,"column":82},"end":{"line":76,"column":83}},"loc":{"start":{"line":76,"column":109},"end":{"line":78,"column":3}},"line":76},"18":{"name":"(anonymous_18)","decl":{"start":{"line":83,"column":37},"end":{"line":83,"column":38}},"loc":{"start":{"line":83,"column":49},"end":{"line":97,"column":1}},"line":83},"19":{"name":"(anonymous_19)","decl":{"start":{"line":84,"column":56},"end":{"line":84,"column":57}},"loc":{"start":{"line":84,"column":72},"end":{"line":96,"column":2}},"line":84},"20":{"name":"(anonymous_20)","decl":{"start":{"line":92,"column":82},"end":{"line":92,"column":83}},"loc":{"start":{"line":92,"column":109},"end":{"line":94,"column":3}},"line":92},"21":{"name":"(anonymous_21)","decl":{"start":{"line":99,"column":37},"end":{"line":99,"column":38}},"loc":{"start":{"line":99,"column":49},"end":{"line":114,"column":1}},"line":99},"22":{"name":"(anonymous_22)","decl":{"start":{"line":100,"column":53},"end":{"line":100,"column":54}},"loc":{"start":{"line":100,"column":69},"end":{"line":113,"column":2}},"line":100},"23":{"name":"(anonymous_23)","decl":{"start":{"line":109,"column":82},"end":{"line":109,"column":83}},"loc":{"start":{"line":109,"column":109},"end":{"line":111,"column":3}},"line":109},"24":{"name":"(anonymous_24)","decl":{"start":{"line":116,"column":37},"end":{"line":116,"column":38}},"loc":{"start":{"line":116,"column":49},"end":{"line":131,"column":1}},"line":116},"25":{"name":"(anonymous_25)","decl":{"start":{"line":117,"column":60},"end":{"line":117,"column":61}},"loc":{"start":{"line":117,"column":76},"end":{"line":130,"column":2}},"line":117},"26":{"name":"(anonymous_26)","decl":{"start":{"line":126,"column":82},"end":{"line":126,"column":83}},"loc":{"start":{"line":126,"column":109},"end":{"line":128,"column":3}},"line":126},"27":{"name":"(anonymous_27)","decl":{"start":{"line":133,"column":37},"end":{"line":133,"column":38}},"loc":{"start":{"line":133,"column":49},"end":{"line":148,"column":1}},"line":133},"28":{"name":"(anonymous_28)","decl":{"start":{"line":134,"column":58},"end":{"line":134,"column":59}},"loc":{"start":{"line":134,"column":74},"end":{"line":147,"column":2}},"line":134},"29":{"name":"(anonymous_29)","decl":{"start":{"line":143,"column":82},"end":{"line":143,"column":83}},"loc":{"start":{"line":143,"column":109},"end":{"line":145,"column":3}},"line":143},"30":{"name":"(anonymous_30)","decl":{"start":{"line":150,"column":37},"end":{"line":150,"column":38}},"loc":{"start":{"line":150,"column":49},"end":{"line":167,"column":1}},"line":150},"31":{"name":"(anonymous_31)","decl":{"start":{"line":151,"column":65},"end":{"line":151,"column":66}},"loc":{"start":{"line":151,"column":81},"end":{"line":166,"column":2}},"line":151},"32":{"name":"(anonymous_32)","decl":{"start":{"line":160,"column":82},"end":{"line":160,"column":83}},"loc":{"start":{"line":160,"column":109},"end":{"line":164,"column":3}},"line":160}},"branchMap":{"0":{"loc":{"start":{"line":19,"column":46},"end":{"line":19,"column":92}},"type":"cond-expr","locations":[{"start":{"line":19,"column":70},"end":{"line":19,"column":73}},{"start":{"line":19,"column":76},"end":{"line":19,"column":92}}],"line":19},"1":{"loc":{"start":{"line":19,"column":46},"end":{"line":19,"column":67}},"type":"binary-expr","locations":[{"start":{"line":19,"column":46},"end":{"line":19,"column":49}},{"start":{"line":19,"column":53},"end":{"line":19,"column":67}}],"line":19},"2":{"loc":{"start":{"line":33,"column":3},"end":{"line":33,"column":29}},"type":"if","locations":[{"start":{"line":33,"column":3},"end":{"line":33,"column":29}},{"start":{"line":33,"column":3},"end":{"line":33,"column":29}}],"line":33}},"s":{"0":1,"1":1,"2":1,"3":1,"4":1,"5":1,"6":1,"7":1,"8":4,"9":1,"10":1,"11":1,"12":1,"13":1,"14":1,"15":1,"16":1,"17":1,"18":0,"19":1,"20":1,"21":1,"22":1,"23":1,"24":1,"25":1,"26":1,"27":1,"28":1,"29":1,"30":1,"31":1,"32":1,"33":1,"34":0,"35":1,"36":1,"37":1,"38":0,"39":0,"40":0,"41":0,"42":1,"43":1,"44":0,"45":0,"46":0,"47":0,"48":1,"49":1,"50":0,"51":0,"52":0,"53":0,"54":1,"55":1,"56":0,"57":0,"58":0,"59":0,"60":1,"61":1,"62":0,"63":0,"64":0,"65":0,"66":1,"67":1,"68":0,"69":0,"70":0,"71":0,"72":0,"73":0},"f":{"0":4,"1":1,"2":1,"3":1,"4":1,"5":1,"6":1,"7":1,"8":1,"9":1,"10":1,"11":1,"12":1,"13":1,"14":0,"15":1,"16":0,"17":0,"18":1,"19":0,"20":0,"21":1,"22":0,"23":0,"24":1,"25":0,"26":0,"27":1,"28":0,"29":0,"30":1,"31":0,"32":0},"b":{"0":[1,3],"1":[4,4],"2":[0,1]},"_coverageSchema":"43e27e138ebf9cfc5966b082cf9a028302ed4184","hash":"47426f12896b9f2e18158a685d304bcccd1b4e9e","contentHash":"8c642ff6af0bbd25c6cbdc36ede1507b"}}